Using pre-set license
Built from '2020.3/staging' branch; Version is '2020.3.10f1 (297d780c91bc) revision 2719096'; Using compiler version '192528614'; Build Type 'Release'
OS: 'Windows 10 Home Single Language; OS build 19042.1348; Version 2009; 64bit' Language: 'tr' Physical Memory: 16220 MB
BatchMode: 1, IsHumanControllingUs: 0, StartBugReporterOnCrash: 0, Is64bit: 1, IsPro: 0

 COMMAND LINE ARGUMENTS:
C:\Program Files\Unity\Hub\Editor\2020.3.10f1\Editor\Unity.exe
-adb2
-batchMode
-noUpm
-name
AssetImportWorker0
-projectPath
C:/Users/emrul/OneDrive/Masaüstü/Oyunlar/FPS
-logFile
Logs/AssetImportWorker0.log
-srvPort
59535
Successfully changed project path to: C:/Users/emrul/OneDrive/Masaüstü/Oyunlar/FPS
C:/Users/emrul/OneDrive/Masaüstü/Oyunlar/FPS
Using Asset Import Pipeline V2.
Refreshing native plugins compatible for Editor in 29.98 ms, found 2 plugins.
Preloading 0 native plugins for Editor in 0.00 ms.
Initialize engine version: 2020.3.10f1 (297d780c91bc)
[Subsystems] Discovering subsystems at path C:/Program Files/Unity/Hub/Editor/2020.3.10f1/Editor/Data/Resources/UnitySubsystems
[Subsystems] Discovering subsystems at path C:/Users/emrul/OneDrive/Masaüstü/Oyunlar/FPS/Assets
GfxDevice: creating device client; threaded=0
Direct3D:
    Version:  Direct3D 11.0 [level 11.1]
    Renderer: NVIDIA GeForce RTX 2060 (ID=0x1f15)
    Vendor:   
    VRAM:     5980 MB
    Driver:   27.21.14.5167
Shader 'WFX/Transparent Specular': fallback shader 'Particles/Alpha Blended' not found
Shader 'WFX/Transparent Diffuse': fallback shader 'Particles/Alpha Blended' not found
Initialize mono
Mono path[0] = 'C:/Program Files/Unity/Hub/Editor/2020.3.10f1/Editor/Data/Managed'
Mono path[1] = 'C:/Program Files/Unity/Hub/Editor/2020.3.10f1/Editor/Data/MonoBleedingEdge/lib/mono/unityjit'
Mono config path = 'C:/Program Files/Unity/Hub/Editor/2020.3.10f1/Editor/Data/MonoBleedingEdge/etc'
Using monoOptions --debugger-agent=transport=dt_socket,embedding=1,server=y,suspend=n,address=127.0.0.1:56252
Begin MonoManager ReloadAssembly
Registering precompiled unity dll's ...
Register platform support module: C:/Program Files/Unity/Hub/Editor/2020.3.10f1/Editor/Data/PlaybackEngines/WebGLSupport/UnityEditor.WebGL.Extensions.dll
Register platform support module: C:/Program Files/Unity/Hub/Editor/2020.3.10f1/Editor/Data/PlaybackEngines/WindowsStandaloneSupport/UnityEditor.WindowsStandalone.Extensions.dll
Register platform support module: C:/Program Files/Unity/Hub/Editor/2020.3.10f1/Editor/Data/PlaybackEngines/LuminSupport/UnityEditor.Lumin.Extensions.dll
Registered in 0.002116 seconds.
Native extension for Lumin target not found
Native extension for WindowsStandalone target not found
Native extension for WebGL target not found
Refreshing native plugins compatible for Editor in 27.17 ms, found 2 plugins.
Preloading 0 native plugins for Editor in 0.00 ms.
Mono: successfully reloaded assembly
- Completed reload, in  1.933 seconds
Platform modules already initialized, skipping
Registering precompiled user dll's ...
Registered in 0.003639 seconds.
Begin MonoManager ReloadAssembly
Native extension for Lumin target not found
Native extension for WindowsStandalone target not found
Native extension for WebGL target not found
Refreshing native plugins compatible for Editor in 0.32 ms, found 2 plugins.
Preloading 0 native plugins for Editor in 0.00 ms.
Mono: successfully reloaded assembly
- Completed reload, in  0.863 seconds
Platform modules already initialized, skipping
========================================================================
Worker process is ready to serve import requests
Shader 'WFX/Transparent Diffuse': fallback shader 'Particles/Alpha Blended' not found
Shader 'WFX/Transparent Specular': fallback shader 'Particles/Alpha Blended' not found
Launched and connected shader compiler UnityShaderCompiler.exe after 0.03 seconds
Refreshing native plugins compatible for Editor in 0.31 ms, found 2 plugins.
Preloading 0 native plugins for Editor in 0.00 ms.
Unloading 1443 Unused Serialized files (Serialized files now loaded: 0)
System memory in use before: 72.0 MB.
System memory in use after: 72.0 MB.

Unloading 21 unused Assets to reduce memory usage. Loaded Objects now: 1882.
Total: 1.597100 ms (FindLiveObjects: 0.130000 ms CreateObjectMapping: 0.040700 ms MarkObjects: 1.325800 ms  DeleteObjects: 0.099700 ms)

========================================================================
Received Import Request.
  path: Assets/Scripts/PlayerController.cs
  artifactKey: Guid(0a9fa491c54a2654bb5af556d2d8032b) Importer(815301076,1909f56bfc062723c751e8b465ee728b)
Start importing Assets/Scripts/PlayerController.cs using Guid(0a9fa491c54a2654bb5af556d2d8032b) Importer(815301076,1909f56bfc062723c751e8b465ee728b)  -> (artifact id: 'e9d076cae96681ba3d7ebb16e347af64') in 0.020936 seconds
  Import took 0.022764 seconds .

========================================================================
Received Import Request.
  Time since last request: 20.590441 seconds.
  path: Assets/Scripts/PlayerController.cs
  artifactKey: Guid(0a9fa491c54a2654bb5af556d2d8032b) Importer(815301076,1909f56bfc062723c751e8b465ee728b)
Start importing Assets/Scripts/PlayerController.cs using Guid(0a9fa491c54a2654bb5af556d2d8032b) Importer(815301076,1909f56bfc062723c751e8b465ee728b)  -> (artifact id: 'a0de7ed2c81bf9c7e5de5fa452aa84d7') in 0.003636 seconds
  Import took 0.005790 seconds .

========================================================================
Received Prepare
Registering precompiled user dll's ...
Registered in 0.003323 seconds.
Begin MonoManager ReloadAssembly
Native extension for Lumin target not found
Native extension for WindowsStandalone target not found
Native extension for WebGL target not found
Refreshing native plugins compatible for Editor in 0.31 ms, found 2 plugins.
Preloading 0 native plugins for Editor in 0.00 ms.
Mono: successfully reloaded assembly
- Completed reload, in  0.807 seconds
Platform modules already initialized, skipping
Shader 'WFX/Transparent Diffuse': fallback shader 'Particles/Alpha Blended' not found
Shader 'WFX/Transparent Specular': fallback shader 'Particles/Alpha Blended' not found
Refreshing native plugins compatible for Editor in 0.32 ms, found 2 plugins.
Preloading 0 native plugins for Editor in 0.00 ms.
Unloading 1413 Unused Serialized files (Serialized files now loaded: 0)
System memory in use before: 69.4 MB.
System memory in use after: 69.5 MB.

Unloading 16 unused Assets to reduce memory usage. Loaded Objects now: 1885.
Total: 1.477700 ms (FindLiveObjects: 0.125400 ms CreateObjectMapping: 0.041100 ms MarkObjects: 1.264000 ms  DeleteObjects: 0.046600 ms)

========================================================================
Received Prepare
Registering precompiled user dll's ...
Registered in 0.003628 seconds.
Begin MonoManager ReloadAssembly
Native extension for Lumin target not found
Native extension for WindowsStandalone target not found
Native extension for WebGL target not found
Refreshing native plugins compatible for Editor in 0.31 ms, found 2 plugins.
Preloading 0 native plugins for Editor in 0.00 ms.
Mono: successfully reloaded assembly
- Completed reload, in  0.804 seconds
Platform modules already initialized, skipping
Shader 'WFX/Transparent Diffuse': fallback shader 'Particles/Alpha Blended' not found
Shader 'WFX/Transparent Specular': fallback shader 'Particles/Alpha Blended' not found
Refreshing native plugins compatible for Editor in 0.33 ms, found 2 plugins.
Preloading 0 native plugins for Editor in 0.00 ms.
Unloading 1413 Unused Serialized files (Serialized files now loaded: 0)
System memory in use before: 69.4 MB.
System memory in use after: 69.5 MB.

Unloading 16 unused Assets to reduce memory usage. Loaded Objects now: 1888.
Total: 1.669100 ms (FindLiveObjects: 0.147700 ms CreateObjectMapping: 0.047900 ms MarkObjects: 1.421900 ms  DeleteObjects: 0.050800 ms)

========================================================================
Received Prepare
Registering precompiled user dll's ...
Registered in 0.003406 seconds.
Begin MonoManager ReloadAssembly
Native extension for Lumin target not found
Native extension for WindowsStandalone target not found
Native extension for WebGL target not found
Refreshing native plugins compatible for Editor in 0.40 ms, found 2 plugins.
Preloading 0 native plugins for Editor in 0.00 ms.
Mono: successfully reloaded assembly
- Completed reload, in  0.796 seconds
Platform modules already initialized, skipping
Shader 'WFX/Transparent Diffuse': fallback shader 'Particles/Alpha Blended' not found
Shader 'WFX/Transparent Specular': fallback shader 'Particles/Alpha Blended' not found
Refreshing native plugins compatible for Editor in 0.32 ms, found 2 plugins.
Preloading 0 native plugins for Editor in 0.00 ms.
Unloading 1413 Unused Serialized files (Serialized files now loaded: 0)
System memory in use before: 69.4 MB.
System memory in use after: 69.5 MB.

Unloading 16 unused Assets to reduce memory usage. Loaded Objects now: 1891.
Total: 1.472300 ms (FindLiveObjects: 0.120800 ms CreateObjectMapping: 0.040700 ms MarkObjects: 1.264000 ms  DeleteObjects: 0.046100 ms)

========================================================================
Received Prepare
Registering precompiled user dll's ...
Registered in 0.003317 seconds.
Begin MonoManager ReloadAssembly
Native extension for Lumin target not found
Native extension for WindowsStandalone target not found
Native extension for WebGL target not found
Refreshing native plugins compatible for Editor in 0.31 ms, found 2 plugins.
Preloading 0 native plugins for Editor in 0.00 ms.
Mono: successfully reloaded assembly
- Completed reload, in  0.798 seconds
Platform modules already initialized, skipping
Shader 'WFX/Transparent Diffuse': fallback shader 'Particles/Alpha Blended' not found
Shader 'WFX/Transparent Specular': fallback shader 'Particles/Alpha Blended' not found
Refreshing native plugins compatible for Editor in 0.32 ms, found 2 plugins.
Preloading 0 native plugins for Editor in 0.00 ms.
Unloading 1413 Unused Serialized files (Serialized files now loaded: 0)
System memory in use before: 69.4 MB.
System memory in use after: 69.5 MB.

Unloading 16 unused Assets to reduce memory usage. Loaded Objects now: 1894.
Total: 1.479300 ms (FindLiveObjects: 0.120700 ms CreateObjectMapping: 0.040000 ms MarkObjects: 1.268500 ms  DeleteObjects: 0.049300 ms)

========================================================================
Received Prepare
Registering precompiled user dll's ...
Registered in 0.003334 seconds.
Begin MonoManager ReloadAssembly
Native extension for Lumin target not found
Native extension for WindowsStandalone target not found
Native extension for WebGL target not found
Refreshing native plugins compatible for Editor in 0.30 ms, found 2 plugins.
Preloading 0 native plugins for Editor in 0.00 ms.
Mono: successfully reloaded assembly
- Completed reload, in  0.742 seconds
Platform modules already initialized, skipping
Shader 'WFX/Transparent Diffuse': fallback shader 'Particles/Alpha Blended' not found
Shader 'WFX/Transparent Specular': fallback shader 'Particles/Alpha Blended' not found
Refreshing native plugins compatible for Editor in 0.32 ms, found 2 plugins.
Preloading 0 native plugins for Editor in 0.00 ms.
Unloading 1413 Unused Serialized files (Serialized files now loaded: 0)
System memory in use before: 69.5 MB.
System memory in use after: 69.5 MB.

Unloading 16 unused Assets to reduce memory usage. Loaded Objects now: 1897.
Total: 1.477400 ms (FindLiveObjects: 0.119300 ms CreateObjectMapping: 0.038400 ms MarkObjects: 1.276700 ms  DeleteObjects: 0.042200 ms)

========================================================================
Received Prepare
Registering precompiled user dll's ...
Registered in 0.003305 seconds.
Begin MonoManager ReloadAssembly
Native extension for Lumin target not found
Native extension for WindowsStandalone target not found
Native extension for WebGL target not found
Refreshing native plugins compatible for Editor in 0.31 ms, found 2 plugins.
Preloading 0 native plugins for Editor in 0.00 ms.
Mono: successfully reloaded assembly
- Completed reload, in  0.789 seconds
Platform modules already initialized, skipping
Shader 'WFX/Transparent Diffuse': fallback shader 'Particles/Alpha Blended' not found
Shader 'WFX/Transparent Specular': fallback shader 'Particles/Alpha Blended' not found
Refreshing native plugins compatible for Editor in 0.33 ms, found 2 plugins.
Preloading 0 native plugins for Editor in 0.00 ms.
Unloading 1413 Unused Serialized files (Serialized files now loaded: 0)
System memory in use before: 69.5 MB.
System memory in use after: 69.5 MB.

Unloading 16 unused Assets to reduce memory usage. Loaded Objects now: 1900.
Total: 1.451000 ms (FindLiveObjects: 0.120400 ms CreateObjectMapping: 0.040800 ms MarkObjects: 1.246800 ms  DeleteObjects: 0.042500 ms)

========================================================================
Received Prepare
Registering precompiled user dll's ...
Registered in 0.003480 seconds.
Begin MonoManager ReloadAssembly
Native extension for Lumin target not found
Native extension for WindowsStandalone target not found
Native extension for WebGL target not found
Refreshing native plugins compatible for Editor in 0.29 ms, found 2 plugins.
Preloading 0 native plugins for Editor in 0.00 ms.
Mono: successfully reloaded assembly
- Completed reload, in  0.800 seconds
Platform modules already initialized, skipping
Shader 'WFX/Transparent Diffuse': fallback shader 'Particles/Alpha Blended' not found
Shader 'WFX/Transparent Specular': fallback shader 'Particles/Alpha Blended' not found
Refreshing native plugins compatible for Editor in 0.32 ms, found 2 plugins.
Preloading 0 native plugins for Editor in 0.00 ms.
Unloading 1413 Unused Serialized files (Serialized files now loaded: 0)
System memory in use before: 69.5 MB.
System memory in use after: 69.5 MB.

Unloading 16 unused Assets to reduce memory usage. Loaded Objects now: 1903.
Total: 1.456700 ms (FindLiveObjects: 0.117500 ms CreateObjectMapping: 0.040100 ms MarkObjects: 1.257000 ms  DeleteObjects: 0.041500 ms)

========================================================================
Received Prepare
Registering precompiled user dll's ...
Registered in 0.003812 seconds.
Begin MonoManager ReloadAssembly
Native extension for Lumin target not found
Native extension for WindowsStandalone target not found
Native extension for WebGL target not found
Refreshing native plugins compatible for Editor in 0.32 ms, found 2 plugins.
Preloading 0 native plugins for Editor in 0.00 ms.
Mono: successfully reloaded assembly
- Completed reload, in  0.775 seconds
Platform modules already initialized, skipping
Shader 'WFX/Transparent Diffuse': fallback shader 'Particles/Alpha Blended' not found
Shader 'WFX/Transparent Specular': fallback shader 'Particles/Alpha Blended' not found
Refreshing native plugins compatible for Editor in 0.36 ms, found 2 plugins.
Preloading 0 native plugins for Editor in 0.00 ms.
Unloading 1413 Unused Serialized files (Serialized files now loaded: 0)
System memory in use before: 69.5 MB.
System memory in use after: 69.5 MB.

Unloading 16 unused Assets to reduce memory usage. Loaded Objects now: 1906.
Total: 1.475800 ms (FindLiveObjects: 0.127800 ms CreateObjectMapping: 0.041600 ms MarkObjects: 1.261600 ms  DeleteObjects: 0.044100 ms)

========================================================================
Received Prepare
Shader 'WFX/Transparent Diffuse': fallback shader 'Particles/Alpha Blended' not found
Shader 'WFX/Transparent Specular': fallback shader 'Particles/Alpha Blended' not found
Refreshing native plugins compatible for Editor in 2.61 ms, found 2 plugins.
Preloading 0 native plugins for Editor in 0.00 ms.
Unloading 14 Unused Serialized files (Serialized files now loaded: 0)
System memory in use before: 41.8 MB.
System memory in use after: 41.9 MB.

Unloading 14 unused Assets to reduce memory usage. Loaded Objects now: 1906.
Total: 1.510500 ms (FindLiveObjects: 0.138900 ms CreateObjectMapping: 0.038400 ms MarkObjects: 1.292700 ms  DeleteObjects: 0.040000 ms)

========================================================================
Received Prepare
Shader 'WFX/Transparent Diffuse': fallback shader 'Particles/Alpha Blended' not found
Shader 'WFX/Transparent Specular': fallback shader 'Particles/Alpha Blended' not found
Refreshing native plugins compatible for Editor in 2.51 ms, found 2 plugins.
Preloading 0 native plugins for Editor in 0.00 ms.
Unloading 14 Unused Serialized files (Serialized files now loaded: 0)
System memory in use before: 41.8 MB.
System memory in use after: 41.9 MB.

Unloading 14 unused Assets to reduce memory usage. Loaded Objects now: 1906.
Total: 1.493000 ms (FindLiveObjects: 0.121700 ms CreateObjectMapping: 0.039200 ms MarkObjects: 1.291500 ms  DeleteObjects: 0.039900 ms)

========================================================================
Received Prepare
Shader 'WFX/Transparent Diffuse': fallback shader 'Particles/Alpha Blended' not found
Shader 'WFX/Transparent Specular': fallback shader 'Particles/Alpha Blended' not found
Refreshing native plugins compatible for Editor in 2.83 ms, found 2 plugins.
Preloading 0 native plugins for Editor in 0.00 ms.
Unloading 14 Unused Serialized files (Serialized files now loaded: 0)
System memory in use before: 41.8 MB.
System memory in use after: 41.9 MB.

Unloading 14 unused Assets to reduce memory usage. Loaded Objects now: 1906.
Total: 1.608100 ms (FindLiveObjects: 0.135000 ms CreateObjectMapping: 0.043000 ms MarkObjects: 1.383800 ms  DeleteObjects: 0.045500 ms)

========================================================================
Received Import Request.
  Time since last request: 2898.037413 seconds.
  path: Assets/Effect
  artifactKey: Guid(2ff248279cebad34b830587f299fd89d) Importer(815301076,1909f56bfc062723c751e8b465ee728b)
Start importing Assets/Effect using Guid(2ff248279cebad34b830587f299fd89d) Importer(815301076,1909f56bfc062723c751e8b465ee728b)  -> (artifact id: 'f1bc2d52d79067839bc98a103a8e2cc2') in 0.010376 seconds
  Import took 0.013088 seconds .

========================================================================
Received Import Request.
  Time since last request: 2.559490 seconds.
  path: Assets/Effect/WFX_Explosion Scale.prefab
  artifactKey: Guid(78225b4932c7f5c46963df82f4583e2c) Importer(815301076,1909f56bfc062723c751e8b465ee728b)
Start importing Assets/Effect/WFX_Explosion Scale.prefab using Guid(78225b4932c7f5c46963df82f4583e2c) Importer(815301076,1909f56bfc062723c751e8b465ee728b)  -> (artifact id: 'fb14711294a22122550a6165887cfb32') in 0.039665 seconds
  Import took 0.042294 seconds .

========================================================================
Received Import Request.
  Time since last request: 0.000265 seconds.
  path: Assets/Effect/WFXMR_BImpact SoftBody + Hole.prefab
  artifactKey: Guid(ba261927bb2ae4244b20b0eb77a96415) Importer(815301076,1909f56bfc062723c751e8b465ee728b)
Start importing Assets/Effect/WFXMR_BImpact SoftBody + Hole.prefab using Guid(ba261927bb2ae4244b20b0eb77a96415) Importer(815301076,1909f56bfc062723c751e8b465ee728b)  -> (artifact id: '3fc359ea7f8601142389ff0f595336d8') in 0.092719 seconds
  Import took 0.095078 seconds .

========================================================================
Received Import Request.
  Time since last request: 0.000155 seconds.
  path: Assets/Effect/WFXMR_ExplosiveSmokeGround Big.prefab
  artifactKey: Guid(fafeb973cad62304ba2abdc5dfafbf8f) Importer(815301076,1909f56bfc062723c751e8b465ee728b)
Start importing Assets/Effect/WFXMR_ExplosiveSmokeGround Big.prefab using Guid(fafeb973cad62304ba2abdc5dfafbf8f) Importer(815301076,1909f56bfc062723c751e8b465ee728b)  -> (artifact id: '965e0c9ce6edac435a2f0ff7837e3202') in 0.007981 seconds
  Import took 0.010696 seconds .

========================================================================
Received Import Request.
  Time since last request: 0.000148 seconds.
  path: Assets/Effect/WFXMR_MF FPS RIFLE1.prefab
  artifactKey: Guid(234e5aa95353f0643b0181dc3872cda9) Importer(815301076,1909f56bfc062723c751e8b465ee728b)
Start importing Assets/Effect/WFXMR_MF FPS RIFLE1.prefab using Guid(234e5aa95353f0643b0181dc3872cda9) Importer(815301076,1909f56bfc062723c751e8b465ee728b)  -> (artifact id: '762939e5b216c7c456be1b9867995c30') in 0.009771 seconds
  Import took 0.012418 seconds .

========================================================================
Received Import Request.
  Time since last request: 0.000128 seconds.
  path: Assets/Effect/WFXMR_MF FPS RIFLE3.prefab
  artifactKey: Guid(eb8c772b30f37864d80bd845f739aa6c) Importer(815301076,1909f56bfc062723c751e8b465ee728b)
Start importing Assets/Effect/WFXMR_MF FPS RIFLE3.prefab using Guid(eb8c772b30f37864d80bd845f739aa6c) Importer(815301076,1909f56bfc062723c751e8b465ee728b)  -> (artifact id: '68d576974a4bfaf7ba99ac60545bb54b') in 0.009964 seconds
  Import took 0.012511 seconds .

========================================================================
Received Import Request.
  Time since last request: 0.000149 seconds.
  path: Assets/Effect/WFX_ExplosiveSmoke Big Alt.prefab
  artifactKey: Guid(e0609132424a24844b1d53ad3d704fd9) Importer(815301076,1909f56bfc062723c751e8b465ee728b)
Start importing Assets/Effect/WFX_ExplosiveSmoke Big Alt.prefab using Guid(e0609132424a24844b1d53ad3d704fd9) Importer(815301076,1909f56bfc062723c751e8b465ee728b)  -> (artifact id: '95b7c1e370a6ff907f0614f642f87b57') in 0.009196 seconds
  Import took 0.012566 seconds .

========================================================================
Received Import Request.
  Time since last request: 0.000246 seconds.
  path: Assets/Effect/WFXMR_MF FPS RIFLE2.prefab
  artifactKey: Guid(cdf14baff693fbc439f8c859529a63a6) Importer(815301076,1909f56bfc062723c751e8b465ee728b)
Start importing Assets/Effect/WFXMR_MF FPS RIFLE2.prefab using Guid(cdf14baff693fbc439f8c859529a63a6) Importer(815301076,1909f56bfc062723c751e8b465ee728b)  -> (artifact id: 'ca0ca8e958eba328f5e51c3195d8377a') in 0.009110 seconds
  Import took 0.012161 seconds .

========================================================================
Received Import Request.
  Time since last request: 305.756160 seconds.
  path: Assets/Scripts
  artifactKey: Guid(006cb35cd7f6ce146afa21d521a1a5e4) Importer(815301076,1909f56bfc062723c751e8b465ee728b)
Start importing Assets/Scripts using Guid(006cb35cd7f6ce146afa21d521a1a5e4) Importer(815301076,1909f56bfc062723c751e8b465ee728b)  -> (artifact id: 'db6626e8bf9577ac02d0278048863bfe') in 0.008630 seconds
  Import took 0.010963 seconds .

========================================================================
Received Import Request.
  Time since last request: 2.309264 seconds.
  path: Assets/Sprite
  artifactKey: Guid(291abda70479ba94b869555dc4703827) Importer(815301076,1909f56bfc062723c751e8b465ee728b)
Start importing Assets/Sprite using Guid(291abda70479ba94b869555dc4703827) Importer(815301076,1909f56bfc062723c751e8b465ee728b)  -> (artifact id: 'ddeefa83371fec7153b43010e86d06f6') in 0.006956 seconds
  Import took 0.008971 seconds .

========================================================================
Received Import Request.
  Time since last request: 0.060631 seconds.
  path: Assets/Sprite/bomb.png
  artifactKey: Guid(2c714e7ca69e5d44398f28ed72f07b60) Importer(815301076,1909f56bfc062723c751e8b465ee728b)
Start importing Assets/Sprite/bomb.png using Guid(2c714e7ca69e5d44398f28ed72f07b60) Importer(815301076,1909f56bfc062723c751e8b465ee728b)  -> (artifact id: '06f56b6eb0248cef237802252b06cc5a') in 0.049634 seconds
  Import took 0.051619 seconds .

========================================================================
Received Import Request.
  Time since last request: 0.000158 seconds.
  path: Assets/Sprite/green.png
  artifactKey: Guid(7a591fa4d5d488343b22998abedc80e5) Importer(815301076,1909f56bfc062723c751e8b465ee728b)
Start importing Assets/Sprite/green.png using Guid(7a591fa4d5d488343b22998abedc80e5) Importer(815301076,1909f56bfc062723c751e8b465ee728b)  -> (artifact id: '3a2d9038bd37c65ca6d6be67ba084c6b') in 0.025798 seconds
  Import took 0.027922 seconds .

========================================================================
Received Import Request.
  Time since last request: 0.000192 seconds.
  path: Assets/Sprite/red.png
  artifactKey: Guid(1eacfc77ad0878243b47ece8c893359c) Importer(815301076,1909f56bfc062723c751e8b465ee728b)
Start importing Assets/Sprite/red.png using Guid(1eacfc77ad0878243b47ece8c893359c) Importer(815301076,1909f56bfc062723c751e8b465ee728b)  -> (artifact id: '7f02803d831ab94cbb61f6f5ffe98775') in 0.015686 seconds
  Import took 0.017958 seconds .

========================================================================
Received Import Request.
  Time since last request: 0.000131 seconds.
  path: Assets/Sprite/pngwing.com.png
  artifactKey: Guid(74162e169020e5244a88e7e2215b5e29) Importer(815301076,1909f56bfc062723c751e8b465ee728b)
Start importing Assets/Sprite/pngwing.com.png using Guid(74162e169020e5244a88e7e2215b5e29) Importer(815301076,1909f56bfc062723c751e8b465ee728b)  -> (artifact id: '50ee2d9c8213c202e84921945d5bca93') in 0.014345 seconds
  Import took 0.017122 seconds .

========================================================================
Received Import Request.
  Time since last request: 0.000166 seconds.
  path: Assets/Sprite/sadsa.png
  artifactKey: Guid(02decc32bfae73f4d9155ef20999b388) Importer(815301076,1909f56bfc062723c751e8b465ee728b)
Start importing Assets/Sprite/sadsa.png using Guid(02decc32bfae73f4d9155ef20999b388) Importer(815301076,1909f56bfc062723c751e8b465ee728b)  -> (artifact id: '13552c4c3fd5838fd2bcdac597a00f29') in 0.011467 seconds
  Import took 0.013885 seconds .

========================================================================
Received Import Request.
  Time since last request: 0.000168 seconds.
  path: Assets/Sprite/kisspng-green-area-pattern-green-tick-png-file-5aa1fca44815e7.0555979215205654122953.png
  artifactKey: Guid(995b96c630d9d324ea28bc1afadfb87e) Importer(815301076,1909f56bfc062723c751e8b465ee728b)
Start importing Assets/Sprite/kisspng-green-area-pattern-green-tick-png-file-5aa1fca44815e7.0555979215205654122953.png using Guid(995b96c630d9d324ea28bc1afadfb87e) Importer(815301076,1909f56bfc062723c751e8b465ee728b)  -> (artifact id: 'f856764d59376a3f28206579f89669f0') in 0.012455 seconds
  Import took 0.014589 seconds .

AssetImportWorkerClient::OnTransportError - code=2 error=End of file
