Using pre-set license
Built from '2020.2/release' branch; Version is '2020.2.1f1 (270dd8c3da1c) revision 2559448'; Using compiler version '192528614'; Build Type 'Release'
OS: 'Windows 10  (10.0.0) 64bit' Language: 'tr' Physical Memory: 15308 MB
BatchMode: 1, IsHumanControllingUs: 0, StartBugReporterOnCrash: 0, Is64bit: 1, IsPro: 0

 COMMAND LINE ARGUMENTS:
C:\Program Files\Unity\Hub\Editor\2020.2.1f1\Editor\Unity.exe
-adb2
-batchMode
-noUpm
-name
AssetImportWorker0
-projectPath
C:/Users/Win10/Desktop/Unity Game/Power of Ceiling
-logFile
Logs/AssetImportWorker0.log
-srvPort
52161
Successfully changed project path to: C:/Users/Win10/Desktop/Unity Game/Power of Ceiling
C:/Users/Win10/Desktop/Unity Game/Power of Ceiling
Using Asset Import Pipeline V2.
Refreshing native plugins compatible for Editor in 34.46 ms, found 0 plugins.
Preloading 0 native plugins for Editor in 0.00 ms.
Initialize engine version: 2020.2.1f1 (270dd8c3da1c)
[Subsystems] Discovering subsystems at path C:/Program Files/Unity/Hub/Editor/2020.2.1f1/Editor/Data/Resources/UnitySubsystems
[Subsystems] Discovering subsystems at path C:/Users/Win10/Desktop/Unity Game/Power of Ceiling/Assets
GfxDevice: creating device client; threaded=0
Direct3D:
    Version:  Direct3D 11.0 [level 11.1]
    Renderer: AMD Radeon(TM) RX Vega 11 Graphics (ID=0x15dd)
    Vendor:   
    VRAM:     7654 MB
    Driver:   27.20.14535.3005
Initialize mono
Mono path[0] = 'C:/Program Files/Unity/Hub/Editor/2020.2.1f1/Editor/Data/Managed'
Mono path[1] = 'C:/Program Files/Unity/Hub/Editor/2020.2.1f1/Editor/Data/MonoBleedingEdge/lib/mono/unityjit'
Mono config path = 'C:/Program Files/Unity/Hub/Editor/2020.2.1f1/Editor/Data/MonoBleedingEdge/etc'
Using monoOptions --debugger-agent=transport=dt_socket,embedding=1,server=y,suspend=n,address=127.0.0.1:56192
Begin MonoManager ReloadAssembly
Registering precompiled unity dll's ...
Register platform support module: C:/Program Files/Unity/Hub/Editor/2020.2.1f1/Editor/Data/PlaybackEngines/WebGLSupport/UnityEditor.WebGL.Extensions.dll
Register platform support module: C:/Program Files/Unity/Hub/Editor/2020.2.1f1/Editor/Data/PlaybackEngines/WindowsStandaloneSupport/UnityEditor.WindowsStandalone.Extensions.dll
Register platform support module: C:/Program Files/Unity/Hub/Editor/2020.2.1f1/Editor/Data/PlaybackEngines/LuminSupport/UnityEditor.Lumin.Extensions.dll
Registered in 0.045344 seconds.
Native extension for Lumin target not found
Native extension for WindowsStandalone target not found
Native extension for WebGL target not found
Refreshing native plugins compatible for Editor in 32.76 ms, found 0 plugins.
Preloading 0 native plugins for Editor in 0.00 ms.
Invoked RoslynAnalysisRunner static constructor.
RoslynAnalysisRunner will not be running.
RoslynAnalysisRunner has terminated.
Mono: successfully reloaded assembly
- Completed reload, in  3.276 seconds
Platform modules already initialized, skipping
Registering precompiled user dll's ...
Registered in 0.000936 seconds.
Begin MonoManager ReloadAssembly
Native extension for Lumin target not found
Native extension for WindowsStandalone target not found
Native extension for WebGL target not found
Refreshing native plugins compatible for Editor in 0.28 ms, found 0 plugins.
Preloading 0 native plugins for Editor in 0.00 ms.
Invoked RoslynAnalysisRunner static constructor.
RoslynAnalysisRunner will not be running.
RoslynAnalysisRunner has terminated.
Mono: successfully reloaded assembly
- Completed reload, in  1.490 seconds
Platform modules already initialized, skipping
========================================================================
Worker process is ready to serve import requests
Launched and connected shader compiler UnityShaderCompiler.exe after 0.05 seconds
Refreshing native plugins compatible for Editor in 0.30 ms, found 0 plugins.
Preloading 0 native plugins for Editor in 0.00 ms.
Unloading 1120 Unused Serialized files (Serialized files now loaded: 0)
System memory in use before: 66.3 MB.
System memory in use after: 66.4 MB.

Unloading 10 unused Assets to reduce memory usage. Loaded Objects now: 1577.
Total: 2.300100 ms (FindLiveObjects: 0.198700 ms CreateObjectMapping: 0.044600 ms MarkObjects: 1.947500 ms  DeleteObjects: 0.107500 ms)

========================================================================
Received Import Request.
  path: Assets/Fantasy Skybox FREE/Materials/FS013/FS013_Day_Sunless.png
  artifactKey: Guid(20f8339484595a64b81579493040f0a0) Importer(815301076,1909f56bfc062723c751e8b465ee728b)
Start importing Assets/Fantasy Skybox FREE/Materials/FS013/FS013_Day_Sunless.png using Guid(20f8339484595a64b81579493040f0a0) Importer(815301076,1909f56bfc062723c751e8b465ee728b)  -> (artifact id: '02e7f78a8bcbe5a15e2eec357437f9d1') in 0.196746 seconds
  Import took 0.199269 seconds .

========================================================================
Received Import Request.
  Time since last request: 0.000228 seconds.
  path: Assets/Fantasy Skybox FREE/Materials/FS013/FS013_Night.png
  artifactKey: Guid(134608dbb5b4b3e458e3567b13281134) Importer(815301076,1909f56bfc062723c751e8b465ee728b)
Start importing Assets/Fantasy Skybox FREE/Materials/FS013/FS013_Night.png using Guid(134608dbb5b4b3e458e3567b13281134) Importer(815301076,1909f56bfc062723c751e8b465ee728b)  -> (artifact id: '5001991fe93d011c8079bd7e1f08030b') in 0.041733 seconds
  Import took 0.044048 seconds .

========================================================================
Received Import Request.
  Time since last request: 0.000206 seconds.
  path: Assets/Fantasy Skybox FREE/Materials/FS003/FS003_Night_Moonless.png
  artifactKey: Guid(6185794ad33085a4a9f8446781cb8f15) Importer(815301076,1909f56bfc062723c751e8b465ee728b)
Start importing Assets/Fantasy Skybox FREE/Materials/FS003/FS003_Night_Moonless.png using Guid(6185794ad33085a4a9f8446781cb8f15) Importer(815301076,1909f56bfc062723c751e8b465ee728b)  -> (artifact id: '409d537a4824c4f7637223eb443313b7') in 0.044918 seconds
  Import took 0.058869 seconds .

========================================================================
Received Import Request.
  Time since last request: 0.000238 seconds.
  path: Assets/Fantasy Skybox FREE/Materials/FS013/FS013_Sunset.png
  artifactKey: Guid(c9c7d456c59dc784b93f9c65f163e63f) Importer(815301076,1909f56bfc062723c751e8b465ee728b)
Start importing Assets/Fantasy Skybox FREE/Materials/FS013/FS013_Sunset.png using Guid(c9c7d456c59dc784b93f9c65f163e63f) Importer(815301076,1909f56bfc062723c751e8b465ee728b)  -> (artifact id: '9afb6259726810b028670fd601f08a22') in 0.014923 seconds
  Import took 0.031802 seconds .

========================================================================
Received Import Request.
  Time since last request: 0.000227 seconds.
  path: Assets/Fantasy Skybox FREE/Materials/FS003/FS003_Night.png
  artifactKey: Guid(323f1ea1bce78fe4c90b2286fa1997e2) Importer(815301076,1909f56bfc062723c751e8b465ee728b)
Start importing Assets/Fantasy Skybox FREE/Materials/FS003/FS003_Night.png using Guid(323f1ea1bce78fe4c90b2286fa1997e2) Importer(815301076,1909f56bfc062723c751e8b465ee728b)  -> (artifact id: 'd044fc80846ac62a2e6ecdf3a22c634a') in 0.028809 seconds
  Import took 0.031193 seconds .

========================================================================
Received Import Request.
  Time since last request: 0.000262 seconds.
  path: Assets/Fantasy Skybox FREE/Materials/FS003/FS003_Sunset.png
  artifactKey: Guid(846cce7d90ad21b4b80fcb937193081e) Importer(815301076,1909f56bfc062723c751e8b465ee728b)
Start importing Assets/Fantasy Skybox FREE/Materials/FS003/FS003_Sunset.png using Guid(846cce7d90ad21b4b80fcb937193081e) Importer(815301076,1909f56bfc062723c751e8b465ee728b)  -> (artifact id: '2135b36cc1c0d5ecb91b686373b5d8ec') in 0.046490 seconds
  Import took 0.060803 seconds .

========================================================================
Received Import Request.
  Time since last request: 0.000266 seconds.
  path: Assets/Fantasy Skybox FREE/Materials/FS013/FS013_Day.png
  artifactKey: Guid(163214a3accfb80488d2e6a27f45b743) Importer(815301076,1909f56bfc062723c751e8b465ee728b)
Start importing Assets/Fantasy Skybox FREE/Materials/FS013/FS013_Day.png using Guid(163214a3accfb80488d2e6a27f45b743) Importer(815301076,1909f56bfc062723c751e8b465ee728b)  -> (artifact id: '3c1623c7038282290dd1cfb9022fbdc3') in 0.017388 seconds
  Import took 0.019630 seconds .

========================================================================
Received Import Request.
  Time since last request: 0.000221 seconds.
  path: Assets/Fantasy Skybox FREE/Materials/FS013/FS013_Sunrise.png
  artifactKey: Guid(99bb9346a54a1ef45b3d086ccba8cfad) Importer(815301076,1909f56bfc062723c751e8b465ee728b)
Start importing Assets/Fantasy Skybox FREE/Materials/FS013/FS013_Sunrise.png using Guid(99bb9346a54a1ef45b3d086ccba8cfad) Importer(815301076,1909f56bfc062723c751e8b465ee728b)  -> (artifact id: '10878df2c62c8fe5ee26800febaf14cd') in 0.033564 seconds
  Import took 0.041808 seconds .

========================================================================
Received Import Request.
  Time since last request: 0.000233 seconds.
  path: Assets/Fantasy Skybox FREE/Materials/FS003/FS003_Snowy.png
  artifactKey: Guid(f4d685236ef56ef41a4ddef00508a2c5) Importer(815301076,1909f56bfc062723c751e8b465ee728b)
Start importing Assets/Fantasy Skybox FREE/Materials/FS003/FS003_Snowy.png using Guid(f4d685236ef56ef41a4ddef00508a2c5) Importer(815301076,1909f56bfc062723c751e8b465ee728b)  -> (artifact id: '0165d81c6e9a29ac62691446c06f02de') in 0.162605 seconds
  Import took 0.185118 seconds .

========================================================================
Received Import Request.
  Time since last request: 0.000252 seconds.
  path: Assets/Fantasy Skybox FREE/Materials/FS013/FS013_Night_Moonless.png
  artifactKey: Guid(a81552b25f3b36b43b82a6c5daf6e098) Importer(815301076,1909f56bfc062723c751e8b465ee728b)
Start importing Assets/Fantasy Skybox FREE/Materials/FS013/FS013_Night_Moonless.png using Guid(a81552b25f3b36b43b82a6c5daf6e098) Importer(815301076,1909f56bfc062723c751e8b465ee728b)  -> (artifact id: '534a41d5ea895531fa1541c0d1aee050') in 0.019699 seconds
  Import took 0.022420 seconds .

========================================================================
Received Import Request.
  Time since last request: 0.000224 seconds.
  path: Assets/Fantasy Skybox FREE/Materials/FS013/FS013_Snowy.png
  artifactKey: Guid(cd6e32b2b89313e4ba54e7fc07ea31f2) Importer(815301076,1909f56bfc062723c751e8b465ee728b)
Start importing Assets/Fantasy Skybox FREE/Materials/FS013/FS013_Snowy.png using Guid(cd6e32b2b89313e4ba54e7fc07ea31f2) Importer(815301076,1909f56bfc062723c751e8b465ee728b)  -> (artifact id: 'b55ca05010a62b3ae991240210c0d31f') in 0.067370 seconds
  Import took 0.069810 seconds .

========================================================================
Received Import Request.
  Time since last request: 0.000284 seconds.
  path: Assets/Fantasy Skybox FREE/Materials/FS003/FS003_Rainy.png
  artifactKey: Guid(ad211dc5ae928ef40b568736df2f62b0) Importer(815301076,1909f56bfc062723c751e8b465ee728b)
Start importing Assets/Fantasy Skybox FREE/Materials/FS003/FS003_Rainy.png using Guid(ad211dc5ae928ef40b568736df2f62b0) Importer(815301076,1909f56bfc062723c751e8b465ee728b)  -> (artifact id: '622e9551b69150a61a2f37a17a13c37f') in 0.268061 seconds
  Import took 0.296371 seconds .

========================================================================
Received Import Request.
  Time since last request: 0.000238 seconds.
  path: Assets/Fantasy Skybox FREE/Materials/FS003/FS003_Day.png
  artifactKey: Guid(97c83ef8555216848ba4f98a7496a917) Importer(815301076,1909f56bfc062723c751e8b465ee728b)
Start importing Assets/Fantasy Skybox FREE/Materials/FS003/FS003_Day.png using Guid(97c83ef8555216848ba4f98a7496a917) Importer(815301076,1909f56bfc062723c751e8b465ee728b)  -> (artifact id: '97208dd478f805aa9f3e1132b12a055e') in 0.020577 seconds
  Import took 0.052426 seconds .

========================================================================
Received Import Request.
  Time since last request: 0.000250 seconds.
  path: Assets/Fantasy Skybox FREE/Materials/FS003/FS003_Sunrise.png
  artifactKey: Guid(c15e36d3819e8d14ab21ab119e3fd4a7) Importer(815301076,1909f56bfc062723c751e8b465ee728b)
Start importing Assets/Fantasy Skybox FREE/Materials/FS003/FS003_Sunrise.png using Guid(c15e36d3819e8d14ab21ab119e3fd4a7) Importer(815301076,1909f56bfc062723c751e8b465ee728b)  -> (artifact id: '2b9a60eb71fcc6071ac8d0aeb6fb02f6') in 0.017853 seconds
  Import took 0.036246 seconds .

========================================================================
Received Import Request.
  Time since last request: 0.000251 seconds.
  path: Assets/Fantasy Skybox FREE/Materials/FS003/FS003_Day_Sunless.png
  artifactKey: Guid(99b254ad4e7668d419be526ebb66b549) Importer(815301076,1909f56bfc062723c751e8b465ee728b)
Start importing Assets/Fantasy Skybox FREE/Materials/FS003/FS003_Day_Sunless.png using Guid(99b254ad4e7668d419be526ebb66b549) Importer(815301076,1909f56bfc062723c751e8b465ee728b)  -> (artifact id: 'ec4328bd3b971db2a739b883b59f9d1b') in 0.061071 seconds
  Import took 0.063642 seconds .

========================================================================
Received Import Request.
  Time since last request: 0.000206 seconds.
  path: Assets/Fantasy Skybox FREE/Materials/FS013/FS013_Rainy.png
  artifactKey: Guid(f5aa48695cf2eae40a79ff8630af2aef) Importer(815301076,1909f56bfc062723c751e8b465ee728b)
Start importing Assets/Fantasy Skybox FREE/Materials/FS013/FS013_Rainy.png using Guid(f5aa48695cf2eae40a79ff8630af2aef) Importer(815301076,1909f56bfc062723c751e8b465ee728b)  -> (artifact id: '1e6dd75c657d6fe9985944a601864935') in 0.063481 seconds
  Import took 0.074982 seconds .

========================================================================
Received Import Request.
  Time since last request: 7.911777 seconds.
  path: Assets/karakter/karakter/karakter_Beard_diffuse.png
  artifactKey: Guid(cc6aaab8a5244744f9b3a72712975557) Importer(815301076,1909f56bfc062723c751e8b465ee728b)
Start importing Assets/karakter/karakter/karakter_Beard_diffuse.png using Guid(cc6aaab8a5244744f9b3a72712975557) Importer(815301076,1909f56bfc062723c751e8b465ee728b)  -> (artifact id: '1473ab625ca670ed626c8988504839e6') in 0.015289 seconds
  Import took 0.017432 seconds .

========================================================================
Received Import Request.
  Time since last request: 0.000198 seconds.
  path: Assets/karakter/karakter/karakter_Top_gloss.png
  artifactKey: Guid(f4e653a552483dd448d06cf79d2e41ba) Importer(815301076,1909f56bfc062723c751e8b465ee728b)
Start importing Assets/karakter/karakter/karakter_Top_gloss.png using Guid(f4e653a552483dd448d06cf79d2e41ba) Importer(815301076,1909f56bfc062723c751e8b465ee728b)  -> (artifact id: 'd02eeb4fa57bb67dafb19b5225ce4b4a') in 0.015177 seconds
  Import took 0.017729 seconds .

========================================================================
Received Import Request.
  Time since last request: 0.000226 seconds.
  path: Assets/karakter/karakter/karakter_Body_diffuse.png
  artifactKey: Guid(0eb6e1961e804344e9c3b96a0091a272) Importer(815301076,1909f56bfc062723c751e8b465ee728b)
Start importing Assets/karakter/karakter/karakter_Body_diffuse.png using Guid(0eb6e1961e804344e9c3b96a0091a272) Importer(815301076,1909f56bfc062723c751e8b465ee728b)  -> (artifact id: 'efdb92e72b9cd06c87f55bcbfd91fe9e') in 0.016505 seconds
  Import took 0.018824 seconds .

========================================================================
Received Import Request.
  Time since last request: 0.000238 seconds.
  path: Assets/karakter/karakter/karakter_Beard_normal.png
  artifactKey: Guid(7ed6c8c7b5173d04d88560318e173c5c) Importer(815301076,1909f56bfc062723c751e8b465ee728b)
Start importing Assets/karakter/karakter/karakter_Beard_normal.png using Guid(7ed6c8c7b5173d04d88560318e173c5c) Importer(815301076,1909f56bfc062723c751e8b465ee728b)  -> (artifact id: '7af7e6ab9c659faf6eea84f78122630d') in 0.016450 seconds
  Import took 0.034093 seconds .

========================================================================
Received Import Request.
  Time since last request: 0.000211 seconds.
  path: Assets/karakter/karakter/karakter_Beard_specular.png
  artifactKey: Guid(251937875997bb049aa5051e81928c16) Importer(815301076,1909f56bfc062723c751e8b465ee728b)
Start importing Assets/karakter/karakter/karakter_Beard_specular.png using Guid(251937875997bb049aa5051e81928c16) Importer(815301076,1909f56bfc062723c751e8b465ee728b)  -> (artifact id: '8c9d3fc0514135ce1e9014a5a80b7955') in 0.014254 seconds
  Import took 0.030898 seconds .

========================================================================
Received Import Request.
  Time since last request: 0.000222 seconds.
  path: Assets/karakter/karakter/karakter_Bottom_diffuse.png
  artifactKey: Guid(e8f07ef46f929454997bda979a4678cc) Importer(815301076,1909f56bfc062723c751e8b465ee728b)
Start importing Assets/karakter/karakter/karakter_Bottom_diffuse.png using Guid(e8f07ef46f929454997bda979a4678cc) Importer(815301076,1909f56bfc062723c751e8b465ee728b)  -> (artifact id: 'ce3cb4dbf475e9d0622eeb68797c7131') in 0.016654 seconds
  Import took 0.045369 seconds .

========================================================================
Received Import Request.
  Time since last request: 0.000283 seconds.
  path: Assets/karakter/karakter/karakter_Shoes_normal.png
  artifactKey: Guid(161b322aa6c7f23488788e7e08f1201d) Importer(815301076,1909f56bfc062723c751e8b465ee728b)
Start importing Assets/karakter/karakter/karakter_Shoes_normal.png using Guid(161b322aa6c7f23488788e7e08f1201d) Importer(815301076,1909f56bfc062723c751e8b465ee728b)  -> (artifact id: 'f845fa254a649981cbb2114c8b222484') in 0.032758 seconds
  Import took 0.051955 seconds .

========================================================================
Received Import Request.
  Time since last request: 0.000215 seconds.
  path: Assets/karakter/karakter/karakter_Body_specular.png
  artifactKey: Guid(382a1c9a409b79f4fa43cf5bc8f9c17b) Importer(815301076,1909f56bfc062723c751e8b465ee728b)
Start importing Assets/karakter/karakter/karakter_Body_specular.png using Guid(382a1c9a409b79f4fa43cf5bc8f9c17b) Importer(815301076,1909f56bfc062723c751e8b465ee728b)  -> (artifact id: 'c290ed21d1643796bc976f1e150b8927') in 0.078381 seconds
  Import took 0.080781 seconds .

========================================================================
Received Import Request.
  Time since last request: 0.000214 seconds.
  path: Assets/karakter/karakter/karakter_Mask_diffuse.png
  artifactKey: Guid(01bf271c5eb63c94cbfa61defa6634c3) Importer(815301076,1909f56bfc062723c751e8b465ee728b)
Start importing Assets/karakter/karakter/karakter_Mask_diffuse.png using Guid(01bf271c5eb63c94cbfa61defa6634c3) Importer(815301076,1909f56bfc062723c751e8b465ee728b)  -> (artifact id: 'a7778ef27c768db3d22f923cc9e3a038') in 0.015626 seconds
  Import took 0.017835 seconds .

========================================================================
Received Import Request.
  Time since last request: 0.000217 seconds.
  path: Assets/karakter/karakter/karakter_Bottom_gloss.png
  artifactKey: Guid(6cf1f3a50fad85d4ea59dab351606afa) Importer(815301076,1909f56bfc062723c751e8b465ee728b)
Start importing Assets/karakter/karakter/karakter_Bottom_gloss.png using Guid(6cf1f3a50fad85d4ea59dab351606afa) Importer(815301076,1909f56bfc062723c751e8b465ee728b)  -> (artifact id: 'ae116011a2a84dd4902fbbeeff099bbf') in 0.015221 seconds
  Import took 0.036555 seconds .

========================================================================
Received Import Request.
  Time since last request: 0.000260 seconds.
  path: Assets/karakter/karakter/karakter_Hair_diffuse.png
  artifactKey: Guid(410ace716f926214cbcc014b6844ead2) Importer(815301076,1909f56bfc062723c751e8b465ee728b)
Start importing Assets/karakter/karakter/karakter_Hair_diffuse.png using Guid(410ace716f926214cbcc014b6844ead2) Importer(815301076,1909f56bfc062723c751e8b465ee728b)  -> (artifact id: '67a2d49fba67709581494c979e528f77') in 0.016478 seconds
  Import took 0.019066 seconds .

========================================================================
Received Import Request.
  Time since last request: 0.000227 seconds.
  path: Assets/karakter/karakter/karakter_Hair_specular.png
  artifactKey: Guid(c54359cf68265094e80338d36a9c595d) Importer(815301076,1909f56bfc062723c751e8b465ee728b)
Start importing Assets/karakter/karakter/karakter_Hair_specular.png using Guid(c54359cf68265094e80338d36a9c595d) Importer(815301076,1909f56bfc062723c751e8b465ee728b)  -> (artifact id: '2b82752676ef223ae539a18667ab7c45') in 0.041404 seconds
  Import took 0.043823 seconds .

========================================================================
Received Import Request.
  Time since last request: 0.000231 seconds.
  path: Assets/karakter/karakter/karakter_Bottom_normal.png
  artifactKey: Guid(83fd049184d302c4c9135a60b93225cf) Importer(815301076,1909f56bfc062723c751e8b465ee728b)
Start importing Assets/karakter/karakter/karakter_Bottom_normal.png using Guid(83fd049184d302c4c9135a60b93225cf) Importer(815301076,1909f56bfc062723c751e8b465ee728b)  -> (artifact id: '441f37bb827d75cc10f703bcb0fe964d') in 0.016635 seconds
  Import took 0.029991 seconds .

========================================================================
Received Import Request.
  Time since last request: 0.000287 seconds.
  path: Assets/karakter/karakter/karakter_Hair_gloss.png
  artifactKey: Guid(8cf592ebe86959842aeb725c22500c56) Importer(815301076,1909f56bfc062723c751e8b465ee728b)
Start importing Assets/karakter/karakter/karakter_Hair_gloss.png using Guid(8cf592ebe86959842aeb725c22500c56) Importer(815301076,1909f56bfc062723c751e8b465ee728b)  -> (artifact id: 'e356e6bbf76388c1cf2802d7bfecf239') in 0.040027 seconds
  Import took 0.067221 seconds .

========================================================================
Received Import Request.
  Time since last request: 0.000200 seconds.
  path: Assets/karakter/karakter/karakter_Top_specular.png
  artifactKey: Guid(ca390fc4443bdc34a816e58d15187382) Importer(815301076,1909f56bfc062723c751e8b465ee728b)
Start importing Assets/karakter/karakter/karakter_Top_specular.png using Guid(ca390fc4443bdc34a816e58d15187382) Importer(815301076,1909f56bfc062723c751e8b465ee728b)  -> (artifact id: '3e232bd0ccafca56ea5947e479be05e0') in 0.047467 seconds
  Import took 0.058681 seconds .

========================================================================
Received Import Request.
  Time since last request: 0.000240 seconds.
  path: Assets/karakter/karakter/karakter_Shoes_diffuse.png
  artifactKey: Guid(05ec3c257f475cc47a28e806cf81ee26) Importer(815301076,1909f56bfc062723c751e8b465ee728b)
Start importing Assets/karakter/karakter/karakter_Shoes_diffuse.png using Guid(05ec3c257f475cc47a28e806cf81ee26) Importer(815301076,1909f56bfc062723c751e8b465ee728b)  -> (artifact id: '7e1643fe88ccc6eeeac28dfc22ba0192') in 0.017685 seconds
  Import took 0.020019 seconds .

========================================================================
Received Import Request.
  Time since last request: 0.000233 seconds.
  path: Assets/karakter/karakter/karakter_Top_diffuse.png
  artifactKey: Guid(c55b44a055da492429eb1b9734a811b1) Importer(815301076,1909f56bfc062723c751e8b465ee728b)
Start importing Assets/karakter/karakter/karakter_Top_diffuse.png using Guid(c55b44a055da492429eb1b9734a811b1) Importer(815301076,1909f56bfc062723c751e8b465ee728b)  -> (artifact id: '12d57e02833ae75cfa744463a4065fdd') in 0.015472 seconds
  Import took 0.017679 seconds .

========================================================================
Received Import Request.
  Time since last request: 0.000246 seconds.
  path: Assets/karakter/karakter/karakter_Mask_normal.png
  artifactKey: Guid(3e046f593c9fd414baea9bf986706dcd) Importer(815301076,1909f56bfc062723c751e8b465ee728b)
Start importing Assets/karakter/karakter/karakter_Mask_normal.png using Guid(3e046f593c9fd414baea9bf986706dcd) Importer(815301076,1909f56bfc062723c751e8b465ee728b)  -> (artifact id: 'ab4177a3ec20f3af5df82a407a515aca') in 0.049279 seconds
  Import took 0.069718 seconds .

========================================================================
Received Import Request.
  Time since last request: 0.000231 seconds.
  path: Assets/karakter/karakter/karakter_Shoes_gloss.png
  artifactKey: Guid(11555cdfc35a5624c9dbb69c201a67b9) Importer(815301076,1909f56bfc062723c751e8b465ee728b)
Start importing Assets/karakter/karakter/karakter_Shoes_gloss.png using Guid(11555cdfc35a5624c9dbb69c201a67b9) Importer(815301076,1909f56bfc062723c751e8b465ee728b)  -> (artifact id: 'd75a8d0c954d363390e4f4019cd7d733') in 0.015409 seconds
  Import took 0.017782 seconds .

========================================================================
Received Import Request.
  Time since last request: 0.000279 seconds.
  path: Assets/karakter/karakter/karakter_Body_gloss.png
  artifactKey: Guid(f3a54566d60e19443a5961b623a0e198) Importer(815301076,1909f56bfc062723c751e8b465ee728b)
Start importing Assets/karakter/karakter/karakter_Body_gloss.png using Guid(f3a54566d60e19443a5961b623a0e198) Importer(815301076,1909f56bfc062723c751e8b465ee728b)  -> (artifact id: '16eba9a5d86b9fef40e348678677e014') in 0.067225 seconds
  Import took 0.080617 seconds .

========================================================================
Received Import Request.
  Time since last request: 0.000219 seconds.
  path: Assets/karakter/karakter/karakter_Mask_gloss.png
  artifactKey: Guid(6ac6bd056e3fac5419ff4454ad148519) Importer(815301076,1909f56bfc062723c751e8b465ee728b)
Start importing Assets/karakter/karakter/karakter_Mask_gloss.png using Guid(6ac6bd056e3fac5419ff4454ad148519) Importer(815301076,1909f56bfc062723c751e8b465ee728b)  -> (artifact id: '4217e11d6d42aa537db481a9f9c49437') in 0.058932 seconds
  Import took 0.061212 seconds .

========================================================================
Received Import Request.
  Time since last request: 0.000239 seconds.
  path: Assets/karakter/karakter/karakter_Bottom_specular.png
  artifactKey: Guid(433aad6ffe6b5234a8bc1b5a15f91f01) Importer(815301076,1909f56bfc062723c751e8b465ee728b)
Start importing Assets/karakter/karakter/karakter_Bottom_specular.png using Guid(433aad6ffe6b5234a8bc1b5a15f91f01) Importer(815301076,1909f56bfc062723c751e8b465ee728b)  -> (artifact id: 'a10d66e3986b7d8d275348c65a80f375') in 0.047109 seconds
  Import took 0.104214 seconds .

========================================================================
Received Import Request.
  Time since last request: 0.000233 seconds.
  path: Assets/karakter/karakter/karakter_Hair_normal.png
  artifactKey: Guid(45fb437db86168d4ca3f235232be0214) Importer(815301076,1909f56bfc062723c751e8b465ee728b)
Start importing Assets/karakter/karakter/karakter_Hair_normal.png using Guid(45fb437db86168d4ca3f235232be0214) Importer(815301076,1909f56bfc062723c751e8b465ee728b)  -> (artifact id: 'c66ad16c673936079ff70267fcec0358') in 0.016131 seconds
  Import took 0.026439 seconds .

========================================================================
Received Import Request.
  Time since last request: 0.000320 seconds.
  path: Assets/karakter/karakter/karakter_Mask_specular.png
  artifactKey: Guid(da7eab0e73e46c14f9e8cb68473ce427) Importer(815301076,1909f56bfc062723c751e8b465ee728b)
Start importing Assets/karakter/karakter/karakter_Mask_specular.png using Guid(da7eab0e73e46c14f9e8cb68473ce427) Importer(815301076,1909f56bfc062723c751e8b465ee728b)  -> (artifact id: '50b6f0a8efe0ba064e8da79766996587') in 0.016508 seconds
  Import took 0.019557 seconds .

========================================================================
Received Import Request.
  Time since last request: 0.000237 seconds.
  path: Assets/karakter/karakter/karakter_Body_normal.png
  artifactKey: Guid(61db491f597a65546a30a95705ee84cc) Importer(815301076,1909f56bfc062723c751e8b465ee728b)
Start importing Assets/karakter/karakter/karakter_Body_normal.png using Guid(61db491f597a65546a30a95705ee84cc) Importer(815301076,1909f56bfc062723c751e8b465ee728b)  -> (artifact id: '3e8b2ba0f88af4c6c478439b7a015a05') in 0.058218 seconds
  Import took 0.061082 seconds .

========================================================================
Received Import Request.
  Time since last request: 0.000224 seconds.
  path: Assets/karakter/karakter/karakter_Shoes_specular.png
  artifactKey: Guid(5bcbaea2563619e418e9f61470c2ce2c) Importer(815301076,1909f56bfc062723c751e8b465ee728b)
Start importing Assets/karakter/karakter/karakter_Shoes_specular.png using Guid(5bcbaea2563619e418e9f61470c2ce2c) Importer(815301076,1909f56bfc062723c751e8b465ee728b)  -> (artifact id: 'e57801d1badb6d72e61493cf5075b3dc') in 0.030901 seconds
  Import took 0.033612 seconds .

========================================================================
Received Import Request.
  Time since last request: 0.000337 seconds.
  path: Assets/karakter/karakter/karakter_Top_normal.png
  artifactKey: Guid(23eb061d36b135546aef747fb166ea37) Importer(815301076,1909f56bfc062723c751e8b465ee728b)
Start importing Assets/karakter/karakter/karakter_Top_normal.png using Guid(23eb061d36b135546aef747fb166ea37) Importer(815301076,1909f56bfc062723c751e8b465ee728b)  -> (artifact id: 'fc3af8817b284d485571055cdc6dc8a8') in 0.040624 seconds
  Import took 0.213944 seconds .

========================================================================
Received Import Request.
  Time since last request: 0.000296 seconds.
  path: Assets/karakter/karakter/karakter_Beard_gloss.png
  artifactKey: Guid(953f5a1542e798341be32730e23f236c) Importer(815301076,1909f56bfc062723c751e8b465ee728b)
Start importing Assets/karakter/karakter/karakter_Beard_gloss.png using Guid(953f5a1542e798341be32730e23f236c) Importer(815301076,1909f56bfc062723c751e8b465ee728b)  -> (artifact id: '07bd45ab88333af1dddf30da6e2b9cb6') in 0.019849 seconds
  Import took 0.028704 seconds .

========================================================================
Received Prepare
Registering precompiled user dll's ...
Registered in 0.001157 seconds.
Begin MonoManager ReloadAssembly
Native extension for Lumin target not found
Native extension for WindowsStandalone target not found
Native extension for WebGL target not found
Refreshing native plugins compatible for Editor in 0.28 ms, found 0 plugins.
Preloading 0 native plugins for Editor in 0.00 ms.
Invoked RoslynAnalysisRunner static constructor.
RoslynAnalysisRunner will not be running.
RoslynAnalysisRunner has terminated.
Mono: successfully reloaded assembly
- Completed reload, in  1.151 seconds
Platform modules already initialized, skipping
Refreshing native plugins compatible for Editor in 0.26 ms, found 0 plugins.
Preloading 0 native plugins for Editor in 0.00 ms.
Unloading 1101 Unused Serialized files (Serialized files now loaded: 0)
System memory in use before: 65.5 MB.
System memory in use after: 65.5 MB.

Unloading 6 unused Assets to reduce memory usage. Loaded Objects now: 1581.
Total: 1.984600 ms (FindLiveObjects: 0.172100 ms CreateObjectMapping: 0.034500 ms MarkObjects: 1.703700 ms  DeleteObjects: 0.073200 ms)

========================================================================
Received Import Request.
  Time since last request: 38.061269 seconds.
  path: Assets/Sound/Arka Ses.mp3
  artifactKey: Guid(b9055b62e99720f438eacbb0cd8a7c8f) Importer(815301076,1909f56bfc062723c751e8b465ee728b)
Start importing Assets/Sound/Arka Ses.mp3 using Guid(b9055b62e99720f438eacbb0cd8a7c8f) Importer(815301076,1909f56bfc062723c751e8b465ee728b)  -> (artifact id: '94f34c0726cb3e8f0877f53b7a51525a') in 0.190227 seconds
  Import took 0.192907 seconds .

========================================================================
Received Import Request.
  Time since last request: 0.000240 seconds.
  path: Assets/Sound/Tava Sesi.wav
  artifactKey: Guid(1817508212f27c449ae6721f96f6a220) Importer(815301076,1909f56bfc062723c751e8b465ee728b)
Start importing Assets/Sound/Tava Sesi.wav using Guid(1817508212f27c449ae6721f96f6a220) Importer(815301076,1909f56bfc062723c751e8b465ee728b)  -> (artifact id: '34e68ba1ad97a837e5fda9780549aa57') in 0.024757 seconds
  Import took 0.047209 seconds .

========================================================================
Received Import Request.
  Time since last request: 0.000196 seconds.
  path: Assets/Sound/Dance.wav
  artifactKey: Guid(baeac6b853b5ebf4d89d52ec2e028247) Importer(815301076,1909f56bfc062723c751e8b465ee728b)
Start importing Assets/Sound/Dance.wav using Guid(baeac6b853b5ebf4d89d52ec2e028247) Importer(815301076,1909f56bfc062723c751e8b465ee728b)  -> (artifact id: '704a886784f6f34c00f52ae8e480d2f4') in 0.016966 seconds
  Import took 0.025322 seconds .

========================================================================
Received Import Request.
  Time since last request: 0.000265 seconds.
  path: Assets/Sound/Silah Sesi.wav
  artifactKey: Guid(6c0d0985898df5847817e4fe94feda63) Importer(815301076,1909f56bfc062723c751e8b465ee728b)
Start importing Assets/Sound/Silah Sesi.wav using Guid(6c0d0985898df5847817e4fe94feda63) Importer(815301076,1909f56bfc062723c751e8b465ee728b)  -> (artifact id: 'f0a5936866940bb949233a72c9920e57') in 0.016525 seconds
  Import took 0.019262 seconds .

========================================================================
Received Import Request.
  Time since last request: 0.000302 seconds.
  path: Assets/Sound/Dance.wav
  artifactKey: Guid(baeac6b853b5ebf4d89d52ec2e028247) Importer(815301076,1909f56bfc062723c751e8b465ee728b)
Start importing Assets/Sound/Dance.wav using Guid(baeac6b853b5ebf4d89d52ec2e028247) Importer(815301076,1909f56bfc062723c751e8b465ee728b)  -> (artifact id: '704a886784f6f34c00f52ae8e480d2f4') in 0.015724 seconds
  Import took 0.018623 seconds .

========================================================================
Received Import Request.
  Time since last request: 0.000240 seconds.
  path: Assets/Sound/Silah Sesi.wav
  artifactKey: Guid(6c0d0985898df5847817e4fe94feda63) Importer(815301076,1909f56bfc062723c751e8b465ee728b)
Start importing Assets/Sound/Silah Sesi.wav using Guid(6c0d0985898df5847817e4fe94feda63) Importer(815301076,1909f56bfc062723c751e8b465ee728b)  -> (artifact id: 'f0a5936866940bb949233a72c9920e57') in 0.016893 seconds
  Import took 0.019957 seconds .

========================================================================
Received Import Request.
  Time since last request: 0.781506 seconds.
  path: Assets/Sprites/5a1c790ced9d57.6484195415118154369733.png
  artifactKey: Guid(108c332a52f42d34a8e059ffaa2c8246) Importer(815301076,1909f56bfc062723c751e8b465ee728b)
Start importing Assets/Sprites/5a1c790ced9d57.6484195415118154369733.png using Guid(108c332a52f42d34a8e059ffaa2c8246) Importer(815301076,1909f56bfc062723c751e8b465ee728b)  -> (artifact id: 'f78bbab17180111ff7241a2ff8c64890') in 0.105084 seconds
  Import took 0.108830 seconds .

========================================================================
Received Import Request.
  Time since last request: 0.000336 seconds.
  path: Assets/Sprites/5a1d6af6500d68.6233050715118773663279.png
  artifactKey: Guid(e429a2bfe06dd1e41a6b565d9d23db64) Importer(815301076,1909f56bfc062723c751e8b465ee728b)
Start importing Assets/Sprites/5a1d6af6500d68.6233050715118773663279.png using Guid(e429a2bfe06dd1e41a6b565d9d23db64) Importer(815301076,1909f56bfc062723c751e8b465ee728b)  -> (artifact id: 'd0bd56ad2058327016f5a17e0e8a8240') in 0.058576 seconds
  Import took 0.061676 seconds .

========================================================================
Received Import Request.
  Time since last request: 0.000241 seconds.
  path: Assets/Sprites/pngwing.com.png
  artifactKey: Guid(822455dbdbf549a4084ecb39c15d8f90) Importer(815301076,1909f56bfc062723c751e8b465ee728b)
Start importing Assets/Sprites/pngwing.com.png using Guid(822455dbdbf549a4084ecb39c15d8f90) Importer(815301076,1909f56bfc062723c751e8b465ee728b)  -> (artifact id: '79d13a4f894e393b1cc4dd9cb16ec4af') in 0.021189 seconds
  Import took 0.037710 seconds .

========================================================================
Received Import Request.
  Time since last request: 0.000355 seconds.
  path: Assets/Sprites/kisspng-desktop-wallpaper-arrow-clip-art-red-arrow-5abf82305e6e62.6677694915225001443868.png
  artifactKey: Guid(f78fefee9d7527343b0f7427559c7780) Importer(815301076,1909f56bfc062723c751e8b465ee728b)
Start importing Assets/Sprites/kisspng-desktop-wallpaper-arrow-clip-art-red-arrow-5abf82305e6e62.6677694915225001443868.png using Guid(f78fefee9d7527343b0f7427559c7780) Importer(815301076,1909f56bfc062723c751e8b465ee728b)  -> (artifact id: 'b7e1c9acc9028b7add496111146325e7') in 0.129047 seconds
  Import took 0.161128 seconds .

========================================================================
Received Import Request.
  Time since last request: 0.000240 seconds.
  path: Assets/Sprites/sol.png
  artifactKey: Guid(1aaaad70de1e228489719fce1e079616) Importer(815301076,1909f56bfc062723c751e8b465ee728b)
Start importing Assets/Sprites/sol.png using Guid(1aaaad70de1e228489719fce1e079616) Importer(815301076,1909f56bfc062723c751e8b465ee728b)  -> (artifact id: '571131cc19527f596f755274c133fab3') in 0.034117 seconds
  Import took 0.050922 seconds .

========================================================================
Received Import Request.
  Time since last request: 8.916012 seconds.
  path: Assets/TerrainTexturesPackFree/TerrainTextures/GrassUV01.png
  artifactKey: Guid(94e5dd2784ae3a44a930dba86cba9f6e) Importer(815301076,1909f56bfc062723c751e8b465ee728b)
Start importing Assets/TerrainTexturesPackFree/TerrainTextures/GrassUV01.png using Guid(94e5dd2784ae3a44a930dba86cba9f6e) Importer(815301076,1909f56bfc062723c751e8b465ee728b)  -> (artifact id: 'e34b48246e68e21d5dc34f072b8fc598') in 0.060412 seconds
  Import took 0.066789 seconds .

========================================================================
Received Import Request.
  Time since last request: 0.000258 seconds.
  path: Assets/TerrainTexturesPackFree/TerrainTextures/GrassUV02_N.png
  artifactKey: Guid(db6b5112f8b3bcf478707e82ef048e88) Importer(815301076,1909f56bfc062723c751e8b465ee728b)
Start importing Assets/TerrainTexturesPackFree/TerrainTextures/GrassUV02_N.png using Guid(db6b5112f8b3bcf478707e82ef048e88) Importer(815301076,1909f56bfc062723c751e8b465ee728b)  -> (artifact id: 'b64fc836d918f696b121cb1a5d9a600c') in 0.755092 seconds
  Import took 0.762899 seconds .

========================================================================
Received Import Request.
  Time since last request: 0.000235 seconds.
  path: Assets/TerrainTexturesPackFree/TerrainTextures/GroundCracked01_N.png
  artifactKey: Guid(9511ab33cd5f6724f8c31c380a4814af) Importer(815301076,1909f56bfc062723c751e8b465ee728b)
Start importing Assets/TerrainTexturesPackFree/TerrainTextures/GroundCracked01_N.png using Guid(9511ab33cd5f6724f8c31c380a4814af) Importer(815301076,1909f56bfc062723c751e8b465ee728b)  -> (artifact id: 'b9872f9fb6e9213d6d4e4480c46b4574') in 0.119750 seconds
  Import took 0.128488 seconds .

========================================================================
Received Import Request.
  Time since last request: 0.000302 seconds.
  path: Assets/TerrainTexturesPackFree/TerrainTextures/GroundStones01.png
  artifactKey: Guid(17405fba9d20b47408239b3e82d60232) Importer(815301076,1909f56bfc062723c751e8b465ee728b)
Start importing Assets/TerrainTexturesPackFree/TerrainTextures/GroundStones01.png using Guid(17405fba9d20b47408239b3e82d60232) Importer(815301076,1909f56bfc062723c751e8b465ee728b)  -> (artifact id: '1cf206bb5f30e70e03d5280fe04c62e8') in 0.047035 seconds
  Import took 0.052754 seconds .

========================================================================
Received Import Request.
  Time since last request: 0.000372 seconds.
  path: Assets/TerrainTexturesPackFree/TerrainTextures/GroundStones01_N.png
  artifactKey: Guid(63312008529ed1d4bab4d57c204bae7a) Importer(815301076,1909f56bfc062723c751e8b465ee728b)
Start importing Assets/TerrainTexturesPackFree/TerrainTextures/GroundStones01_N.png using Guid(63312008529ed1d4bab4d57c204bae7a) Importer(815301076,1909f56bfc062723c751e8b465ee728b)  -> (artifact id: '513b4b3097910707d8b14dc2c0056ad1') in 0.217617 seconds
  Import took 0.222288 seconds .

========================================================================
Received Import Request.
  Time since last request: 0.000214 seconds.
  path: Assets/TerrainTexturesPackFree/TerrainTextures/GroundDryLeaves01_N.png
  artifactKey: Guid(e39dfb80d9815f14da82c65960519b23) Importer(815301076,1909f56bfc062723c751e8b465ee728b)
Start importing Assets/TerrainTexturesPackFree/TerrainTextures/GroundDryLeaves01_N.png using Guid(e39dfb80d9815f14da82c65960519b23) Importer(815301076,1909f56bfc062723c751e8b465ee728b)  -> (artifact id: '2391a578434dcbd113d9c63839265bf6') in 0.225249 seconds
  Import took 0.278197 seconds .

========================================================================
Received Import Request.
  Time since last request: 0.000245 seconds.
  path: Assets/TerrainTexturesPackFree/TerrainTextures/GrassUV02.png
  artifactKey: Guid(bafadcf258df85b4686863cbaa688fba) Importer(815301076,1909f56bfc062723c751e8b465ee728b)
Start importing Assets/TerrainTexturesPackFree/TerrainTextures/GrassUV02.png using Guid(bafadcf258df85b4686863cbaa688fba) Importer(815301076,1909f56bfc062723c751e8b465ee728b)  -> (artifact id: '92a9657dcd0bc6f53cc1cedafe87e2cb') in 0.481252 seconds
  Import took 0.529321 seconds .

========================================================================
Received Import Request.
  Time since last request: 0.000316 seconds.
  path: Assets/TerrainTexturesPackFree/TerrainTextures/GroundDryLeaves01.png
  artifactKey: Guid(3f893818068c13c498261af150bea6f3) Importer(815301076,1909f56bfc062723c751e8b465ee728b)
Start importing Assets/TerrainTexturesPackFree/TerrainTextures/GroundDryLeaves01.png using Guid(3f893818068c13c498261af150bea6f3) Importer(815301076,1909f56bfc062723c751e8b465ee728b)  -> (artifact id: '7d0ba4400495892a15f7122264566c97') in 0.047621 seconds
  Import took 0.052472 seconds .

========================================================================
Received Import Request.
  Time since last request: 0.000279 seconds.
  path: Assets/TerrainTexturesPackFree/TerrainTextures/GroundCracked01.png
  artifactKey: Guid(a87cbf62329d56d4681d92302095915c) Importer(815301076,1909f56bfc062723c751e8b465ee728b)
Start importing Assets/TerrainTexturesPackFree/TerrainTextures/GroundCracked01.png using Guid(a87cbf62329d56d4681d92302095915c) Importer(815301076,1909f56bfc062723c751e8b465ee728b)  -> (artifact id: 'd2dca4358121576a5ddbf39ab53a14b0') in 0.033501 seconds
  Import took 0.051010 seconds .

========================================================================
Received Import Request.
  Time since last request: 0.000294 seconds.
  path: Assets/TerrainTexturesPackFree/TerrainTextures/GrassUV01_N.png
  artifactKey: Guid(77f758ad16f6580469ca8f42205f7b78) Importer(815301076,1909f56bfc062723c751e8b465ee728b)
Start importing Assets/TerrainTexturesPackFree/TerrainTextures/GrassUV01_N.png using Guid(77f758ad16f6580469ca8f42205f7b78) Importer(815301076,1909f56bfc062723c751e8b465ee728b)  -> (artifact id: '90bca88f3e540d0d9d197e875effee5f') in 0.602301 seconds
  Import took 0.610269 seconds .

========================================================================
Received Import Request.
  Time since last request: 32.766533 seconds.
  path: Assets/YughuesFreeBushes2018/Materials/M_Bush01.mat
  artifactKey: Guid(3bae03ff15e9f0749abaf52aaf5d1bff) Importer(815301076,1909f56bfc062723c751e8b465ee728b)
Start importing Assets/YughuesFreeBushes2018/Materials/M_Bush01.mat using Guid(3bae03ff15e9f0749abaf52aaf5d1bff) Importer(815301076,1909f56bfc062723c751e8b465ee728b)  -> (artifact id: '3393577414a0fa4fa53772aa12994e58') in 0.250809 seconds
  Import took 0.269569 seconds .

========================================================================
Received Import Request.
  Time since last request: 0.000268 seconds.
  path: Assets/YughuesFreeBushes2018/Materials/M_Bush02.mat
  artifactKey: Guid(df6c952ce6b06b649866e65546e9bb38) Importer(815301076,1909f56bfc062723c751e8b465ee728b)
Start importing Assets/YughuesFreeBushes2018/Materials/M_Bush02.mat using Guid(df6c952ce6b06b649866e65546e9bb38) Importer(815301076,1909f56bfc062723c751e8b465ee728b)  -> (artifact id: '29869c090b5e04c70416ad3a623334fc') in 0.082851 seconds
  Import took 0.100000 seconds .

========================================================================
Received Import Request.
  Time since last request: 0.000243 seconds.
  path: Assets/YughuesFreeBushes2018/Materials/M_Bush05.mat
  artifactKey: Guid(539e6efd36fe10a4682b450875379c55) Importer(815301076,1909f56bfc062723c751e8b465ee728b)
Start importing Assets/YughuesFreeBushes2018/Materials/M_Bush05.mat using Guid(539e6efd36fe10a4682b450875379c55) Importer(815301076,1909f56bfc062723c751e8b465ee728b)  -> (artifact id: 'c90e377d504c7ce437928b88f848976c') in 0.133668 seconds
  Import took 0.136015 seconds .

========================================================================
Received Import Request.
  Time since last request: 0.000207 seconds.
  path: Assets/YughuesFreeBushes2018/Materials/M_Bush03.mat
  artifactKey: Guid(cefe5e02e8418a04d927f43107b3558f) Importer(815301076,1909f56bfc062723c751e8b465ee728b)
Start importing Assets/YughuesFreeBushes2018/Materials/M_Bush03.mat using Guid(cefe5e02e8418a04d927f43107b3558f) Importer(815301076,1909f56bfc062723c751e8b465ee728b)  -> (artifact id: 'bc789c44ad503e93cd876aca0abd4761') in 0.054343 seconds
  Import took 0.069417 seconds .

========================================================================
Received Import Request.
  Time since last request: 0.000235 seconds.
  path: Assets/YughuesFreeBushes2018/Materials/M_Bush04.mat
  artifactKey: Guid(8c8101c25cb4f824c8b8334e85e32af9) Importer(815301076,1909f56bfc062723c751e8b465ee728b)
Start importing Assets/YughuesFreeBushes2018/Materials/M_Bush04.mat using Guid(8c8101c25cb4f824c8b8334e85e32af9) Importer(815301076,1909f56bfc062723c751e8b465ee728b)  -> (artifact id: '2e658b29a2821a78d111301389b30003') in 0.090732 seconds
  Import took 0.102396 seconds .

========================================================================
Received Prepare
Refreshing native plugins compatible for Editor in 1.29 ms, found 0 plugins.
Preloading 0 native plugins for Editor in 0.00 ms.
Unloading 3 Unused Serialized files (Serialized files now loaded: 0)
System memory in use before: 48.4 MB.
System memory in use after: 48.5 MB.

Unloading 3 unused Assets to reduce memory usage. Loaded Objects now: 1631.
Total: 3.281400 ms (FindLiveObjects: 0.287200 ms CreateObjectMapping: 0.059500 ms MarkObjects: 2.853600 ms  DeleteObjects: 0.079500 ms)

AssetImportWorkerClient::OnTransportError - code=2 error=End of file
