Using pre-set license
Built from '2020.2/release' branch; Version is '2020.2.1f1 (270dd8c3da1c) revision 2559448'; Using compiler version '192528614'; Build Type 'Release'
OS: 'Windows 10  (10.0.0) 64bit' Language: 'tr' Physical Memory: 15308 MB
BatchMode: 1, IsHumanControllingUs: 0, StartBugReporterOnCrash: 0, Is64bit: 1, IsPro: 0

 COMMAND LINE ARGUMENTS:
C:\Program Files\Unity\Hub\Editor\2020.2.1f1\Editor\Unity.exe
-adb2
-batchMode
-noUpm
-name
AssetImportWorker0
-projectPath
C:/Users/Win10/Desktop/Unity Game/Gezegen Oyunu
-logFile
Logs/AssetImportWorker0.log
-srvPort
61210
Successfully changed project path to: C:/Users/Win10/Desktop/Unity Game/Gezegen Oyunu
C:/Users/Win10/Desktop/Unity Game/Gezegen Oyunu
Using Asset Import Pipeline V2.
Refreshing native plugins compatible for Editor in 35.48 ms, found 0 plugins.
Preloading 0 native plugins for Editor in 0.00 ms.
Initialize engine version: 2020.2.1f1 (270dd8c3da1c)
[Subsystems] Discovering subsystems at path C:/Program Files/Unity/Hub/Editor/2020.2.1f1/Editor/Data/Resources/UnitySubsystems
[Subsystems] Discovering subsystems at path C:/Users/Win10/Desktop/Unity Game/Gezegen Oyunu/Assets
GfxDevice: creating device client; threaded=0
Direct3D:
    Version:  Direct3D 11.0 [level 11.1]
    Renderer: AMD Radeon(TM) RX Vega 11 Graphics (ID=0x15dd)
    Vendor:   
    VRAM:     7654 MB
    Driver:   27.20.14535.3005
Initialize mono
Mono path[0] = 'C:/Program Files/Unity/Hub/Editor/2020.2.1f1/Editor/Data/Managed'
Mono path[1] = 'C:/Program Files/Unity/Hub/Editor/2020.2.1f1/Editor/Data/MonoBleedingEdge/lib/mono/unityjit'
Mono config path = 'C:/Program Files/Unity/Hub/Editor/2020.2.1f1/Editor/Data/MonoBleedingEdge/etc'
Using monoOptions --debugger-agent=transport=dt_socket,embedding=1,server=y,suspend=n,address=127.0.0.1:56760
Begin MonoManager ReloadAssembly
Registering precompiled unity dll's ...
Register platform support module: C:/Program Files/Unity/Hub/Editor/2020.2.1f1/Editor/Data/PlaybackEngines/WebGLSupport/UnityEditor.WebGL.Extensions.dll
Register platform support module: C:/Program Files/Unity/Hub/Editor/2020.2.1f1/Editor/Data/PlaybackEngines/WindowsStandaloneSupport/UnityEditor.WindowsStandalone.Extensions.dll
Register platform support module: C:/Program Files/Unity/Hub/Editor/2020.2.1f1/Editor/Data/PlaybackEngines/LuminSupport/UnityEditor.Lumin.Extensions.dll
Registered in 0.004064 seconds.
Native extension for Lumin target not found
Native extension for WindowsStandalone target not found
Native extension for WebGL target not found
Refreshing native plugins compatible for Editor in 36.25 ms, found 0 plugins.
Preloading 0 native plugins for Editor in 0.00 ms.
Invoked RoslynAnalysisRunner static constructor.
RoslynAnalysisRunner will not be running.
RoslynAnalysisRunner has terminated.
Mono: successfully reloaded assembly
- Completed reload, in  3.363 seconds
Platform modules already initialized, skipping
Registering precompiled user dll's ...
Registered in 0.000917 seconds.
Begin MonoManager ReloadAssembly
Native extension for Lumin target not found
Native extension for WindowsStandalone target not found
Native extension for WebGL target not found
Refreshing native plugins compatible for Editor in 0.25 ms, found 0 plugins.
Preloading 0 native plugins for Editor in 0.00 ms.
Invoked RoslynAnalysisRunner static constructor.
RoslynAnalysisRunner will not be running.
RoslynAnalysisRunner has terminated.
Mono: successfully reloaded assembly
- Completed reload, in  1.199 seconds
Platform modules already initialized, skipping
========================================================================
Worker process is ready to serve import requests
Launched and connected shader compiler UnityShaderCompiler.exe after 0.04 seconds
Refreshing native plugins compatible for Editor in 0.28 ms, found 0 plugins.
Preloading 0 native plugins for Editor in 0.00 ms.
Unloading 1119 Unused Serialized files (Serialized files now loaded: 0)
System memory in use before: 60.4 MB.
System memory in use after: 60.4 MB.

Unloading 9 unused Assets to reduce memory usage. Loaded Objects now: 1569.
Total: 2.284700 ms (FindLiveObjects: 0.193000 ms CreateObjectMapping: 0.042600 ms MarkObjects: 1.975900 ms  DeleteObjects: 0.072100 ms)

========================================================================
Received Import Request.
  path: Assets/Planet Earth Free/Materials/Earth2kNormal.png
  artifactKey: Guid(47baf10b56ae76347bd195f23c04002a) Importer(815301076,1909f56bfc062723c751e8b465ee728b)
Start importing Assets/Planet Earth Free/Materials/Earth2kNormal.png using Guid(47baf10b56ae76347bd195f23c04002a) Importer(815301076,1909f56bfc062723c751e8b465ee728b)  -> (artifact id: 'fa609a1ce4abe74f08c3408d62538f5c') in 0.149963 seconds
  Import took 0.152459 seconds .

========================================================================
Received Import Request.
  Time since last request: 0.000240 seconds.
  path: Assets/Planet Earth Free/Materials/Earth2kTexture.png
  artifactKey: Guid(19dcdc22008309643a435bfa15affdb9) Importer(815301076,1909f56bfc062723c751e8b465ee728b)
Start importing Assets/Planet Earth Free/Materials/Earth2kTexture.png using Guid(19dcdc22008309643a435bfa15affdb9) Importer(815301076,1909f56bfc062723c751e8b465ee728b)  -> (artifact id: '876936b8f196e9968680a11773b48520') in 0.022239 seconds
  Import took 0.024585 seconds .

========================================================================
Received Import Request.
  Time since last request: 0.000228 seconds.
  path: Assets/Planet Earth Free/Materials/Earth1kTexture.png
  artifactKey: Guid(bfe0b7cbdb6e54a4fb69c7f5b8fbcf81) Importer(815301076,1909f56bfc062723c751e8b465ee728b)
Start importing Assets/Planet Earth Free/Materials/Earth1kTexture.png using Guid(bfe0b7cbdb6e54a4fb69c7f5b8fbcf81) Importer(815301076,1909f56bfc062723c751e8b465ee728b)  -> (artifact id: 'b71bfd0e970f88d0ef6ff3066fe3549c') in 0.039908 seconds
  Import took 0.042631 seconds .

========================================================================
Received Import Request.
  Time since last request: 0.000337 seconds.
  path: Assets/Planet Earth Free/Materials/Earth4kNormal.png
  artifactKey: Guid(3d650b2b67d9b1341861a4fd90c20b97) Importer(815301076,1909f56bfc062723c751e8b465ee728b)
Start importing Assets/Planet Earth Free/Materials/Earth4kNormal.png using Guid(3d650b2b67d9b1341861a4fd90c20b97) Importer(815301076,1909f56bfc062723c751e8b465ee728b)  -> (artifact id: '75c9543ab1242b28169d2f27277ea4b1') in 0.056176 seconds
  Import took 0.059555 seconds .

========================================================================
Received Import Request.
  Time since last request: 0.000270 seconds.
  path: Assets/Planet Earth Free/Materials/StarsTexture.png
  artifactKey: Guid(a36530de48f48214e8decf4cc52eeb9b) Importer(815301076,1909f56bfc062723c751e8b465ee728b)
Start importing Assets/Planet Earth Free/Materials/StarsTexture.png using Guid(a36530de48f48214e8decf4cc52eeb9b) Importer(815301076,1909f56bfc062723c751e8b465ee728b)  -> (artifact id: 'f6096540be1a1a27bf4ef8c93a5b912c') in 0.023661 seconds
  Import took 0.027286 seconds .

========================================================================
Received Import Request.
  Time since last request: 0.000256 seconds.
  path: Assets/Planet Earth Free/Materials/Earth4kTexture.png
  artifactKey: Guid(29bd4cac4de86cb41af713a0b6498511) Importer(815301076,1909f56bfc062723c751e8b465ee728b)
Start importing Assets/Planet Earth Free/Materials/Earth4kTexture.png using Guid(29bd4cac4de86cb41af713a0b6498511) Importer(815301076,1909f56bfc062723c751e8b465ee728b)  -> (artifact id: '3098ab716e13a0e01fb01e22be486910') in 0.030095 seconds
  Import took 0.032932 seconds .

========================================================================
Received Import Request.
  Time since last request: 0.000208 seconds.
  path: Assets/Planet Earth Free/Materials/Earth1kNormal.png
  artifactKey: Guid(b9bde0ce2b53f2144852ee95519c5736) Importer(815301076,1909f56bfc062723c751e8b465ee728b)
Start importing Assets/Planet Earth Free/Materials/Earth1kNormal.png using Guid(b9bde0ce2b53f2144852ee95519c5736) Importer(815301076,1909f56bfc062723c751e8b465ee728b)  -> (artifact id: 'd888f2f5a35e5517debf2c174df6fa8a') in 0.017673 seconds
  Import took 0.020080 seconds .

========================================================================
Received Prepare
Refreshing native plugins compatible for Editor in 1.84 ms, found 0 plugins.
Preloading 0 native plugins for Editor in 0.00 ms.
Unloading 2 Unused Serialized files (Serialized files now loaded: 0)
System memory in use before: 40.9 MB.
System memory in use after: 41.0 MB.

Unloading 2 unused Assets to reduce memory usage. Loaded Objects now: 1575.
Total: 5.924900 ms (FindLiveObjects: 0.457200 ms CreateObjectMapping: 0.188900 ms MarkObjects: 5.246000 ms  DeleteObjects: 0.029500 ms)

AssetImportWorkerClient::OnTransportError - code=2 error=End of file
