Using pre-set license
Built from '2020.3/staging' branch; Version is '2020.3.10f1 (297d780c91bc) revision 2719096'; Using compiler version '192528614'; Build Type 'Release'
OS: 'Windows 10 Enterprise; OS build 19041.985; Version 2004; 64bit' Language: 'tr' Physical Memory: 15308 MB
BatchMode: 1, IsHumanControllingUs: 0, StartBugReporterOnCrash: 0, Is64bit: 1, IsPro: 0

 COMMAND LINE ARGUMENTS:
C:\Program Files\Unity\Hub\Editor\2020.3.10f1\Editor\Unity.exe
-adb2
-batchMode
-noUpm
-name
AssetImportWorker0
-projectPath
C:/Users/Win10/Desktop/Unity Game/Hiring Game
-logFile
Logs/AssetImportWorker0.log
-srvPort
50005
Successfully changed project path to: C:/Users/Win10/Desktop/Unity Game/Hiring Game
C:/Users/Win10/Desktop/Unity Game/Hiring Game
Using Asset Import Pipeline V2.
Refreshing native plugins compatible for Editor in 53.53 ms, found 2 plugins.
Preloading 0 native plugins for Editor in 0.00 ms.
Initialize engine version: 2020.3.10f1 (297d780c91bc)
[Subsystems] Discovering subsystems at path C:/Program Files/Unity/Hub/Editor/2020.3.10f1/Editor/Data/Resources/UnitySubsystems
[Subsystems] Discovering subsystems at path C:/Users/Win10/Desktop/Unity Game/Hiring Game/Assets
GfxDevice: creating device client; threaded=0
Direct3D:
    Version:  Direct3D 11.0 [level 11.1]
    Renderer: AMD Radeon(TM) RX Vega 11 Graphics (ID=0x15dd)
    Vendor:   
    VRAM:     7654 MB
    Driver:   27.20.14535.3005
Initialize mono
Mono path[0] = 'C:/Program Files/Unity/Hub/Editor/2020.3.10f1/Editor/Data/Managed'
Mono path[1] = 'C:/Program Files/Unity/Hub/Editor/2020.3.10f1/Editor/Data/MonoBleedingEdge/lib/mono/unityjit'
Mono config path = 'C:/Program Files/Unity/Hub/Editor/2020.3.10f1/Editor/Data/MonoBleedingEdge/etc'
Using monoOptions --debugger-agent=transport=dt_socket,embedding=1,server=y,suspend=n,address=127.0.0.1:56808
Begin MonoManager ReloadAssembly
Registering precompiled unity dll's ...
Register platform support module: C:/Program Files/Unity/Hub/Editor/2020.3.10f1/Editor/Data/PlaybackEngines/WebGLSupport/UnityEditor.WebGL.Extensions.dll
Register platform support module: C:/Program Files/Unity/Hub/Editor/2020.3.10f1/Editor/Data/PlaybackEngines/WindowsStandaloneSupport/UnityEditor.WindowsStandalone.Extensions.dll
Register platform support module: C:/Program Files/Unity/Hub/Editor/2020.3.10f1/Editor/Data/PlaybackEngines/LuminSupport/UnityEditor.Lumin.Extensions.dll
Registered in 0.004554 seconds.
Native extension for Lumin target not found
Native extension for WindowsStandalone target not found
Native extension for WebGL target not found
Refreshing native plugins compatible for Editor in 29.82 ms, found 2 plugins.
Preloading 0 native plugins for Editor in 0.00 ms.
Mono: successfully reloaded assembly
- Completed reload, in  3.595 seconds
Platform modules already initialized, skipping
Registering precompiled user dll's ...
Registered in 0.007467 seconds.
Begin MonoManager ReloadAssembly
Native extension for Lumin target not found
Native extension for WindowsStandalone target not found
Native extension for WebGL target not found
Refreshing native plugins compatible for Editor in 0.37 ms, found 2 plugins.
Preloading 0 native plugins for Editor in 0.00 ms.
Mono: successfully reloaded assembly
- Completed reload, in  1.365 seconds
Platform modules already initialized, skipping
========================================================================
Worker process is ready to serve import requests
Launched and connected shader compiler UnityShaderCompiler.exe after 0.06 seconds
Refreshing native plugins compatible for Editor in 0.38 ms, found 2 plugins.
Preloading 0 native plugins for Editor in 0.00 ms.
Unloading 1397 Unused Serialized files (Serialized files now loaded: 0)
System memory in use before: 65.0 MB.
System memory in use after: 65.1 MB.

Unloading 21 unused Assets to reduce memory usage. Loaded Objects now: 1833.
Total: 2.330100 ms (FindLiveObjects: 0.178200 ms CreateObjectMapping: 0.040000 ms MarkObjects: 2.014600 ms  DeleteObjects: 0.095800 ms)

========================================================================
Received Import Request.
  path: Assets/New Material 1.mat
  artifactKey: Guid(48e445e037350bb4f818be3078dc59e8) Importer(815301076,1909f56bfc062723c751e8b465ee728b)
Start importing Assets/New Material 1.mat using Guid(48e445e037350bb4f818be3078dc59e8) Importer(815301076,1909f56bfc062723c751e8b465ee728b)  -> (artifact id: '64a750a2d913d896baa808a750816677') in 0.369605 seconds
  Import took 0.372354 seconds .

========================================================================
Received Import Request.
  Time since last request: 0.000227 seconds.
  path: Assets/Cube.prefab
  artifactKey: Guid(0d3e104f910a0da42b8dc141b28346b5) Importer(815301076,1909f56bfc062723c751e8b465ee728b)
Start importing Assets/Cube.prefab using Guid(0d3e104f910a0da42b8dc141b28346b5) Importer(815301076,1909f56bfc062723c751e8b465ee728b)  -> (artifact id: '0294139361076fccbcb8db3fbdcb62fa') in 0.041387 seconds
  Import took 0.044688 seconds .

========================================================================
Received Import Request.
  Time since last request: 0.000213 seconds.
  path: Assets/New Material.mat
  artifactKey: Guid(0bc6bd532a944d243a6d93eddc1cf46a) Importer(815301076,1909f56bfc062723c751e8b465ee728b)
Start importing Assets/New Material.mat using Guid(0bc6bd532a944d243a6d93eddc1cf46a) Importer(815301076,1909f56bfc062723c751e8b465ee728b)  -> (artifact id: '85722e2606a631037356a60aabb85996') in 0.020552 seconds
  Import took 0.023542 seconds .

========================================================================
Received Import Request.
  Time since last request: 13.771978 seconds.
  path: Assets/CameraController.cs
  artifactKey: Guid(ffc2e1da6e892634fa39bcdabf2b3c7b) Importer(815301076,1909f56bfc062723c751e8b465ee728b)
Start importing Assets/CameraController.cs using Guid(ffc2e1da6e892634fa39bcdabf2b3c7b) Importer(815301076,1909f56bfc062723c751e8b465ee728b)  -> (artifact id: '9bdd47d1b957889416944407c546cb66') in 0.015394 seconds
  Import took 0.018341 seconds .

========================================================================
Received Import Request.
  Time since last request: 1.808642 seconds.
  path: Assets/SphereController.cs
  artifactKey: Guid(c1512b66642840a4d8319cb52b3707d7) Importer(815301076,1909f56bfc062723c751e8b465ee728b)
Start importing Assets/SphereController.cs using Guid(c1512b66642840a4d8319cb52b3707d7) Importer(815301076,1909f56bfc062723c751e8b465ee728b)  -> (artifact id: '1bdbd6cf0f351e12d83db8ee7ba1c623') in 0.009104 seconds
  Import took 0.011812 seconds .

========================================================================
Received Import Request.
  Time since last request: 0.142112 seconds.
  path: Assets/SphereController.cs
  artifactKey: Guid(c1512b66642840a4d8319cb52b3707d7) Importer(815301076,1909f56bfc062723c751e8b465ee728b)
Start importing Assets/SphereController.cs using Guid(c1512b66642840a4d8319cb52b3707d7) Importer(815301076,1909f56bfc062723c751e8b465ee728b)  -> (artifact id: '1bdbd6cf0f351e12d83db8ee7ba1c623') in 0.003531 seconds
  Import took 0.006341 seconds .

========================================================================
Received Import Request.
  Time since last request: 59.065162 seconds.
  path: Assets/SphereController.cs
  artifactKey: Guid(c1512b66642840a4d8319cb52b3707d7) Importer(815301076,1909f56bfc062723c751e8b465ee728b)
Start importing Assets/SphereController.cs using Guid(c1512b66642840a4d8319cb52b3707d7) Importer(815301076,1909f56bfc062723c751e8b465ee728b)  -> (artifact id: '54bafecd03e5209f2f647f9f776d1a33') in 0.004797 seconds
  Import took 0.007957 seconds .

========================================================================
Received Import Request.
  Time since last request: 11.335668 seconds.
  path: Assets/SphereController.cs
  artifactKey: Guid(c1512b66642840a4d8319cb52b3707d7) Importer(815301076,1909f56bfc062723c751e8b465ee728b)
Start importing Assets/SphereController.cs using Guid(c1512b66642840a4d8319cb52b3707d7) Importer(815301076,1909f56bfc062723c751e8b465ee728b)  -> (artifact id: '86ebbdafdcd4e07a3eb776b27f66bd58') in 0.005279 seconds
  Import took 0.008497 seconds .

========================================================================
Received Import Request.
  Time since last request: 16.446400 seconds.
  path: Assets/SphereController.cs
  artifactKey: Guid(c1512b66642840a4d8319cb52b3707d7) Importer(815301076,1909f56bfc062723c751e8b465ee728b)
Start importing Assets/SphereController.cs using Guid(c1512b66642840a4d8319cb52b3707d7) Importer(815301076,1909f56bfc062723c751e8b465ee728b)  -> (artifact id: '72c76c8db9e4a24feea694a09de741e0') in 0.004096 seconds
  Import took 0.006929 seconds .

========================================================================
Received Prepare
Registering precompiled user dll's ...
Registered in 0.006766 seconds.
Begin MonoManager ReloadAssembly
Native extension for Lumin target not found
Native extension for WindowsStandalone target not found
Native extension for WebGL target not found
Refreshing native plugins compatible for Editor in 0.49 ms, found 2 plugins.
Preloading 0 native plugins for Editor in 0.00 ms.
Mono: successfully reloaded assembly
- Completed reload, in  1.380 seconds
Platform modules already initialized, skipping
Refreshing native plugins compatible for Editor in 0.42 ms, found 2 plugins.
Preloading 0 native plugins for Editor in 0.00 ms.
Unloading 1392 Unused Serialized files (Serialized files now loaded: 0)
System memory in use before: 68.3 MB.
System memory in use after: 68.4 MB.

Unloading 16 unused Assets to reduce memory usage. Loaded Objects now: 1877.
Total: 2.566900 ms (FindLiveObjects: 0.176300 ms CreateObjectMapping: 0.034100 ms MarkObjects: 2.289000 ms  DeleteObjects: 0.066100 ms)

========================================================================
Received Import Request.
  Time since last request: 16.123307 seconds.
  path: Assets/Character Animator.controller
  artifactKey: Guid(78e976a1983af5145882791c816ceed6) Importer(815301076,1909f56bfc062723c751e8b465ee728b)
Start importing Assets/Character Animator.controller using Guid(78e976a1983af5145882791c816ceed6) Importer(815301076,1909f56bfc062723c751e8b465ee728b)  -> (artifact id: '2b357a5e84f8272b08bf91bc5417e36f') in 0.026448 seconds
  Import took 0.029296 seconds .

========================================================================
Received Prepare
Registering precompiled user dll's ...
Registered in 0.006151 seconds.
Begin MonoManager ReloadAssembly
Native extension for Lumin target not found
Native extension for WindowsStandalone target not found
Native extension for WebGL target not found
Refreshing native plugins compatible for Editor in 0.36 ms, found 2 plugins.
Preloading 0 native plugins for Editor in 0.00 ms.
Mono: successfully reloaded assembly
- Completed reload, in  1.464 seconds
Platform modules already initialized, skipping
Refreshing native plugins compatible for Editor in 0.35 ms, found 2 plugins.
Preloading 0 native plugins for Editor in 0.00 ms.
Unloading 1392 Unused Serialized files (Serialized files now loaded: 0)
System memory in use before: 68.3 MB.
System memory in use after: 68.4 MB.

Unloading 16 unused Assets to reduce memory usage. Loaded Objects now: 1880.
Total: 1.993400 ms (FindLiveObjects: 0.178200 ms CreateObjectMapping: 0.034500 ms MarkObjects: 1.719500 ms  DeleteObjects: 0.059900 ms)

========================================================================
Received Prepare
Registering precompiled user dll's ...
Registered in 0.006013 seconds.
Begin MonoManager ReloadAssembly
Native extension for Lumin target not found
Native extension for WindowsStandalone target not found
Native extension for WebGL target not found
Refreshing native plugins compatible for Editor in 0.44 ms, found 2 plugins.
Preloading 0 native plugins for Editor in 0.00 ms.
Mono: successfully reloaded assembly
- Completed reload, in  1.427 seconds
Platform modules already initialized, skipping
Refreshing native plugins compatible for Editor in 0.36 ms, found 2 plugins.
Preloading 0 native plugins for Editor in 0.00 ms.
Unloading 1392 Unused Serialized files (Serialized files now loaded: 0)
System memory in use before: 68.4 MB.
System memory in use after: 68.4 MB.

Unloading 16 unused Assets to reduce memory usage. Loaded Objects now: 1883.
Total: 2.309400 ms (FindLiveObjects: 0.184700 ms CreateObjectMapping: 0.041300 ms MarkObjects: 2.015800 ms  DeleteObjects: 0.066200 ms)

========================================================================
Received Prepare
Registering precompiled user dll's ...
Registered in 0.008138 seconds.
Begin MonoManager ReloadAssembly
Native extension for Lumin target not found
Native extension for WindowsStandalone target not found
Native extension for WebGL target not found
Refreshing native plugins compatible for Editor in 0.44 ms, found 2 plugins.
Preloading 0 native plugins for Editor in 0.00 ms.
Mono: successfully reloaded assembly
- Completed reload, in  1.478 seconds
Platform modules already initialized, skipping
Refreshing native plugins compatible for Editor in 0.52 ms, found 2 plugins.
Preloading 0 native plugins for Editor in 0.00 ms.
Unloading 1392 Unused Serialized files (Serialized files now loaded: 0)
System memory in use before: 68.4 MB.
System memory in use after: 68.5 MB.

Unloading 16 unused Assets to reduce memory usage. Loaded Objects now: 1886.
Total: 2.220000 ms (FindLiveObjects: 0.173400 ms CreateObjectMapping: 0.036100 ms MarkObjects: 1.943400 ms  DeleteObjects: 0.065600 ms)

========================================================================
Received Prepare
Registering precompiled user dll's ...
Registered in 0.006902 seconds.
Begin MonoManager ReloadAssembly
Native extension for Lumin target not found
Native extension for WindowsStandalone target not found
Native extension for WebGL target not found
Refreshing native plugins compatible for Editor in 0.56 ms, found 2 plugins.
Preloading 0 native plugins for Editor in 0.00 ms.
Mono: successfully reloaded assembly
- Completed reload, in  1.388 seconds
Platform modules already initialized, skipping
Refreshing native plugins compatible for Editor in 0.35 ms, found 2 plugins.
Preloading 0 native plugins for Editor in 0.00 ms.
Unloading 1392 Unused Serialized files (Serialized files now loaded: 0)
System memory in use before: 68.4 MB.
System memory in use after: 68.5 MB.

Unloading 16 unused Assets to reduce memory usage. Loaded Objects now: 1889.
Total: 2.582200 ms (FindLiveObjects: 0.214500 ms CreateObjectMapping: 0.041200 ms MarkObjects: 2.259400 ms  DeleteObjects: 0.065400 ms)

========================================================================
Received Import Request.
  Time since last request: 993.426397 seconds.
  path: Assets/Cube.prefab
  artifactKey: Guid(0d3e104f910a0da42b8dc141b28346b5) Importer(815301076,1909f56bfc062723c751e8b465ee728b)
Start importing Assets/Cube.prefab using Guid(0d3e104f910a0da42b8dc141b28346b5) Importer(815301076,1909f56bfc062723c751e8b465ee728b)  -> (artifact id: 'a4ad5c9d53815dea54ddd3de008e4bf4') in 0.082826 seconds
  Import took 0.097406 seconds .

========================================================================
Received Import Request.
  Time since last request: 0.014007 seconds.
  path: Assets/Cube.prefab
  artifactKey: Guid(0d3e104f910a0da42b8dc141b28346b5) Importer(815301076,1909f56bfc062723c751e8b465ee728b)
Start importing Assets/Cube.prefab using Guid(0d3e104f910a0da42b8dc141b28346b5) Importer(815301076,1909f56bfc062723c751e8b465ee728b)  -> (artifact id: 'a4ad5c9d53815dea54ddd3de008e4bf4') in 0.011840 seconds
  Import took 0.014535 seconds .

========================================================================
Received Prepare
Registering precompiled user dll's ...
Registered in 0.005906 seconds.
Begin MonoManager ReloadAssembly
Native extension for Lumin target not found
Native extension for WindowsStandalone target not found
Native extension for WebGL target not found
Refreshing native plugins compatible for Editor in 0.38 ms, found 2 plugins.
Preloading 0 native plugins for Editor in 0.00 ms.
Mono: successfully reloaded assembly
- Completed reload, in  1.302 seconds
Platform modules already initialized, skipping
Refreshing native plugins compatible for Editor in 0.36 ms, found 2 plugins.
Preloading 0 native plugins for Editor in 0.00 ms.
Unloading 1392 Unused Serialized files (Serialized files now loaded: 0)
System memory in use before: 68.4 MB.
System memory in use after: 68.5 MB.

Unloading 16 unused Assets to reduce memory usage. Loaded Objects now: 1893.
Total: 2.419200 ms (FindLiveObjects: 0.179600 ms CreateObjectMapping: 0.038000 ms MarkObjects: 2.130900 ms  DeleteObjects: 0.068900 ms)

========================================================================
Received Import Request.
  Time since last request: 125.930682 seconds.
  path: Assets/Red Cubes.prefab
  artifactKey: Guid(f1050795a406fb0468d109f9a53b393b) Importer(815301076,1909f56bfc062723c751e8b465ee728b)
Start importing Assets/Red Cubes.prefab using Guid(f1050795a406fb0468d109f9a53b393b) Importer(815301076,1909f56bfc062723c751e8b465ee728b)  -> (artifact id: 'abc16b3240060af4664c4ac98bf47cf9') in 0.081089 seconds
  Import took 0.083926 seconds .

========================================================================
Received Import Request.
  Time since last request: 1.050383 seconds.
  path: Assets
  artifactKey: Guid(00000000000000001000000000000000) Importer(815301076,1909f56bfc062723c751e8b465ee728b)
Start importing Assets using Guid(00000000000000001000000000000000) Importer(815301076,1909f56bfc062723c751e8b465ee728b)  -> (artifact id: '42d402b061de3733987d63b9cc3b64de') in 0.010713 seconds
  Import took 0.013614 seconds .

========================================================================
Received Import Request.
  Time since last request: 1.338209 seconds.
  path: Assets/yuvarlan.anim
  artifactKey: Guid(a183eb237d6bf19408beee9273efbf87) Importer(815301076,1909f56bfc062723c751e8b465ee728b)
Start importing Assets/yuvarlan.anim using Guid(a183eb237d6bf19408beee9273efbf87) Importer(815301076,1909f56bfc062723c751e8b465ee728b)  -> (artifact id: '1f302d0bb477592c6a441cdb1b95e16e') in 0.012476 seconds
  Import took 0.015734 seconds .

========================================================================
Received Import Request.
  Time since last request: 0.012516 seconds.
  path: Assets/yuvarlan.anim
  artifactKey: Guid(a183eb237d6bf19408beee9273efbf87) Importer(815301076,1909f56bfc062723c751e8b465ee728b)
Start importing Assets/yuvarlan.anim using Guid(a183eb237d6bf19408beee9273efbf87) Importer(815301076,1909f56bfc062723c751e8b465ee728b)  -> (artifact id: '1f302d0bb477592c6a441cdb1b95e16e') in 0.005078 seconds
  Import took 0.008431 seconds .

========================================================================
Received Prepare
Registering precompiled user dll's ...
Registered in 0.007575 seconds.
Begin MonoManager ReloadAssembly
Native extension for Lumin target not found
Native extension for WindowsStandalone target not found
Native extension for WebGL target not found
Refreshing native plugins compatible for Editor in 0.36 ms, found 2 plugins.
Preloading 0 native plugins for Editor in 0.00 ms.
Mono: successfully reloaded assembly
- Completed reload, in  1.386 seconds
Platform modules already initialized, skipping
Refreshing native plugins compatible for Editor in 0.42 ms, found 2 plugins.
Preloading 0 native plugins for Editor in 0.00 ms.
Unloading 1392 Unused Serialized files (Serialized files now loaded: 0)
System memory in use before: 68.4 MB.
System memory in use after: 68.5 MB.

Unloading 16 unused Assets to reduce memory usage. Loaded Objects now: 1897.
Total: 2.556900 ms (FindLiveObjects: 0.206400 ms CreateObjectMapping: 0.040200 ms MarkObjects: 2.233100 ms  DeleteObjects: 0.075600 ms)

========================================================================
Received Prepare
Registering precompiled user dll's ...
Registered in 0.005978 seconds.
Begin MonoManager ReloadAssembly
Native extension for Lumin target not found
Native extension for WindowsStandalone target not found
Native extension for WebGL target not found
Refreshing native plugins compatible for Editor in 0.43 ms, found 2 plugins.
Preloading 0 native plugins for Editor in 0.00 ms.
Mono: successfully reloaded assembly
- Completed reload, in  1.280 seconds
Platform modules already initialized, skipping
Refreshing native plugins compatible for Editor in 0.41 ms, found 2 plugins.
Preloading 0 native plugins for Editor in 0.00 ms.
Unloading 1392 Unused Serialized files (Serialized files now loaded: 0)
System memory in use before: 68.4 MB.
System memory in use after: 68.5 MB.

Unloading 16 unused Assets to reduce memory usage. Loaded Objects now: 1900.
Total: 2.341200 ms (FindLiveObjects: 0.182500 ms CreateObjectMapping: 0.040500 ms MarkObjects: 2.050400 ms  DeleteObjects: 0.066400 ms)

========================================================================
Received Prepare
Registering precompiled user dll's ...
Registered in 0.007974 seconds.
Begin MonoManager ReloadAssembly
Native extension for Lumin target not found
Native extension for WindowsStandalone target not found
Native extension for WebGL target not found
Refreshing native plugins compatible for Editor in 0.36 ms, found 2 plugins.
Preloading 0 native plugins for Editor in 0.00 ms.
Mono: successfully reloaded assembly
- Completed reload, in  1.344 seconds
Platform modules already initialized, skipping
Refreshing native plugins compatible for Editor in 0.38 ms, found 2 plugins.
Preloading 0 native plugins for Editor in 0.00 ms.
Unloading 1392 Unused Serialized files (Serialized files now loaded: 0)
System memory in use before: 68.4 MB.
System memory in use after: 68.5 MB.

Unloading 16 unused Assets to reduce memory usage. Loaded Objects now: 1903.
Total: 2.021500 ms (FindLiveObjects: 0.177200 ms CreateObjectMapping: 0.033500 ms MarkObjects: 1.747900 ms  DeleteObjects: 0.061900 ms)

========================================================================
Received Prepare
Registering precompiled user dll's ...
Registered in 0.007124 seconds.
Begin MonoManager ReloadAssembly
Native extension for Lumin target not found
Native extension for WindowsStandalone target not found
Native extension for WebGL target not found
Refreshing native plugins compatible for Editor in 0.39 ms, found 2 plugins.
Preloading 0 native plugins for Editor in 0.00 ms.
Mono: successfully reloaded assembly
- Completed reload, in  1.419 seconds
Platform modules already initialized, skipping
Refreshing native plugins compatible for Editor in 0.40 ms, found 2 plugins.
Preloading 0 native plugins for Editor in 0.00 ms.
Unloading 1392 Unused Serialized files (Serialized files now loaded: 0)
System memory in use before: 68.4 MB.
System memory in use after: 68.5 MB.

Unloading 16 unused Assets to reduce memory usage. Loaded Objects now: 1906.
Total: 2.367200 ms (FindLiveObjects: 0.199100 ms CreateObjectMapping: 0.039300 ms MarkObjects: 2.061000 ms  DeleteObjects: 0.066000 ms)

========================================================================
Received Prepare
Registering precompiled user dll's ...
Registered in 0.005807 seconds.
Begin MonoManager ReloadAssembly
Native extension for Lumin target not found
Native extension for WindowsStandalone target not found
Native extension for WebGL target not found
Refreshing native plugins compatible for Editor in 0.43 ms, found 2 plugins.
Preloading 0 native plugins for Editor in 0.00 ms.
Mono: successfully reloaded assembly
- Completed reload, in  1.455 seconds
Platform modules already initialized, skipping
Refreshing native plugins compatible for Editor in 0.49 ms, found 2 plugins.
Preloading 0 native plugins for Editor in 0.00 ms.
Unloading 1392 Unused Serialized files (Serialized files now loaded: 0)
System memory in use before: 68.4 MB.
System memory in use after: 68.5 MB.

Unloading 16 unused Assets to reduce memory usage. Loaded Objects now: 1909.
Total: 3.046400 ms (FindLiveObjects: 0.242400 ms CreateObjectMapping: 0.051200 ms MarkObjects: 2.672900 ms  DeleteObjects: 0.078200 ms)

========================================================================
Received Prepare
Registering precompiled user dll's ...
Registered in 0.006710 seconds.
Begin MonoManager ReloadAssembly
Native extension for Lumin target not found
Native extension for WindowsStandalone target not found
Native extension for WebGL target not found
Refreshing native plugins compatible for Editor in 0.45 ms, found 2 plugins.
Preloading 0 native plugins for Editor in 0.00 ms.
Mono: successfully reloaded assembly
- Completed reload, in  1.385 seconds
Platform modules already initialized, skipping
Refreshing native plugins compatible for Editor in 0.54 ms, found 2 plugins.
Preloading 0 native plugins for Editor in 0.00 ms.
Unloading 1392 Unused Serialized files (Serialized files now loaded: 0)
System memory in use before: 68.5 MB.
System memory in use after: 68.5 MB.

Unloading 16 unused Assets to reduce memory usage. Loaded Objects now: 1912.
Total: 2.486300 ms (FindLiveObjects: 0.203700 ms CreateObjectMapping: 0.045400 ms MarkObjects: 2.164500 ms  DeleteObjects: 0.071200 ms)

========================================================================
Received Prepare
Registering precompiled user dll's ...
Registered in 0.006519 seconds.
Begin MonoManager ReloadAssembly
Native extension for Lumin target not found
Native extension for WindowsStandalone target not found
Native extension for WebGL target not found
Refreshing native plugins compatible for Editor in 0.49 ms, found 2 plugins.
Preloading 0 native plugins for Editor in 0.00 ms.
Mono: successfully reloaded assembly
- Completed reload, in  1.485 seconds
Platform modules already initialized, skipping
Refreshing native plugins compatible for Editor in 0.53 ms, found 2 plugins.
Preloading 0 native plugins for Editor in 0.00 ms.
Unloading 1392 Unused Serialized files (Serialized files now loaded: 0)
System memory in use before: 68.5 MB.
System memory in use after: 68.5 MB.

Unloading 16 unused Assets to reduce memory usage. Loaded Objects now: 1915.
Total: 3.005100 ms (FindLiveObjects: 0.245200 ms CreateObjectMapping: 0.050700 ms MarkObjects: 2.629400 ms  DeleteObjects: 0.078000 ms)

========================================================================
Received Prepare
Registering precompiled user dll's ...
Registered in 0.007507 seconds.
Begin MonoManager ReloadAssembly
Native extension for Lumin target not found
Native extension for WindowsStandalone target not found
Native extension for WebGL target not found
Refreshing native plugins compatible for Editor in 0.62 ms, found 2 plugins.
Preloading 0 native plugins for Editor in 0.00 ms.
Mono: successfully reloaded assembly
- Completed reload, in  1.485 seconds
Platform modules already initialized, skipping
Refreshing native plugins compatible for Editor in 0.40 ms, found 2 plugins.
Preloading 0 native plugins for Editor in 0.00 ms.
Unloading 1392 Unused Serialized files (Serialized files now loaded: 0)
System memory in use before: 68.5 MB.
System memory in use after: 68.5 MB.

Unloading 16 unused Assets to reduce memory usage. Loaded Objects now: 1918.
Total: 2.365000 ms (FindLiveObjects: 0.192800 ms CreateObjectMapping: 0.045100 ms MarkObjects: 2.058500 ms  DeleteObjects: 0.067300 ms)

========================================================================
Received Prepare
Registering precompiled user dll's ...
Registered in 0.007140 seconds.
Begin MonoManager ReloadAssembly
Native extension for Lumin target not found
Native extension for WindowsStandalone target not found
Native extension for WebGL target not found
Refreshing native plugins compatible for Editor in 0.38 ms, found 2 plugins.
Preloading 0 native plugins for Editor in 0.00 ms.
Mono: successfully reloaded assembly
- Completed reload, in  1.543 seconds
Platform modules already initialized, skipping
Refreshing native plugins compatible for Editor in 0.54 ms, found 2 plugins.
Preloading 0 native plugins for Editor in 0.00 ms.
Unloading 1392 Unused Serialized files (Serialized files now loaded: 0)
System memory in use before: 68.5 MB.
System memory in use after: 68.5 MB.

Unloading 16 unused Assets to reduce memory usage. Loaded Objects now: 1921.
Total: 2.874800 ms (FindLiveObjects: 0.272600 ms CreateObjectMapping: 0.059400 ms MarkObjects: 2.466300 ms  DeleteObjects: 0.074300 ms)

========================================================================
Received Prepare
Registering precompiled user dll's ...
Registered in 0.007041 seconds.
Begin MonoManager ReloadAssembly
Native extension for Lumin target not found
Native extension for WindowsStandalone target not found
Native extension for WebGL target not found
Refreshing native plugins compatible for Editor in 0.36 ms, found 2 plugins.
Preloading 0 native plugins for Editor in 0.00 ms.
Mono: successfully reloaded assembly
- Completed reload, in  1.385 seconds
Platform modules already initialized, skipping
Refreshing native plugins compatible for Editor in 0.41 ms, found 2 plugins.
Preloading 0 native plugins for Editor in 0.00 ms.
Unloading 1392 Unused Serialized files (Serialized files now loaded: 0)
System memory in use before: 68.5 MB.
System memory in use after: 68.5 MB.

Unloading 16 unused Assets to reduce memory usage. Loaded Objects now: 1924.
Total: 3.522200 ms (FindLiveObjects: 0.204300 ms CreateObjectMapping: 0.046500 ms MarkObjects: 3.181200 ms  DeleteObjects: 0.088000 ms)

========================================================================
Received Prepare
Registering precompiled user dll's ...
Registered in 0.006806 seconds.
Begin MonoManager ReloadAssembly
Native extension for Lumin target not found
Native extension for WindowsStandalone target not found
Native extension for WebGL target not found
Refreshing native plugins compatible for Editor in 0.45 ms, found 2 plugins.
Preloading 0 native plugins for Editor in 0.00 ms.
Mono: successfully reloaded assembly
- Completed reload, in  1.373 seconds
Platform modules already initialized, skipping
Refreshing native plugins compatible for Editor in 0.42 ms, found 2 plugins.
Preloading 0 native plugins for Editor in 0.00 ms.
Unloading 1392 Unused Serialized files (Serialized files now loaded: 0)
System memory in use before: 68.5 MB.
System memory in use after: 68.6 MB.

Unloading 16 unused Assets to reduce memory usage. Loaded Objects now: 1927.
Total: 2.635900 ms (FindLiveObjects: 0.202700 ms CreateObjectMapping: 0.041400 ms MarkObjects: 2.316700 ms  DeleteObjects: 0.073500 ms)

========================================================================
Received Prepare
Registering precompiled user dll's ...
Registered in 0.005591 seconds.
Begin MonoManager ReloadAssembly
Native extension for Lumin target not found
Native extension for WindowsStandalone target not found
Native extension for WebGL target not found
Refreshing native plugins compatible for Editor in 0.42 ms, found 2 plugins.
Preloading 0 native plugins for Editor in 0.00 ms.
Mono: successfully reloaded assembly
- Completed reload, in  1.406 seconds
Platform modules already initialized, skipping
Refreshing native plugins compatible for Editor in 0.53 ms, found 2 plugins.
Preloading 0 native plugins for Editor in 0.00 ms.
Unloading 1392 Unused Serialized files (Serialized files now loaded: 0)
System memory in use before: 68.5 MB.
System memory in use after: 68.6 MB.

Unloading 16 unused Assets to reduce memory usage. Loaded Objects now: 1930.
Total: 2.236000 ms (FindLiveObjects: 0.257800 ms CreateObjectMapping: 0.044900 ms MarkObjects: 1.869400 ms  DeleteObjects: 0.062300 ms)

========================================================================
Received Prepare
Registering precompiled user dll's ...
Registered in 0.008450 seconds.
Begin MonoManager ReloadAssembly
Native extension for Lumin target not found
Native extension for WindowsStandalone target not found
Native extension for WebGL target not found
Refreshing native plugins compatible for Editor in 0.36 ms, found 2 plugins.
Preloading 0 native plugins for Editor in 0.00 ms.
Mono: successfully reloaded assembly
- Completed reload, in  1.375 seconds
Platform modules already initialized, skipping
Refreshing native plugins compatible for Editor in 0.42 ms, found 2 plugins.
Preloading 0 native plugins for Editor in 0.00 ms.
Unloading 1392 Unused Serialized files (Serialized files now loaded: 0)
System memory in use before: 68.5 MB.
System memory in use after: 68.6 MB.

Unloading 16 unused Assets to reduce memory usage. Loaded Objects now: 1933.
Total: 2.625400 ms (FindLiveObjects: 0.200900 ms CreateObjectMapping: 0.047000 ms MarkObjects: 2.299600 ms  DeleteObjects: 0.076100 ms)

========================================================================
Received Prepare
Registering precompiled user dll's ...
Registered in 0.006595 seconds.
Begin MonoManager ReloadAssembly
Native extension for Lumin target not found
Native extension for WindowsStandalone target not found
Native extension for WebGL target not found
Refreshing native plugins compatible for Editor in 0.49 ms, found 2 plugins.
Preloading 0 native plugins for Editor in 0.00 ms.
Mono: successfully reloaded assembly
- Completed reload, in  1.373 seconds
Platform modules already initialized, skipping
Refreshing native plugins compatible for Editor in 0.41 ms, found 2 plugins.
Preloading 0 native plugins for Editor in 0.00 ms.
Unloading 1392 Unused Serialized files (Serialized files now loaded: 0)
System memory in use before: 68.5 MB.
System memory in use after: 68.6 MB.

Unloading 16 unused Assets to reduce memory usage. Loaded Objects now: 1936.
Total: 2.430600 ms (FindLiveObjects: 0.194700 ms CreateObjectMapping: 0.041700 ms MarkObjects: 2.125700 ms  DeleteObjects: 0.067100 ms)

========================================================================
Received Prepare
Registering precompiled user dll's ...
Registered in 0.007883 seconds.
Begin MonoManager ReloadAssembly
Native extension for Lumin target not found
Native extension for WindowsStandalone target not found
Native extension for WebGL target not found
Refreshing native plugins compatible for Editor in 0.42 ms, found 2 plugins.
Preloading 0 native plugins for Editor in 0.00 ms.
Mono: successfully reloaded assembly
- Completed reload, in  1.399 seconds
Platform modules already initialized, skipping
Refreshing native plugins compatible for Editor in 0.40 ms, found 2 plugins.
Preloading 0 native plugins for Editor in 0.00 ms.
Unloading 1392 Unused Serialized files (Serialized files now loaded: 0)
System memory in use before: 68.5 MB.
System memory in use after: 68.6 MB.

Unloading 16 unused Assets to reduce memory usage. Loaded Objects now: 1939.
Total: 2.391000 ms (FindLiveObjects: 0.245500 ms CreateObjectMapping: 0.050000 ms MarkObjects: 2.024200 ms  DeleteObjects: 0.070000 ms)

========================================================================
Received Prepare
Registering precompiled user dll's ...
Registered in 0.008030 seconds.
Begin MonoManager ReloadAssembly
Native extension for Lumin target not found
Native extension for WindowsStandalone target not found
Native extension for WebGL target not found
Refreshing native plugins compatible for Editor in 0.37 ms, found 2 plugins.
Preloading 0 native plugins for Editor in 0.00 ms.
Mono: successfully reloaded assembly
- Completed reload, in  1.405 seconds
Platform modules already initialized, skipping
Refreshing native plugins compatible for Editor in 0.89 ms, found 2 plugins.
Preloading 0 native plugins for Editor in 0.00 ms.
Unloading 1392 Unused Serialized files (Serialized files now loaded: 0)
System memory in use before: 68.5 MB.
System memory in use after: 68.6 MB.

Unloading 16 unused Assets to reduce memory usage. Loaded Objects now: 1942.
Total: 2.288900 ms (FindLiveObjects: 0.207000 ms CreateObjectMapping: 0.043800 ms MarkObjects: 1.967800 ms  DeleteObjects: 0.068800 ms)

========================================================================
Received Prepare
Registering precompiled user dll's ...
Registered in 0.006825 seconds.
Begin MonoManager ReloadAssembly
Native extension for Lumin target not found
Native extension for WindowsStandalone target not found
Native extension for WebGL target not found
Refreshing native plugins compatible for Editor in 0.59 ms, found 2 plugins.
Preloading 0 native plugins for Editor in 0.00 ms.
Mono: successfully reloaded assembly
- Completed reload, in  1.438 seconds
Platform modules already initialized, skipping
Refreshing native plugins compatible for Editor in 0.40 ms, found 2 plugins.
Preloading 0 native plugins for Editor in 0.00 ms.
Unloading 1392 Unused Serialized files (Serialized files now loaded: 0)
System memory in use before: 68.5 MB.
System memory in use after: 68.6 MB.

Unloading 16 unused Assets to reduce memory usage. Loaded Objects now: 1945.
Total: 2.670700 ms (FindLiveObjects: 0.207600 ms CreateObjectMapping: 0.046700 ms MarkObjects: 2.340200 ms  DeleteObjects: 0.074400 ms)

========================================================================
Received Prepare
Registering precompiled user dll's ...
Registered in 0.010050 seconds.
Begin MonoManager ReloadAssembly
Native extension for Lumin target not found
Native extension for WindowsStandalone target not found
Native extension for WebGL target not found
Refreshing native plugins compatible for Editor in 0.48 ms, found 2 plugins.
Preloading 0 native plugins for Editor in 0.00 ms.
Mono: successfully reloaded assembly
- Completed reload, in  1.554 seconds
Platform modules already initialized, skipping
Refreshing native plugins compatible for Editor in 0.35 ms, found 2 plugins.
Preloading 0 native plugins for Editor in 0.00 ms.
Unloading 1392 Unused Serialized files (Serialized files now loaded: 0)
System memory in use before: 68.5 MB.
System memory in use after: 68.6 MB.

Unloading 16 unused Assets to reduce memory usage. Loaded Objects now: 1948.
Total: 2.023600 ms (FindLiveObjects: 0.191800 ms CreateObjectMapping: 0.041400 ms MarkObjects: 1.722900 ms  DeleteObjects: 0.065900 ms)

========================================================================
Received Import Request.
  Time since last request: 1948.332220 seconds.
  path: Assets/zıplama.anim
  artifactKey: Guid(1f7ecca0a1352a84d8d98b7061360949) Importer(815301076,1909f56bfc062723c751e8b465ee728b)
Start importing Assets/zıplama.anim using Guid(1f7ecca0a1352a84d8d98b7061360949) Importer(815301076,1909f56bfc062723c751e8b465ee728b)  -> (artifact id: 'e04c1eafb19e808ab1d5998720f47684') in 0.026594 seconds
  Import took 0.029424 seconds .

========================================================================
Received Import Request.
  Time since last request: 13.975105 seconds.
  path: Assets/Script
  artifactKey: Guid(363cc61023bb24945b8d85208617e8fc) Importer(815301076,1909f56bfc062723c751e8b465ee728b)
Start importing Assets/Script using Guid(363cc61023bb24945b8d85208617e8fc) Importer(815301076,1909f56bfc062723c751e8b465ee728b)  -> (artifact id: '791efad4776518f7fe04cf9a5861e2be') in 0.013328 seconds
  Import took 0.016525 seconds .

========================================================================
Received Import Request.
  Time since last request: 0.000340 seconds.
  path: Assets/Script
  artifactKey: Guid(363cc61023bb24945b8d85208617e8fc) Importer(815301076,1909f56bfc062723c751e8b465ee728b)
Start importing Assets/Script using Guid(363cc61023bb24945b8d85208617e8fc) Importer(815301076,1909f56bfc062723c751e8b465ee728b)  -> (artifact id: '791efad4776518f7fe04cf9a5861e2be') in 0.009360 seconds
  Import took 0.012471 seconds .

========================================================================
Received Prepare
Registering precompiled user dll's ...
Registered in 0.006724 seconds.
Begin MonoManager ReloadAssembly
Native extension for Lumin target not found
Native extension for WindowsStandalone target not found
Native extension for WebGL target not found
Refreshing native plugins compatible for Editor in 0.36 ms, found 2 plugins.
Preloading 0 native plugins for Editor in 0.00 ms.
Mono: successfully reloaded assembly
- Completed reload, in  1.538 seconds
Platform modules already initialized, skipping
Refreshing native plugins compatible for Editor in 0.43 ms, found 2 plugins.
Preloading 0 native plugins for Editor in 0.00 ms.
Unloading 1392 Unused Serialized files (Serialized files now loaded: 0)
System memory in use before: 68.5 MB.
System memory in use after: 68.6 MB.

Unloading 16 unused Assets to reduce memory usage. Loaded Objects now: 1951.
Total: 2.727000 ms (FindLiveObjects: 0.205300 ms CreateObjectMapping: 0.044600 ms MarkObjects: 2.406100 ms  DeleteObjects: 0.069200 ms)

========================================================================
Received Prepare
Registering precompiled user dll's ...
Registered in 0.006806 seconds.
Begin MonoManager ReloadAssembly
Native extension for Lumin target not found
Native extension for WindowsStandalone target not found
Native extension for WebGL target not found
Refreshing native plugins compatible for Editor in 0.36 ms, found 2 plugins.
Preloading 0 native plugins for Editor in 0.00 ms.
Mono: successfully reloaded assembly
- Completed reload, in  1.388 seconds
Platform modules already initialized, skipping
Refreshing native plugins compatible for Editor in 0.36 ms, found 2 plugins.
Preloading 0 native plugins for Editor in 0.00 ms.
Unloading 1392 Unused Serialized files (Serialized files now loaded: 0)
System memory in use before: 68.6 MB.
System memory in use after: 68.6 MB.

Unloading 16 unused Assets to reduce memory usage. Loaded Objects now: 1954.
Total: 2.280000 ms (FindLiveObjects: 0.189500 ms CreateObjectMapping: 0.040900 ms MarkObjects: 1.983700 ms  DeleteObjects: 0.064900 ms)

========================================================================
Received Import Request.
  Time since last request: 34.668572 seconds.
  path: Assets/Material
  artifactKey: Guid(9cfb5f861cc99444ea499f5a6f9f1cc5) Importer(815301076,1909f56bfc062723c751e8b465ee728b)
Start importing Assets/Material using Guid(9cfb5f861cc99444ea499f5a6f9f1cc5) Importer(815301076,1909f56bfc062723c751e8b465ee728b)  -> (artifact id: 'e890e838e41665edbfca4a3170864f74') in 0.013506 seconds
  Import took 0.031550 seconds .

========================================================================
Received Import Request.
  Time since last request: 10.747016 seconds.
  path: Assets/Prefab
  artifactKey: Guid(a031e66eaedb6eb4896dc2148afb26e7) Importer(815301076,1909f56bfc062723c751e8b465ee728b)
Start importing Assets/Prefab using Guid(a031e66eaedb6eb4896dc2148afb26e7) Importer(815301076,1909f56bfc062723c751e8b465ee728b)  -> (artifact id: '0cebaa41867d9a649e194f17cace0415') in 0.011329 seconds
  Import took 0.014413 seconds .

========================================================================
Received Import Request.
  Time since last request: 5.462467 seconds.
  path: Assets/Character Animator.controller
  artifactKey: Guid(78e976a1983af5145882791c816ceed6) Importer(815301076,1909f56bfc062723c751e8b465ee728b)
Start importing Assets/Character Animator.controller using Guid(78e976a1983af5145882791c816ceed6) Importer(815301076,1909f56bfc062723c751e8b465ee728b)  -> (artifact id: '9d294ee0ed4d5ac314850a162d022bab') in 0.020506 seconds
  Import took 0.023526 seconds .

========================================================================
Received Prepare
Refreshing native plugins compatible for Editor in 4.78 ms, found 2 plugins.
Preloading 0 native plugins for Editor in 0.00 ms.
Unloading 14 Unused Serialized files (Serialized files now loaded: 0)
System memory in use before: 41.3 MB.
System memory in use after: 41.4 MB.

Unloading 14 unused Assets to reduce memory usage. Loaded Objects now: 1954.
Total: 2.792600 ms (FindLiveObjects: 0.184400 ms CreateObjectMapping: 0.034100 ms MarkObjects: 2.510400 ms  DeleteObjects: 0.062800 ms)

========================================================================
Received Prepare
Registering precompiled user dll's ...
Registered in 0.628880 seconds.
Begin MonoManager ReloadAssembly
Native extension for Lumin target not found
Native extension for WindowsStandalone target not found
Native extension for WebGL target not found
Refreshing native plugins compatible for Editor in 0.40 ms, found 2 plugins.
Preloading 0 native plugins for Editor in 0.00 ms.
Mono: successfully reloaded assembly
- Completed reload, in  1.662 seconds
Platform modules already initialized, skipping
Refreshing native plugins compatible for Editor in 0.68 ms, found 2 plugins.
Preloading 0 native plugins for Editor in 0.00 ms.
Unloading 1392 Unused Serialized files (Serialized files now loaded: 0)
System memory in use before: 68.6 MB.
System memory in use after: 68.7 MB.

Unloading 16 unused Assets to reduce memory usage. Loaded Objects now: 1957.
Total: 3.609000 ms (FindLiveObjects: 0.207900 ms CreateObjectMapping: 0.043800 ms MarkObjects: 3.260900 ms  DeleteObjects: 0.094300 ms)

========================================================================
Received Prepare
Refreshing native plugins compatible for Editor in 7.81 ms, found 2 plugins.
Preloading 0 native plugins for Editor in 0.00 ms.
Unloading 14 Unused Serialized files (Serialized files now loaded: 0)
System memory in use before: 41.3 MB.
System memory in use after: 41.4 MB.

Unloading 14 unused Assets to reduce memory usage. Loaded Objects now: 1957.
Total: 3.516400 ms (FindLiveObjects: 0.300200 ms CreateObjectMapping: 0.082000 ms MarkObjects: 3.058900 ms  DeleteObjects: 0.074000 ms)

========================================================================
Received Prepare
Refreshing native plugins compatible for Editor in 5.78 ms, found 2 plugins.
Preloading 0 native plugins for Editor in 0.00 ms.
Unloading 14 Unused Serialized files (Serialized files now loaded: 0)
System memory in use before: 41.3 MB.
System memory in use after: 41.4 MB.

Unloading 14 unused Assets to reduce memory usage. Loaded Objects now: 1957.
Total: 3.094100 ms (FindLiveObjects: 0.258100 ms CreateObjectMapping: 0.052600 ms MarkObjects: 2.704200 ms  DeleteObjects: 0.078000 ms)

========================================================================
Received Prepare
Refreshing native plugins compatible for Editor in 5.49 ms, found 2 plugins.
Preloading 0 native plugins for Editor in 0.00 ms.
Unloading 14 Unused Serialized files (Serialized files now loaded: 0)
System memory in use before: 41.3 MB.
System memory in use after: 41.4 MB.

Unloading 14 unused Assets to reduce memory usage. Loaded Objects now: 1957.
Total: 2.468000 ms (FindLiveObjects: 0.197300 ms CreateObjectMapping: 0.040000 ms MarkObjects: 2.163300 ms  DeleteObjects: 0.066300 ms)

