Using pre-set license
Built from '2020.3/staging' branch; Version is '2020.3.10f1 (297d780c91bc) revision 2719096'; Using compiler version '192528614'; Build Type 'Release'
OS: 'Windows 10 Home Single Language; OS build 19042.1348; Version 2009; 64bit' Language: 'tr' Physical Memory: 16220 MB
BatchMode: 1, IsHumanControllingUs: 0, StartBugReporterOnCrash: 0, Is64bit: 1, IsPro: 0

 COMMAND LINE ARGUMENTS:
C:\Program Files\Unity\Hub\Editor\2020.3.10f1\Editor\Unity.exe
-adb2
-batchMode
-noUpm
-name
AssetImportWorker0
-projectPath
C:/Users/emrul/OneDrive/Masaüstü/Oyunlar/Roll Race
-logFile
Logs/AssetImportWorker0.log
-srvPort
50721
Successfully changed project path to: C:/Users/emrul/OneDrive/Masaüstü/Oyunlar/Roll Race
C:/Users/emrul/OneDrive/Masaüstü/Oyunlar/Roll Race
Using Asset Import Pipeline V2.
Refreshing native plugins compatible for Editor in 26.09 ms, found 2 plugins.
Preloading 0 native plugins for Editor in 0.00 ms.
Initialize engine version: 2020.3.10f1 (297d780c91bc)
[Subsystems] Discovering subsystems at path C:/Program Files/Unity/Hub/Editor/2020.3.10f1/Editor/Data/Resources/UnitySubsystems
[Subsystems] Discovering subsystems at path C:/Users/emrul/OneDrive/Masaüstü/Oyunlar/Roll Race/Assets
GfxDevice: creating device client; threaded=0
Direct3D:
    Version:  Direct3D 11.0 [level 11.1]
    Renderer: NVIDIA GeForce RTX 2060 (ID=0x1f15)
    Vendor:   
    VRAM:     5980 MB
    Driver:   27.21.14.5167
Initialize mono
Mono path[0] = 'C:/Program Files/Unity/Hub/Editor/2020.3.10f1/Editor/Data/Managed'
Mono path[1] = 'C:/Program Files/Unity/Hub/Editor/2020.3.10f1/Editor/Data/MonoBleedingEdge/lib/mono/unityjit'
Mono config path = 'C:/Program Files/Unity/Hub/Editor/2020.3.10f1/Editor/Data/MonoBleedingEdge/etc'
Using monoOptions --debugger-agent=transport=dt_socket,embedding=1,server=y,suspend=n,address=127.0.0.1:56584
Begin MonoManager ReloadAssembly
Registering precompiled unity dll's ...
Register platform support module: C:/Program Files/Unity/Hub/Editor/2020.3.10f1/Editor/Data/PlaybackEngines/WebGLSupport/UnityEditor.WebGL.Extensions.dll
Register platform support module: C:/Program Files/Unity/Hub/Editor/2020.3.10f1/Editor/Data/PlaybackEngines/WindowsStandaloneSupport/UnityEditor.WindowsStandalone.Extensions.dll
Register platform support module: C:/Program Files/Unity/Hub/Editor/2020.3.10f1/Editor/Data/PlaybackEngines/LuminSupport/UnityEditor.Lumin.Extensions.dll
Registered in 0.002265 seconds.
Native extension for Lumin target not found
Native extension for WindowsStandalone target not found
Native extension for WebGL target not found
Refreshing native plugins compatible for Editor in 30.31 ms, found 2 plugins.
Preloading 0 native plugins for Editor in 0.00 ms.
Mono: successfully reloaded assembly
- Completed reload, in  1.996 seconds
Platform modules already initialized, skipping
Registering precompiled user dll's ...
Registered in 0.003151 seconds.
Begin MonoManager ReloadAssembly
Native extension for Lumin target not found
Native extension for WindowsStandalone target not found
Native extension for WebGL target not found
Refreshing native plugins compatible for Editor in 27.96 ms, found 2 plugins.
Preloading 0 native plugins for Editor in 0.00 ms.
Mono: successfully reloaded assembly
- Completed reload, in  0.939 seconds
Platform modules already initialized, skipping
========================================================================
Worker process is ready to serve import requests
Launched and connected shader compiler UnityShaderCompiler.exe after 0.03 seconds
Refreshing native plugins compatible for Editor in 0.30 ms, found 2 plugins.
Preloading 0 native plugins for Editor in 0.00 ms.
Unloading 1484 Unused Serialized files (Serialized files now loaded: 0)
System memory in use before: 71.3 MB.
System memory in use after: 48.1 MB.

Unloading 19 unused Assets to reduce memory usage. Loaded Objects now: 1925.
Total: 2.390000 ms (FindLiveObjects: 0.130000 ms CreateObjectMapping: 0.044700 ms MarkObjects: 2.150900 ms  DeleteObjects: 0.063700 ms)

========================================================================
Received Import Request.
  path: Assets/OpponentControl.cs
  artifactKey: Guid(dfdc8a46c53a0dc48800af1890f64b0f) Importer(815301076,1909f56bfc062723c751e8b465ee728b)
Start importing Assets/OpponentControl.cs using Guid(dfdc8a46c53a0dc48800af1890f64b0f) Importer(815301076,1909f56bfc062723c751e8b465ee728b)  -> (artifact id: '865ad7ce3da020084793256d1c1b7a92') in 0.021498 seconds
  Import took 0.023521 seconds .

========================================================================
Received Import Request.
  Time since last request: 380.734658 seconds.
  path: Assets/OpponentControl.cs
  artifactKey: Guid(dfdc8a46c53a0dc48800af1890f64b0f) Importer(815301076,1909f56bfc062723c751e8b465ee728b)
Start importing Assets/OpponentControl.cs using Guid(dfdc8a46c53a0dc48800af1890f64b0f) Importer(815301076,1909f56bfc062723c751e8b465ee728b)  -> (artifact id: '14e9c1c1283c5c960c246e6f80c72d3c') in 0.002339 seconds
  Import took 0.004809 seconds .

========================================================================
Received Prepare
Registering precompiled user dll's ...
Registered in 0.002740 seconds.
Begin MonoManager ReloadAssembly
Native extension for Lumin target not found
Native extension for WindowsStandalone target not found
Native extension for WebGL target not found
Refreshing native plugins compatible for Editor in 0.30 ms, found 2 plugins.
Preloading 0 native plugins for Editor in 0.00 ms.
Mono: successfully reloaded assembly
- Completed reload, in  0.835 seconds
Platform modules already initialized, skipping
Refreshing native plugins compatible for Editor in 0.30 ms, found 2 plugins.
Preloading 0 native plugins for Editor in 0.00 ms.
Unloading 1466 Unused Serialized files (Serialized files now loaded: 0)
System memory in use before: 70.0 MB.
System memory in use after: 70.1 MB.

Unloading 14 unused Assets to reduce memory usage. Loaded Objects now: 1928.
Total: 1.561500 ms (FindLiveObjects: 0.136800 ms CreateObjectMapping: 0.043200 ms MarkObjects: 1.326200 ms  DeleteObjects: 0.054500 ms)

========================================================================
Received Import Request.
  Time since last request: 2998.017947 seconds.
  path: Assets/Scenes/SampleScene.unity
  artifactKey: Guid(9fc0d4010bbf28b4594072e72b8655ab) Importer(815301076,1909f56bfc062723c751e8b465ee728b)
Start importing Assets/Scenes/SampleScene.unity using Guid(9fc0d4010bbf28b4594072e72b8655ab) Importer(815301076,1909f56bfc062723c751e8b465ee728b)  -> (artifact id: '2b1bcd24e9e76da01d9a76c8601884ca') in 0.027409 seconds
  Import took 0.030162 seconds .

========================================================================
Received Import Request.
  Time since last request: 17.814439 seconds.
  path: Assets/Scenes/Level1.unity
  artifactKey: Guid(9fc0d4010bbf28b4594072e72b8655ab) Importer(815301076,1909f56bfc062723c751e8b465ee728b)
Start importing Assets/Scenes/Level1.unity using Guid(9fc0d4010bbf28b4594072e72b8655ab) Importer(815301076,1909f56bfc062723c751e8b465ee728b)  -> (artifact id: '93c2e2dd04abff46ec03bd009f9812c7') in 0.008027 seconds
  Import took 0.010389 seconds .

========================================================================
Received Prepare
Registering precompiled user dll's ...
Registered in 0.002791 seconds.
Begin MonoManager ReloadAssembly
Native extension for Lumin target not found
Native extension for WindowsStandalone target not found
Native extension for WebGL target not found
Refreshing native plugins compatible for Editor in 0.29 ms, found 2 plugins.
Preloading 0 native plugins for Editor in 0.00 ms.
Mono: successfully reloaded assembly
- Completed reload, in  0.789 seconds
Platform modules already initialized, skipping
Refreshing native plugins compatible for Editor in 0.30 ms, found 2 plugins.
Preloading 0 native plugins for Editor in 0.00 ms.
Unloading 1466 Unused Serialized files (Serialized files now loaded: 0)
System memory in use before: 70.0 MB.
System memory in use after: 70.1 MB.

Unloading 14 unused Assets to reduce memory usage. Loaded Objects now: 1931.
Total: 1.652500 ms (FindLiveObjects: 0.154500 ms CreateObjectMapping: 0.089300 ms MarkObjects: 1.355900 ms  DeleteObjects: 0.052100 ms)

========================================================================
Received Prepare
Registering precompiled user dll's ...
Registered in 0.002945 seconds.
Begin MonoManager ReloadAssembly
Native extension for Lumin target not found
Native extension for WindowsStandalone target not found
Native extension for WebGL target not found
Refreshing native plugins compatible for Editor in 0.29 ms, found 2 plugins.
Preloading 0 native plugins for Editor in 0.00 ms.
Mono: successfully reloaded assembly
- Completed reload, in  0.830 seconds
Platform modules already initialized, skipping
Refreshing native plugins compatible for Editor in 0.31 ms, found 2 plugins.
Preloading 0 native plugins for Editor in 0.00 ms.
Unloading 1466 Unused Serialized files (Serialized files now loaded: 0)
System memory in use before: 70.1 MB.
System memory in use after: 70.2 MB.

Unloading 14 unused Assets to reduce memory usage. Loaded Objects now: 1934.
Total: 1.502900 ms (FindLiveObjects: 0.123000 ms CreateObjectMapping: 0.041200 ms MarkObjects: 1.299300 ms  DeleteObjects: 0.038700 ms)

========================================================================
Received Prepare
Registering precompiled user dll's ...
Registered in 0.003081 seconds.
Begin MonoManager ReloadAssembly
Native extension for Lumin target not found
Native extension for WindowsStandalone target not found
Native extension for WebGL target not found
Refreshing native plugins compatible for Editor in 0.30 ms, found 2 plugins.
Preloading 0 native plugins for Editor in 0.00 ms.
Mono: successfully reloaded assembly
- Completed reload, in  0.811 seconds
Platform modules already initialized, skipping
Refreshing native plugins compatible for Editor in 0.48 ms, found 2 plugins.
Preloading 0 native plugins for Editor in 0.00 ms.
Unloading 1466 Unused Serialized files (Serialized files now loaded: 0)
System memory in use before: 70.1 MB.
System memory in use after: 70.2 MB.

Unloading 14 unused Assets to reduce memory usage. Loaded Objects now: 1937.
Total: 1.676000 ms (FindLiveObjects: 0.137400 ms CreateObjectMapping: 0.043100 ms MarkObjects: 1.442100 ms  DeleteObjects: 0.052600 ms)

========================================================================
Received Prepare
Registering precompiled user dll's ...
Registered in 0.002740 seconds.
Begin MonoManager ReloadAssembly
Native extension for Lumin target not found
Native extension for WindowsStandalone target not found
Native extension for WebGL target not found
Refreshing native plugins compatible for Editor in 0.30 ms, found 2 plugins.
Preloading 0 native plugins for Editor in 0.00 ms.
Mono: successfully reloaded assembly
- Completed reload, in  0.889 seconds
Platform modules already initialized, skipping
Refreshing native plugins compatible for Editor in 0.31 ms, found 2 plugins.
Preloading 0 native plugins for Editor in 0.00 ms.
Unloading 1466 Unused Serialized files (Serialized files now loaded: 0)
System memory in use before: 70.1 MB.
System memory in use after: 70.2 MB.

Unloading 14 unused Assets to reduce memory usage. Loaded Objects now: 1940.
Total: 1.634700 ms (FindLiveObjects: 0.153800 ms CreateObjectMapping: 0.053200 ms MarkObjects: 1.376900 ms  DeleteObjects: 0.050200 ms)

========================================================================
Received Prepare
Registering precompiled user dll's ...
Registered in 0.002651 seconds.
Begin MonoManager ReloadAssembly
Native extension for Lumin target not found
Native extension for WindowsStandalone target not found
Native extension for WebGL target not found
Refreshing native plugins compatible for Editor in 0.31 ms, found 2 plugins.
Preloading 0 native plugins for Editor in 0.00 ms.
Mono: successfully reloaded assembly
- Completed reload, in  0.803 seconds
Platform modules already initialized, skipping
Refreshing native plugins compatible for Editor in 0.35 ms, found 2 plugins.
Preloading 0 native plugins for Editor in 0.00 ms.
Unloading 1466 Unused Serialized files (Serialized files now loaded: 0)
System memory in use before: 70.1 MB.
System memory in use after: 70.2 MB.

Unloading 14 unused Assets to reduce memory usage. Loaded Objects now: 1943.
Total: 1.590600 ms (FindLiveObjects: 0.143100 ms CreateObjectMapping: 0.046100 ms MarkObjects: 1.353100 ms  DeleteObjects: 0.047400 ms)

========================================================================
Received Prepare
Registering precompiled user dll's ...
Registered in 0.002759 seconds.
Begin MonoManager ReloadAssembly
Native extension for Lumin target not found
Native extension for WindowsStandalone target not found
Native extension for WebGL target not found
Refreshing native plugins compatible for Editor in 0.37 ms, found 2 plugins.
Preloading 0 native plugins for Editor in 0.00 ms.
Mono: successfully reloaded assembly
- Completed reload, in  0.822 seconds
Platform modules already initialized, skipping
Refreshing native plugins compatible for Editor in 0.35 ms, found 2 plugins.
Preloading 0 native plugins for Editor in 0.00 ms.
Unloading 1466 Unused Serialized files (Serialized files now loaded: 0)
System memory in use before: 70.1 MB.
System memory in use after: 70.2 MB.

Unloading 14 unused Assets to reduce memory usage. Loaded Objects now: 1946.
Total: 1.550900 ms (FindLiveObjects: 0.143900 ms CreateObjectMapping: 0.050800 ms MarkObjects: 1.312900 ms  DeleteObjects: 0.042500 ms)

========================================================================
Received Prepare
Registering precompiled user dll's ...
Registered in 0.002812 seconds.
Begin MonoManager ReloadAssembly
Native extension for Lumin target not found
Native extension for WindowsStandalone target not found
Native extension for WebGL target not found
Refreshing native plugins compatible for Editor in 0.33 ms, found 2 plugins.
Preloading 0 native plugins for Editor in 0.00 ms.
Mono: successfully reloaded assembly
- Completed reload, in  0.847 seconds
Platform modules already initialized, skipping
Refreshing native plugins compatible for Editor in 0.32 ms, found 2 plugins.
Preloading 0 native plugins for Editor in 0.00 ms.
Unloading 1466 Unused Serialized files (Serialized files now loaded: 0)
System memory in use before: 70.1 MB.
System memory in use after: 70.2 MB.

Unloading 14 unused Assets to reduce memory usage. Loaded Objects now: 1949.
Total: 1.798300 ms (FindLiveObjects: 0.182400 ms CreateObjectMapping: 0.088700 ms MarkObjects: 1.473000 ms  DeleteObjects: 0.053100 ms)

========================================================================
Received Prepare
Registering precompiled user dll's ...
Registered in 0.002932 seconds.
Begin MonoManager ReloadAssembly
Native extension for Lumin target not found
Native extension for WindowsStandalone target not found
Native extension for WebGL target not found
Refreshing native plugins compatible for Editor in 0.30 ms, found 2 plugins.
Preloading 0 native plugins for Editor in 0.00 ms.
Mono: successfully reloaded assembly
- Completed reload, in  0.817 seconds
Platform modules already initialized, skipping
Refreshing native plugins compatible for Editor in 0.30 ms, found 2 plugins.
Preloading 0 native plugins for Editor in 0.00 ms.
Unloading 1466 Unused Serialized files (Serialized files now loaded: 0)
System memory in use before: 70.1 MB.
System memory in use after: 70.2 MB.

Unloading 14 unused Assets to reduce memory usage. Loaded Objects now: 1952.
Total: 1.524700 ms (FindLiveObjects: 0.127300 ms CreateObjectMapping: 0.042200 ms MarkObjects: 1.313900 ms  DeleteObjects: 0.040700 ms)

========================================================================
Received Prepare
Registering precompiled user dll's ...
Registered in 0.002896 seconds.
Begin MonoManager ReloadAssembly
Native extension for Lumin target not found
Native extension for WindowsStandalone target not found
Native extension for WebGL target not found
Refreshing native plugins compatible for Editor in 0.30 ms, found 2 plugins.
Preloading 0 native plugins for Editor in 0.00 ms.
Mono: successfully reloaded assembly
- Completed reload, in  0.851 seconds
Platform modules already initialized, skipping
Refreshing native plugins compatible for Editor in 0.30 ms, found 2 plugins.
Preloading 0 native plugins for Editor in 0.00 ms.
Unloading 1466 Unused Serialized files (Serialized files now loaded: 0)
System memory in use before: 70.1 MB.
System memory in use after: 70.2 MB.

Unloading 14 unused Assets to reduce memory usage. Loaded Objects now: 1955.
Total: 1.558900 ms (FindLiveObjects: 0.135600 ms CreateObjectMapping: 0.046400 ms MarkObjects: 1.333900 ms  DeleteObjects: 0.042300 ms)

========================================================================
Received Prepare
Registering precompiled user dll's ...
Registered in 0.002935 seconds.
Begin MonoManager ReloadAssembly
Native extension for Lumin target not found
Native extension for WindowsStandalone target not found
Native extension for WebGL target not found
Refreshing native plugins compatible for Editor in 0.29 ms, found 2 plugins.
Preloading 0 native plugins for Editor in 0.00 ms.
Mono: successfully reloaded assembly
- Completed reload, in  0.798 seconds
Platform modules already initialized, skipping
Refreshing native plugins compatible for Editor in 0.31 ms, found 2 plugins.
Preloading 0 native plugins for Editor in 0.00 ms.
Unloading 1466 Unused Serialized files (Serialized files now loaded: 0)
System memory in use before: 70.1 MB.
System memory in use after: 70.2 MB.

Unloading 14 unused Assets to reduce memory usage. Loaded Objects now: 1958.
Total: 1.579600 ms (FindLiveObjects: 0.131200 ms CreateObjectMapping: 0.043400 ms MarkObjects: 1.338800 ms  DeleteObjects: 0.065500 ms)

========================================================================
Received Prepare
Refreshing native plugins compatible for Editor in 2.37 ms, found 2 plugins.
Preloading 0 native plugins for Editor in 0.00 ms.
Unloading 12 Unused Serialized files (Serialized files now loaded: 0)
System memory in use before: 41.4 MB.
System memory in use after: 41.4 MB.

Unloading 12 unused Assets to reduce memory usage. Loaded Objects now: 1958.
Total: 1.545700 ms (FindLiveObjects: 0.126500 ms CreateObjectMapping: 0.043300 ms MarkObjects: 1.340500 ms  DeleteObjects: 0.034400 ms)

========================================================================
Received Prepare
Refreshing native plugins compatible for Editor in 2.19 ms, found 2 plugins.
Preloading 0 native plugins for Editor in 0.00 ms.
Unloading 12 Unused Serialized files (Serialized files now loaded: 0)
System memory in use before: 41.4 MB.
System memory in use after: 41.4 MB.

Unloading 12 unused Assets to reduce memory usage. Loaded Objects now: 1958.
Total: 1.597500 ms (FindLiveObjects: 0.125100 ms CreateObjectMapping: 0.040800 ms MarkObjects: 1.390800 ms  DeleteObjects: 0.040200 ms)

========================================================================
Received Prepare
Refreshing native plugins compatible for Editor in 2.33 ms, found 2 plugins.
Preloading 0 native plugins for Editor in 0.00 ms.
Unloading 12 Unused Serialized files (Serialized files now loaded: 0)
System memory in use before: 41.4 MB.
System memory in use after: 41.4 MB.

Unloading 12 unused Assets to reduce memory usage. Loaded Objects now: 1958.
Total: 2.187300 ms (FindLiveObjects: 0.147300 ms CreateObjectMapping: 0.042300 ms MarkObjects: 1.906800 ms  DeleteObjects: 0.089500 ms)

========================================================================
Received Import Request.
  Time since last request: 5300.934796 seconds.
  path: Assets/Scenes/Level1.unity
  artifactKey: Guid(9fc0d4010bbf28b4594072e72b8655ab) Importer(815301076,1909f56bfc062723c751e8b465ee728b)
Start importing Assets/Scenes/Level1.unity using Guid(9fc0d4010bbf28b4594072e72b8655ab) Importer(815301076,1909f56bfc062723c751e8b465ee728b)  -> (artifact id: '4ddd4d2d72ad3a1f81a8dbea4f173a45') in 0.040810 seconds
  Import took 0.043511 seconds .

========================================================================
Received Prepare
Registering precompiled user dll's ...
Registered in 0.002878 seconds.
Begin MonoManager ReloadAssembly
Native extension for Lumin target not found
Native extension for WindowsStandalone target not found
Native extension for WebGL target not found
Refreshing native plugins compatible for Editor in 0.34 ms, found 2 plugins.
Preloading 0 native plugins for Editor in 0.00 ms.
Mono: successfully reloaded assembly
- Completed reload, in  0.876 seconds
Platform modules already initialized, skipping
Refreshing native plugins compatible for Editor in 0.40 ms, found 2 plugins.
Preloading 0 native plugins for Editor in 0.00 ms.
Unloading 1466 Unused Serialized files (Serialized files now loaded: 0)
System memory in use before: 70.2 MB.
System memory in use after: 70.2 MB.

Unloading 14 unused Assets to reduce memory usage. Loaded Objects now: 1961.
Total: 1.861400 ms (FindLiveObjects: 0.157500 ms CreateObjectMapping: 0.051800 ms MarkObjects: 1.603600 ms  DeleteObjects: 0.047400 ms)

========================================================================
Received Prepare
Registering precompiled user dll's ...
Registered in 0.005841 seconds.
Begin MonoManager ReloadAssembly
Native extension for Lumin target not found
Native extension for WindowsStandalone target not found
Native extension for WebGL target not found
Refreshing native plugins compatible for Editor in 0.44 ms, found 2 plugins.
Preloading 0 native plugins for Editor in 0.00 ms.
Mono: successfully reloaded assembly
- Completed reload, in  1.596 seconds
Platform modules already initialized, skipping
Refreshing native plugins compatible for Editor in 0.52 ms, found 2 plugins.
Preloading 0 native plugins for Editor in 0.00 ms.
Unloading 1466 Unused Serialized files (Serialized files now loaded: 0)
System memory in use before: 70.2 MB.
System memory in use after: 70.2 MB.

Unloading 14 unused Assets to reduce memory usage. Loaded Objects now: 1964.
Total: 2.266000 ms (FindLiveObjects: 0.184600 ms CreateObjectMapping: 0.062200 ms MarkObjects: 1.955500 ms  DeleteObjects: 0.062400 ms)

========================================================================
Received Prepare
Registering precompiled user dll's ...
Registered in 0.003657 seconds.
Begin MonoManager ReloadAssembly
Native extension for Lumin target not found
Native extension for WindowsStandalone target not found
Native extension for WebGL target not found
Refreshing native plugins compatible for Editor in 0.56 ms, found 2 plugins.
Preloading 0 native plugins for Editor in 0.00 ms.
Mono: successfully reloaded assembly
- Completed reload, in  1.113 seconds
Platform modules already initialized, skipping
Refreshing native plugins compatible for Editor in 0.45 ms, found 2 plugins.
Preloading 0 native plugins for Editor in 0.00 ms.
Unloading 1466 Unused Serialized files (Serialized files now loaded: 0)
System memory in use before: 70.2 MB.
System memory in use after: 70.3 MB.

Unloading 14 unused Assets to reduce memory usage. Loaded Objects now: 1967.
Total: 2.031000 ms (FindLiveObjects: 0.241700 ms CreateObjectMapping: 0.091600 ms MarkObjects: 1.614000 ms  DeleteObjects: 0.082600 ms)

========================================================================
Received Import Request.
  Time since last request: 3058.822838 seconds.
  path: Assets/Sprites/1024px-Checkerboard_pattern.png
  artifactKey: Guid(917a730bf62bb1049a1a6dbd76a7d8af) Importer(815301076,1909f56bfc062723c751e8b465ee728b)
Start importing Assets/Sprites/1024px-Checkerboard_pattern.png using Guid(917a730bf62bb1049a1a6dbd76a7d8af) Importer(815301076,1909f56bfc062723c751e8b465ee728b)  -> (artifact id: 'af8919ac7b7329965a1ee2d56c537f6d') in 0.167487 seconds
  Import took 0.174453 seconds .

========================================================================
Received Import Request.
  Time since last request: 0.000359 seconds.
  path: Assets/Sprites/kisspng-computer-icons-button-font-pause-button-5ac71ec66ea632.2583427515229989824532.png
  artifactKey: Guid(5b41d2f111909bf46811db3b21313a1b) Importer(815301076,1909f56bfc062723c751e8b465ee728b)
Start importing Assets/Sprites/kisspng-computer-icons-button-font-pause-button-5ac71ec66ea632.2583427515229989824532.png using Guid(5b41d2f111909bf46811db3b21313a1b) Importer(815301076,1909f56bfc062723c751e8b465ee728b)  -> (artifact id: 'ca1772dbf986029c2a92f89065123c5e') in 0.076546 seconds
  Import took 0.079907 seconds .

========================================================================
Received Import Request.
  Time since last request: 25.727162 seconds.
  path: Assets/Sprites/1024px-Checkerboard_pattern.png
  artifactKey: Guid(917a730bf62bb1049a1a6dbd76a7d8af) Importer(815301076,1909f56bfc062723c751e8b465ee728b)
Start importing Assets/Sprites/1024px-Checkerboard_pattern.png using Guid(917a730bf62bb1049a1a6dbd76a7d8af) Importer(815301076,1909f56bfc062723c751e8b465ee728b)  -> (artifact id: '7ef98f23dd5d36b96d733fce346eb9ea') in 0.041347 seconds
  Import took 0.049267 seconds .

========================================================================
Received Import Request.
  Time since last request: 0.069442 seconds.
  path: Assets/Sprites/1024px-Checkerboard_pattern.png
  artifactKey: Guid(917a730bf62bb1049a1a6dbd76a7d8af) Importer(815301076,1909f56bfc062723c751e8b465ee728b)
Start importing Assets/Sprites/1024px-Checkerboard_pattern.png using Guid(917a730bf62bb1049a1a6dbd76a7d8af) Importer(815301076,1909f56bfc062723c751e8b465ee728b)  -> (artifact id: '7ef98f23dd5d36b96d733fce346eb9ea') in 0.020308 seconds
  Import took 0.026103 seconds .

========================================================================
Received Import Request.
  Time since last request: 35.198812 seconds.
  path: Assets/Sprites/1024px-Checkerboard_pattern.png
  artifactKey: Guid(917a730bf62bb1049a1a6dbd76a7d8af) Importer(815301076,1909f56bfc062723c751e8b465ee728b)
Start importing Assets/Sprites/1024px-Checkerboard_pattern.png using Guid(917a730bf62bb1049a1a6dbd76a7d8af) Importer(815301076,1909f56bfc062723c751e8b465ee728b)  -> (artifact id: 'ca7ee4bcc2d6b0d9d76ae3361e9d948d') in 0.007803 seconds
  Import took 0.011313 seconds .

========================================================================
Received Import Request.
  Time since last request: 14.897718 seconds.
  path: Assets/Sprites/1024px-Checkerboard_pattern 1.png
  artifactKey: Guid(301c3c2960fa4f04790c6f0258a1dc5a) Importer(815301076,1909f56bfc062723c751e8b465ee728b)
Start importing Assets/Sprites/1024px-Checkerboard_pattern 1.png using Guid(301c3c2960fa4f04790c6f0258a1dc5a) Importer(815301076,1909f56bfc062723c751e8b465ee728b)  -> (artifact id: 'edd172c10073378555f00d60e77b34bb') in 0.014756 seconds
  Import took 0.019021 seconds .

========================================================================
Received Import Request.
  Time since last request: 14.430437 seconds.
  path: Assets/Sprites/1024px-Checkerboard_pattern 1.png
  artifactKey: Guid(301c3c2960fa4f04790c6f0258a1dc5a) Importer(815301076,1909f56bfc062723c751e8b465ee728b)
Start importing Assets/Sprites/1024px-Checkerboard_pattern 1.png using Guid(301c3c2960fa4f04790c6f0258a1dc5a) Importer(815301076,1909f56bfc062723c751e8b465ee728b)  -> (artifact id: '8c4f8ac114965ba51af07575e9010f56') in 0.028115 seconds
  Import took 0.036081 seconds .

========================================================================
Received Import Request.
  Time since last request: 18.786125 seconds.
  path: Assets/Sprites/1024px-Checkerboard_pattern 1.png
  artifactKey: Guid(301c3c2960fa4f04790c6f0258a1dc5a) Importer(815301076,1909f56bfc062723c751e8b465ee728b)
Start importing Assets/Sprites/1024px-Checkerboard_pattern 1.png using Guid(301c3c2960fa4f04790c6f0258a1dc5a) Importer(815301076,1909f56bfc062723c751e8b465ee728b)  -> (artifact id: 'c8a746deb689888a790fe55eceb18f2b') in 0.025517 seconds
  Import took 0.033382 seconds .

========================================================================
Received Import Request.
  Time since last request: 14.085811 seconds.
  path: Assets/Sprites/1024px-Checkerboard_pattern 1.png
  artifactKey: Guid(301c3c2960fa4f04790c6f0258a1dc5a) Importer(815301076,1909f56bfc062723c751e8b465ee728b)
Start importing Assets/Sprites/1024px-Checkerboard_pattern 1.png using Guid(301c3c2960fa4f04790c6f0258a1dc5a) Importer(815301076,1909f56bfc062723c751e8b465ee728b)  -> (artifact id: '0cbd9d459a0bf6b5631bf397a8ba57d1') in 0.012824 seconds
  Import took 0.016606 seconds .

========================================================================
Received Import Request.
  Time since last request: 24.262066 seconds.
  path: Assets/Sprites/1024px-Checkerboard_pattern 1.png
  artifactKey: Guid(301c3c2960fa4f04790c6f0258a1dc5a) Importer(815301076,1909f56bfc062723c751e8b465ee728b)
Start importing Assets/Sprites/1024px-Checkerboard_pattern 1.png using Guid(301c3c2960fa4f04790c6f0258a1dc5a) Importer(815301076,1909f56bfc062723c751e8b465ee728b)  -> (artifact id: '908c2d201062c9dce6b9674d8d9d01af') in 0.025598 seconds
  Import took 0.033421 seconds .

========================================================================
Received Import Request.
  Time since last request: 7.679337 seconds.
  path: Assets/Sprites/1024px-Checkerboard_pattern 1.png
  artifactKey: Guid(301c3c2960fa4f04790c6f0258a1dc5a) Importer(815301076,1909f56bfc062723c751e8b465ee728b)
Start importing Assets/Sprites/1024px-Checkerboard_pattern 1.png using Guid(301c3c2960fa4f04790c6f0258a1dc5a) Importer(815301076,1909f56bfc062723c751e8b465ee728b)  -> (artifact id: '30bae51cbc43cbb0a3796792f6009f11') in 0.012491 seconds
  Import took 0.015670 seconds .

========================================================================
Received Import Request.
  Time since last request: 4.568900 seconds.
  path: Assets/Sprites/1024px-Checkerboard_pattern 1.png
  artifactKey: Guid(301c3c2960fa4f04790c6f0258a1dc5a) Importer(815301076,1909f56bfc062723c751e8b465ee728b)
Start importing Assets/Sprites/1024px-Checkerboard_pattern 1.png using Guid(301c3c2960fa4f04790c6f0258a1dc5a) Importer(815301076,1909f56bfc062723c751e8b465ee728b)  -> (artifact id: '7c8e8533e9270c3e9534f5ce7942a23b') in 0.015426 seconds
  Import took 0.020106 seconds .

========================================================================
Received Prepare
Registering precompiled user dll's ...
Registered in 0.003555 seconds.
Begin MonoManager ReloadAssembly
Native extension for Lumin target not found
Native extension for WindowsStandalone target not found
Native extension for WebGL target not found
Refreshing native plugins compatible for Editor in 0.63 ms, found 2 plugins.
Preloading 0 native plugins for Editor in 0.00 ms.
Mono: successfully reloaded assembly
- Completed reload, in  1.187 seconds
Platform modules already initialized, skipping
Refreshing native plugins compatible for Editor in 0.67 ms, found 2 plugins.
Preloading 0 native plugins for Editor in 0.00 ms.
Unloading 1466 Unused Serialized files (Serialized files now loaded: 0)
System memory in use before: 73.3 MB.
System memory in use after: 73.3 MB.

Unloading 14 unused Assets to reduce memory usage. Loaded Objects now: 1976.
Total: 2.408900 ms (FindLiveObjects: 0.140200 ms CreateObjectMapping: 0.038400 ms MarkObjects: 2.150100 ms  DeleteObjects: 0.079500 ms)

========================================================================
Received Prepare
Registering precompiled user dll's ...
Registered in 0.002982 seconds.
Begin MonoManager ReloadAssembly
Native extension for Lumin target not found
Native extension for WindowsStandalone target not found
Native extension for WebGL target not found
Refreshing native plugins compatible for Editor in 0.39 ms, found 2 plugins.
Preloading 0 native plugins for Editor in 0.00 ms.
Mono: successfully reloaded assembly
- Completed reload, in  1.140 seconds
Platform modules already initialized, skipping
Refreshing native plugins compatible for Editor in 0.49 ms, found 2 plugins.
Preloading 0 native plugins for Editor in 0.00 ms.
Unloading 1466 Unused Serialized files (Serialized files now loaded: 0)
System memory in use before: 73.3 MB.
System memory in use after: 73.3 MB.

Unloading 14 unused Assets to reduce memory usage. Loaded Objects now: 1979.
Total: 2.109500 ms (FindLiveObjects: 0.152100 ms CreateObjectMapping: 0.047600 ms MarkObjects: 1.858000 ms  DeleteObjects: 0.050900 ms)

========================================================================
Received Prepare
Registering precompiled user dll's ...
Registered in 0.004011 seconds.
Begin MonoManager ReloadAssembly
Native extension for Lumin target not found
Native extension for WindowsStandalone target not found
Native extension for WebGL target not found
Refreshing native plugins compatible for Editor in 0.36 ms, found 2 plugins.
Preloading 0 native plugins for Editor in 0.00 ms.
Mono: successfully reloaded assembly
- Completed reload, in  1.127 seconds
Platform modules already initialized, skipping
Refreshing native plugins compatible for Editor in 0.43 ms, found 2 plugins.
Preloading 0 native plugins for Editor in 0.00 ms.
Unloading 1466 Unused Serialized files (Serialized files now loaded: 0)
System memory in use before: 73.3 MB.
System memory in use after: 73.3 MB.

Unloading 14 unused Assets to reduce memory usage. Loaded Objects now: 1982.
Total: 2.716700 ms (FindLiveObjects: 0.244000 ms CreateObjectMapping: 0.111100 ms MarkObjects: 2.301600 ms  DeleteObjects: 0.059000 ms)

========================================================================
Received Prepare
Registering precompiled user dll's ...
Registered in 0.004385 seconds.
Begin MonoManager ReloadAssembly
Native extension for Lumin target not found
Native extension for WindowsStandalone target not found
Native extension for WebGL target not found
Refreshing native plugins compatible for Editor in 0.37 ms, found 2 plugins.
Preloading 0 native plugins for Editor in 0.00 ms.
Mono: successfully reloaded assembly
- Completed reload, in  1.145 seconds
Platform modules already initialized, skipping
Refreshing native plugins compatible for Editor in 0.44 ms, found 2 plugins.
Preloading 0 native plugins for Editor in 0.00 ms.
Unloading 1466 Unused Serialized files (Serialized files now loaded: 0)
System memory in use before: 73.3 MB.
System memory in use after: 73.3 MB.

Unloading 14 unused Assets to reduce memory usage. Loaded Objects now: 1985.
Total: 1.823900 ms (FindLiveObjects: 0.148200 ms CreateObjectMapping: 0.045000 ms MarkObjects: 1.538800 ms  DeleteObjects: 0.091100 ms)

========================================================================
Received Prepare
Registering precompiled user dll's ...
Registered in 0.004653 seconds.
Begin MonoManager ReloadAssembly
Native extension for Lumin target not found
Native extension for WindowsStandalone target not found
Native extension for WebGL target not found
Refreshing native plugins compatible for Editor in 0.41 ms, found 2 plugins.
Preloading 0 native plugins for Editor in 0.00 ms.
Mono: successfully reloaded assembly
- Completed reload, in  1.225 seconds
Platform modules already initialized, skipping
Refreshing native plugins compatible for Editor in 0.44 ms, found 2 plugins.
Preloading 0 native plugins for Editor in 0.00 ms.
Unloading 1466 Unused Serialized files (Serialized files now loaded: 0)
System memory in use before: 73.3 MB.
System memory in use after: 73.4 MB.

Unloading 14 unused Assets to reduce memory usage. Loaded Objects now: 1988.
Total: 2.616500 ms (FindLiveObjects: 0.182400 ms CreateObjectMapping: 0.077200 ms MarkObjects: 2.219800 ms  DeleteObjects: 0.135700 ms)

========================================================================
Received Prepare
Registering precompiled user dll's ...
Registered in 0.003715 seconds.
Begin MonoManager ReloadAssembly
Native extension for Lumin target not found
Native extension for WindowsStandalone target not found
Native extension for WebGL target not found
Refreshing native plugins compatible for Editor in 0.44 ms, found 2 plugins.
Preloading 0 native plugins for Editor in 0.00 ms.
Mono: successfully reloaded assembly
- Completed reload, in  1.219 seconds
Platform modules already initialized, skipping
Refreshing native plugins compatible for Editor in 0.48 ms, found 2 plugins.
Preloading 0 native plugins for Editor in 0.00 ms.
Unloading 1466 Unused Serialized files (Serialized files now loaded: 0)
System memory in use before: 73.3 MB.
System memory in use after: 73.4 MB.

Unloading 14 unused Assets to reduce memory usage. Loaded Objects now: 1991.
Total: 2.462100 ms (FindLiveObjects: 0.230000 ms CreateObjectMapping: 0.053600 ms MarkObjects: 2.122800 ms  DeleteObjects: 0.054800 ms)

========================================================================
Received Prepare
Registering precompiled user dll's ...
Registered in 0.005338 seconds.
Begin MonoManager ReloadAssembly
Native extension for Lumin target not found
Native extension for WindowsStandalone target not found
Native extension for WebGL target not found
Refreshing native plugins compatible for Editor in 0.37 ms, found 2 plugins.
Preloading 0 native plugins for Editor in 0.00 ms.
Mono: successfully reloaded assembly
- Completed reload, in  1.224 seconds
Platform modules already initialized, skipping
Refreshing native plugins compatible for Editor in 0.44 ms, found 2 plugins.
Preloading 0 native plugins for Editor in 0.00 ms.
Unloading 1466 Unused Serialized files (Serialized files now loaded: 0)
System memory in use before: 73.3 MB.
System memory in use after: 73.4 MB.

Unloading 14 unused Assets to reduce memory usage. Loaded Objects now: 1994.
Total: 2.295100 ms (FindLiveObjects: 0.142200 ms CreateObjectMapping: 0.041300 ms MarkObjects: 2.031000 ms  DeleteObjects: 0.079800 ms)

========================================================================
Received Prepare
Refreshing native plugins compatible for Editor in 3.49 ms, found 2 plugins.
Preloading 0 native plugins for Editor in 0.00 ms.
Unloading 12 Unused Serialized files (Serialized files now loaded: 0)
System memory in use before: 44.5 MB.
System memory in use after: 44.6 MB.

Unloading 12 unused Assets to reduce memory usage. Loaded Objects now: 1994.
Total: 2.965400 ms (FindLiveObjects: 0.155600 ms CreateObjectMapping: 0.043000 ms MarkObjects: 2.685000 ms  DeleteObjects: 0.081100 ms)

========================================================================
Received Prepare
Registering precompiled user dll's ...
Registered in 0.003126 seconds.
Begin MonoManager ReloadAssembly
Native extension for Lumin target not found
Native extension for WindowsStandalone target not found
Native extension for WebGL target not found
Refreshing native plugins compatible for Editor in 0.29 ms, found 2 plugins.
Preloading 0 native plugins for Editor in 0.00 ms.
Mono: successfully reloaded assembly
- Completed reload, in  0.871 seconds
Platform modules already initialized, skipping
Refreshing native plugins compatible for Editor in 0.30 ms, found 2 plugins.
Preloading 0 native plugins for Editor in 0.00 ms.
Unloading 1466 Unused Serialized files (Serialized files now loaded: 0)
System memory in use before: 73.3 MB.
System memory in use after: 73.4 MB.

Unloading 14 unused Assets to reduce memory usage. Loaded Objects now: 1997.
Total: 1.510600 ms (FindLiveObjects: 0.133500 ms CreateObjectMapping: 0.043300 ms MarkObjects: 1.286200 ms  DeleteObjects: 0.046800 ms)

========================================================================
Received Prepare
Registering precompiled user dll's ...
Registered in 0.002634 seconds.
Begin MonoManager ReloadAssembly
Native extension for Lumin target not found
Native extension for WindowsStandalone target not found
Native extension for WebGL target not found
Refreshing native plugins compatible for Editor in 0.28 ms, found 2 plugins.
Preloading 0 native plugins for Editor in 0.00 ms.
Mono: successfully reloaded assembly
- Completed reload, in  0.795 seconds
Platform modules already initialized, skipping
Refreshing native plugins compatible for Editor in 0.30 ms, found 2 plugins.
Preloading 0 native plugins for Editor in 0.00 ms.
Unloading 1466 Unused Serialized files (Serialized files now loaded: 0)
System memory in use before: 73.3 MB.
System memory in use after: 73.4 MB.

Unloading 14 unused Assets to reduce memory usage. Loaded Objects now: 2000.
Total: 1.580700 ms (FindLiveObjects: 0.133300 ms CreateObjectMapping: 0.044300 ms MarkObjects: 1.356000 ms  DeleteObjects: 0.046200 ms)

========================================================================
Received Prepare
Refreshing native plugins compatible for Editor in 2.65 ms, found 2 plugins.
Preloading 0 native plugins for Editor in 0.00 ms.
Unloading 12 Unused Serialized files (Serialized files now loaded: 0)
System memory in use before: 44.5 MB.
System memory in use after: 44.6 MB.

Unloading 12 unused Assets to reduce memory usage. Loaded Objects now: 2000.
Total: 1.877900 ms (FindLiveObjects: 0.239600 ms CreateObjectMapping: 0.054400 ms MarkObjects: 1.531200 ms  DeleteObjects: 0.051900 ms)

========================================================================
Received Prepare
Registering precompiled user dll's ...
Registered in 0.002652 seconds.
Begin MonoManager ReloadAssembly
Native extension for Lumin target not found
Native extension for WindowsStandalone target not found
Native extension for WebGL target not found
Refreshing native plugins compatible for Editor in 0.33 ms, found 2 plugins.
Preloading 0 native plugins for Editor in 0.00 ms.
Mono: successfully reloaded assembly
- Completed reload, in  0.838 seconds
Platform modules already initialized, skipping
Refreshing native plugins compatible for Editor in 0.34 ms, found 2 plugins.
Preloading 0 native plugins for Editor in 0.00 ms.
Unloading 1466 Unused Serialized files (Serialized files now loaded: 0)
System memory in use before: 73.3 MB.
System memory in use after: 73.4 MB.

Unloading 14 unused Assets to reduce memory usage. Loaded Objects now: 2003.
Total: 1.595100 ms (FindLiveObjects: 0.135800 ms CreateObjectMapping: 0.041200 ms MarkObjects: 1.366100 ms  DeleteObjects: 0.050100 ms)

========================================================================
Received Prepare
Registering precompiled user dll's ...
Registered in 0.002826 seconds.
Begin MonoManager ReloadAssembly
Native extension for Lumin target not found
Native extension for WindowsStandalone target not found
Native extension for WebGL target not found
Refreshing native plugins compatible for Editor in 0.29 ms, found 2 plugins.
Preloading 0 native plugins for Editor in 0.00 ms.
Mono: successfully reloaded assembly
- Completed reload, in  0.821 seconds
Platform modules already initialized, skipping
Refreshing native plugins compatible for Editor in 0.30 ms, found 2 plugins.
Preloading 0 native plugins for Editor in 0.00 ms.
Unloading 1466 Unused Serialized files (Serialized files now loaded: 0)
System memory in use before: 73.3 MB.
System memory in use after: 73.4 MB.

Unloading 14 unused Assets to reduce memory usage. Loaded Objects now: 2006.
Total: 1.509300 ms (FindLiveObjects: 0.124100 ms CreateObjectMapping: 0.040900 ms MarkObjects: 1.303700 ms  DeleteObjects: 0.039900 ms)

========================================================================
Received Import Request.
  Time since last request: 3494.439062 seconds.
  path: Assets/WallControl.cs
  artifactKey: Guid(f09c9d6c8ba7c4448b7ecb849ee194ed) Importer(815301076,1909f56bfc062723c751e8b465ee728b)
Start importing Assets/WallControl.cs using Guid(f09c9d6c8ba7c4448b7ecb849ee194ed) Importer(815301076,1909f56bfc062723c751e8b465ee728b)  -> (artifact id: '425280fab37532ef99e8bbe123bc5bea') in 0.007560 seconds
  Import took 0.010243 seconds .

========================================================================
Received Import Request.
  Time since last request: 0.001655 seconds.
  path: Assets/WallControl.cs
  artifactKey: Guid(f09c9d6c8ba7c4448b7ecb849ee194ed) Importer(815301076,1909f56bfc062723c751e8b465ee728b)
Start importing Assets/WallControl.cs using Guid(f09c9d6c8ba7c4448b7ecb849ee194ed) Importer(815301076,1909f56bfc062723c751e8b465ee728b)  -> (artifact id: '425280fab37532ef99e8bbe123bc5bea') in 0.002277 seconds
  Import took 0.004263 seconds .

========================================================================
Received Import Request.
  Time since last request: 1.569911 seconds.
  path: Assets/ObstacleControl.cs
  artifactKey: Guid(4eb2563dae476ca4a8861586378eee3a) Importer(815301076,1909f56bfc062723c751e8b465ee728b)
Start importing Assets/ObstacleControl.cs using Guid(4eb2563dae476ca4a8861586378eee3a) Importer(815301076,1909f56bfc062723c751e8b465ee728b)  -> (artifact id: 'acbdd2507a0752f748a2b039732b4c17') in 0.005326 seconds
  Import took 0.007538 seconds .

========================================================================
Received Import Request.
  Time since last request: 0.000630 seconds.
  path: Assets/ObstacleControl.cs
  artifactKey: Guid(4eb2563dae476ca4a8861586378eee3a) Importer(815301076,1909f56bfc062723c751e8b465ee728b)
Start importing Assets/ObstacleControl.cs using Guid(4eb2563dae476ca4a8861586378eee3a) Importer(815301076,1909f56bfc062723c751e8b465ee728b)  -> (artifact id: 'acbdd2507a0752f748a2b039732b4c17') in 0.002292 seconds
  Import took 0.004744 seconds .

========================================================================
Received Prepare
Registering precompiled user dll's ...
Registered in 0.002753 seconds.
Begin MonoManager ReloadAssembly
Native extension for Lumin target not found
Native extension for WindowsStandalone target not found
Native extension for WebGL target not found
Refreshing native plugins compatible for Editor in 0.34 ms, found 2 plugins.
Preloading 0 native plugins for Editor in 0.00 ms.
Mono: successfully reloaded assembly
- Completed reload, in  0.852 seconds
Platform modules already initialized, skipping
Refreshing native plugins compatible for Editor in 0.32 ms, found 2 plugins.
Preloading 0 native plugins for Editor in 0.00 ms.
Unloading 1466 Unused Serialized files (Serialized files now loaded: 0)
System memory in use before: 73.3 MB.
System memory in use after: 73.4 MB.

Unloading 14 unused Assets to reduce memory usage. Loaded Objects now: 2009.
Total: 1.633900 ms (FindLiveObjects: 0.134800 ms CreateObjectMapping: 0.044500 ms MarkObjects: 1.333100 ms  DeleteObjects: 0.120800 ms)

========================================================================
Received Import Request.
  Time since last request: 6.820731 seconds.
  path: Assets/Scenes/Level1.unity
  artifactKey: Guid(9fc0d4010bbf28b4594072e72b8655ab) Importer(815301076,1909f56bfc062723c751e8b465ee728b)
Start importing Assets/Scenes/Level1.unity using Guid(9fc0d4010bbf28b4594072e72b8655ab) Importer(815301076,1909f56bfc062723c751e8b465ee728b)  -> (artifact id: 'afa33afa2b2f553ff4ac645f9e86482b') in 0.039224 seconds
  Import took 0.041614 seconds .

========================================================================
Received Import Request.
  Time since last request: 0.973876 seconds.
  path: Assets/Scenes/Level1 1.unity
  artifactKey: Guid(67df64a85e7ac8943ad28a1ef9f35ee1) Importer(815301076,1909f56bfc062723c751e8b465ee728b)
Start importing Assets/Scenes/Level1 1.unity using Guid(67df64a85e7ac8943ad28a1ef9f35ee1) Importer(815301076,1909f56bfc062723c751e8b465ee728b)  -> (artifact id: '3746b3167019bccbc1e6a7c65e70831d') in 0.006286 seconds
  Import took 0.008624 seconds .

========================================================================
Received Import Request.
  Time since last request: 5.929839 seconds.
  path: Assets/Scenes/Level2.unity
  artifactKey: Guid(67df64a85e7ac8943ad28a1ef9f35ee1) Importer(815301076,1909f56bfc062723c751e8b465ee728b)
Start importing Assets/Scenes/Level2.unity using Guid(67df64a85e7ac8943ad28a1ef9f35ee1) Importer(815301076,1909f56bfc062723c751e8b465ee728b)  -> (artifact id: '027ac7d7021a4b92a1e4754a489b01d7') in 0.006515 seconds
  Import took 0.009105 seconds .

========================================================================
Received Import Request.
  Time since last request: 674.846990 seconds.
  path: Assets/Scenes/MainMenu.unity
  artifactKey: Guid(076faa355385ee2469ee632955c4ea0f) Importer(815301076,1909f56bfc062723c751e8b465ee728b)
Start importing Assets/Scenes/MainMenu.unity using Guid(076faa355385ee2469ee632955c4ea0f) Importer(815301076,1909f56bfc062723c751e8b465ee728b)  -> (artifact id: '99f6430ebf90f1bcf678752651a45eef') in 0.006423 seconds
  Import took 0.008848 seconds .

========================================================================
Received Import Request.
  Time since last request: 156.437224 seconds.
  path: Assets/Scenes/Level1.unity
  artifactKey: Guid(9fc0d4010bbf28b4594072e72b8655ab) Importer(815301076,1909f56bfc062723c751e8b465ee728b)
Start importing Assets/Scenes/Level1.unity using Guid(9fc0d4010bbf28b4594072e72b8655ab) Importer(815301076,1909f56bfc062723c751e8b465ee728b)  -> (artifact id: '0d90d0605e38469f5b4dabb99cc1e226') in 0.003300 seconds
  Import took 0.012829 seconds .

========================================================================
Received Prepare
Registering precompiled user dll's ...
Registered in 0.002833 seconds.
Begin MonoManager ReloadAssembly
Native extension for Lumin target not found
Native extension for WindowsStandalone target not found
Native extension for WebGL target not found
Refreshing native plugins compatible for Editor in 0.29 ms, found 2 plugins.
Preloading 0 native plugins for Editor in 0.00 ms.
Mono: successfully reloaded assembly
- Completed reload, in  0.801 seconds
Platform modules already initialized, skipping
Refreshing native plugins compatible for Editor in 0.30 ms, found 2 plugins.
Preloading 0 native plugins for Editor in 0.00 ms.
Unloading 1466 Unused Serialized files (Serialized files now loaded: 0)
System memory in use before: 73.3 MB.
System memory in use after: 73.4 MB.

Unloading 14 unused Assets to reduce memory usage. Loaded Objects now: 2012.
Total: 1.588300 ms (FindLiveObjects: 0.133800 ms CreateObjectMapping: 0.042600 ms MarkObjects: 1.367400 ms  DeleteObjects: 0.043800 ms)

========================================================================
Received Import Request.
  Time since last request: 14.087516 seconds.
  path: Assets/Scenes/Level1.unity
  artifactKey: Guid(9fc0d4010bbf28b4594072e72b8655ab) Importer(815301076,1909f56bfc062723c751e8b465ee728b)
Start importing Assets/Scenes/Level1.unity using Guid(9fc0d4010bbf28b4594072e72b8655ab) Importer(815301076,1909f56bfc062723c751e8b465ee728b)  -> (artifact id: 'fa84da2b8be2ab7d0f2821ebe50fa731') in 0.011193 seconds
  Import took 0.013312 seconds .

========================================================================
Received Import Request.
  Time since last request: 1.126487 seconds.
  path: Assets/Scenes/Level2.unity
  artifactKey: Guid(67df64a85e7ac8943ad28a1ef9f35ee1) Importer(815301076,1909f56bfc062723c751e8b465ee728b)
Start importing Assets/Scenes/Level2.unity using Guid(67df64a85e7ac8943ad28a1ef9f35ee1) Importer(815301076,1909f56bfc062723c751e8b465ee728b)  -> (artifact id: 'c23d5f56a85b6372bdf52952721cd321') in 0.003427 seconds
  Import took 0.005872 seconds .

========================================================================
Received Import Request.
  Time since last request: 0.004491 seconds.
  path: Assets/Scenes/Level2.unity
  artifactKey: Guid(67df64a85e7ac8943ad28a1ef9f35ee1) Importer(815301076,1909f56bfc062723c751e8b465ee728b)
Start importing Assets/Scenes/Level2.unity using Guid(67df64a85e7ac8943ad28a1ef9f35ee1) Importer(815301076,1909f56bfc062723c751e8b465ee728b)  -> (artifact id: 'c23d5f56a85b6372bdf52952721cd321') in 0.003167 seconds
  Import took 0.005491 seconds .

========================================================================
Received Prepare
Registering precompiled user dll's ...
Registered in 0.002715 seconds.
Begin MonoManager ReloadAssembly
Native extension for Lumin target not found
Native extension for WindowsStandalone target not found
Native extension for WebGL target not found
Refreshing native plugins compatible for Editor in 0.29 ms, found 2 plugins.
Preloading 0 native plugins for Editor in 0.00 ms.
Mono: successfully reloaded assembly
- Completed reload, in  0.806 seconds
Platform modules already initialized, skipping
Refreshing native plugins compatible for Editor in 0.30 ms, found 2 plugins.
Preloading 0 native plugins for Editor in 0.00 ms.
Unloading 1466 Unused Serialized files (Serialized files now loaded: 0)
System memory in use before: 73.4 MB.
System memory in use after: 73.4 MB.

Unloading 14 unused Assets to reduce memory usage. Loaded Objects now: 2015.
Total: 1.504200 ms (FindLiveObjects: 0.132000 ms CreateObjectMapping: 0.042500 ms MarkObjects: 1.283300 ms  DeleteObjects: 0.045500 ms)

========================================================================
Received Import Request.
  Time since last request: 160.391374 seconds.
  path: Assets/Scripts/CharacterControl.cs
  artifactKey: Guid(638105c0274264b49a58ada71de1bfb8) Importer(815301076,1909f56bfc062723c751e8b465ee728b)
Start importing Assets/Scripts/CharacterControl.cs using Guid(638105c0274264b49a58ada71de1bfb8) Importer(815301076,1909f56bfc062723c751e8b465ee728b)  -> (artifact id: 'cf46b8a0ed6c029cd76cac5806f2f699') in 0.007674 seconds
  Import took 0.010171 seconds .

========================================================================
Received Import Request.
  Time since last request: 0.025795 seconds.
  path: Assets/Scripts/CharacterControl.cs
  artifactKey: Guid(638105c0274264b49a58ada71de1bfb8) Importer(815301076,1909f56bfc062723c751e8b465ee728b)
Start importing Assets/Scripts/CharacterControl.cs using Guid(638105c0274264b49a58ada71de1bfb8) Importer(815301076,1909f56bfc062723c751e8b465ee728b)  -> (artifact id: 'cf46b8a0ed6c029cd76cac5806f2f699') in 0.002580 seconds
  Import took 0.005198 seconds .

========================================================================
Received Import Request.
  Time since last request: 10.364610 seconds.
  path: Assets/Scripts/OpponentControl.cs
  artifactKey: Guid(dfdc8a46c53a0dc48800af1890f64b0f) Importer(815301076,1909f56bfc062723c751e8b465ee728b)
Start importing Assets/Scripts/OpponentControl.cs using Guid(dfdc8a46c53a0dc48800af1890f64b0f) Importer(815301076,1909f56bfc062723c751e8b465ee728b)  -> (artifact id: '3b41966218cba4e4ce50489f07287bb1') in 0.007298 seconds
  Import took 0.010511 seconds .

========================================================================
Received Import Request.
  Time since last request: 0.000615 seconds.
  path: Assets/Scripts/OpponentControl.cs
  artifactKey: Guid(dfdc8a46c53a0dc48800af1890f64b0f) Importer(815301076,1909f56bfc062723c751e8b465ee728b)
Start importing Assets/Scripts/OpponentControl.cs using Guid(dfdc8a46c53a0dc48800af1890f64b0f) Importer(815301076,1909f56bfc062723c751e8b465ee728b)  -> (artifact id: '3b41966218cba4e4ce50489f07287bb1') in 0.003174 seconds
  Import took 0.006466 seconds .

========================================================================
Received Prepare
Registering precompiled user dll's ...
Registered in 0.002976 seconds.
Begin MonoManager ReloadAssembly
Native extension for Lumin target not found
Native extension for WindowsStandalone target not found
Native extension for WebGL target not found
Refreshing native plugins compatible for Editor in 0.35 ms, found 2 plugins.
Preloading 0 native plugins for Editor in 0.00 ms.
Mono: successfully reloaded assembly
- Completed reload, in  0.847 seconds
Platform modules already initialized, skipping
Refreshing native plugins compatible for Editor in 0.31 ms, found 2 plugins.
Preloading 0 native plugins for Editor in 0.00 ms.
Unloading 1466 Unused Serialized files (Serialized files now loaded: 0)
System memory in use before: 73.4 MB.
System memory in use after: 73.4 MB.

Unloading 14 unused Assets to reduce memory usage. Loaded Objects now: 2018.
Total: 1.528500 ms (FindLiveObjects: 0.137500 ms CreateObjectMapping: 0.043700 ms MarkObjects: 1.300800 ms  DeleteObjects: 0.045700 ms)

========================================================================
Received Import Request.
  Time since last request: 98.593377 seconds.
  path: Assets/Scripts/OpponentControl.cs
  artifactKey: Guid(dfdc8a46c53a0dc48800af1890f64b0f) Importer(815301076,1909f56bfc062723c751e8b465ee728b)
Start importing Assets/Scripts/OpponentControl.cs using Guid(dfdc8a46c53a0dc48800af1890f64b0f) Importer(815301076,1909f56bfc062723c751e8b465ee728b)  -> (artifact id: 'aa419bf3b5b7586e873fb9f406530f78') in 0.003710 seconds
  Import took 0.006165 seconds .

========================================================================
Received Import Request.
  Time since last request: 1.341732 seconds.
  path: Assets/Scripts/OpponentControl.cs
  artifactKey: Guid(dfdc8a46c53a0dc48800af1890f64b0f) Importer(815301076,1909f56bfc062723c751e8b465ee728b)
Start importing Assets/Scripts/OpponentControl.cs using Guid(dfdc8a46c53a0dc48800af1890f64b0f) Importer(815301076,1909f56bfc062723c751e8b465ee728b)  -> (artifact id: 'aa419bf3b5b7586e873fb9f406530f78') in 0.002680 seconds
  Import took 0.004831 seconds .

========================================================================
Received Prepare
Registering precompiled user dll's ...
Registered in 0.003839 seconds.
Begin MonoManager ReloadAssembly
Native extension for Lumin target not found
Native extension for WindowsStandalone target not found
Native extension for WebGL target not found
Refreshing native plugins compatible for Editor in 0.29 ms, found 2 plugins.
Preloading 0 native plugins for Editor in 0.00 ms.
Mono: successfully reloaded assembly
- Completed reload, in  0.790 seconds
Platform modules already initialized, skipping
Refreshing native plugins compatible for Editor in 0.30 ms, found 2 plugins.
Preloading 0 native plugins for Editor in 0.00 ms.
Unloading 1466 Unused Serialized files (Serialized files now loaded: 0)
System memory in use before: 73.4 MB.
System memory in use after: 73.5 MB.

Unloading 14 unused Assets to reduce memory usage. Loaded Objects now: 2021.
Total: 1.558200 ms (FindLiveObjects: 0.131600 ms CreateObjectMapping: 0.041000 ms MarkObjects: 1.343100 ms  DeleteObjects: 0.041700 ms)

========================================================================
Received Prepare
Registering precompiled user dll's ...
Registered in 0.002934 seconds.
Begin MonoManager ReloadAssembly
Native extension for Lumin target not found
Native extension for WindowsStandalone target not found
Native extension for WebGL target not found
Refreshing native plugins compatible for Editor in 0.29 ms, found 2 plugins.
Preloading 0 native plugins for Editor in 0.00 ms.
Mono: successfully reloaded assembly
- Completed reload, in  0.820 seconds
Platform modules already initialized, skipping
Refreshing native plugins compatible for Editor in 0.31 ms, found 2 plugins.
Preloading 0 native plugins for Editor in 0.00 ms.
Unloading 1466 Unused Serialized files (Serialized files now loaded: 0)
System memory in use before: 73.4 MB.
System memory in use after: 73.5 MB.

Unloading 14 unused Assets to reduce memory usage. Loaded Objects now: 2024.
Total: 1.571800 ms (FindLiveObjects: 0.124300 ms CreateObjectMapping: 0.042700 ms MarkObjects: 1.360200 ms  DeleteObjects: 0.044000 ms)

========================================================================
Received Import Request.
  Time since last request: 153.226856 seconds.
  path: Assets/Scripts/OpponentControl.cs
  artifactKey: Guid(dfdc8a46c53a0dc48800af1890f64b0f) Importer(815301076,1909f56bfc062723c751e8b465ee728b)
Start importing Assets/Scripts/OpponentControl.cs using Guid(dfdc8a46c53a0dc48800af1890f64b0f) Importer(815301076,1909f56bfc062723c751e8b465ee728b)  -> (artifact id: 'abd98ab49aa5c7c49f866490ed55d3db') in 0.003759 seconds
  Import took 0.005732 seconds .

========================================================================
Received Prepare
Refreshing native plugins compatible for Editor in 2.35 ms, found 2 plugins.
Preloading 0 native plugins for Editor in 0.00 ms.
Unloading 12 Unused Serialized files (Serialized files now loaded: 0)
System memory in use before: 44.6 MB.
System memory in use after: 44.7 MB.

Unloading 12 unused Assets to reduce memory usage. Loaded Objects now: 2024.
Total: 1.578900 ms (FindLiveObjects: 0.140700 ms CreateObjectMapping: 0.040200 ms MarkObjects: 1.352700 ms  DeleteObjects: 0.044700 ms)

========================================================================
Received Import Request.
  Time since last request: 420.083619 seconds.
  path: Assets/Scripts/CharacterControl.cs
  artifactKey: Guid(638105c0274264b49a58ada71de1bfb8) Importer(815301076,1909f56bfc062723c751e8b465ee728b)
Start importing Assets/Scripts/CharacterControl.cs using Guid(638105c0274264b49a58ada71de1bfb8) Importer(815301076,1909f56bfc062723c751e8b465ee728b)  -> (artifact id: '64c101e2e562179902f3b9fa4a68df30') in 0.002548 seconds
  Import took 0.005624 seconds .

========================================================================
Received Import Request.
  Time since last request: 0.004671 seconds.
  path: Assets/Scripts/CharacterControl.cs
  artifactKey: Guid(638105c0274264b49a58ada71de1bfb8) Importer(815301076,1909f56bfc062723c751e8b465ee728b)
Start importing Assets/Scripts/CharacterControl.cs using Guid(638105c0274264b49a58ada71de1bfb8) Importer(815301076,1909f56bfc062723c751e8b465ee728b)  -> (artifact id: '64c101e2e562179902f3b9fa4a68df30') in 0.002114 seconds
  Import took 0.004483 seconds .

========================================================================
Received Prepare
Registering precompiled user dll's ...
Registered in 0.002986 seconds.
Begin MonoManager ReloadAssembly
Native extension for Lumin target not found
Native extension for WindowsStandalone target not found
Native extension for WebGL target not found
Refreshing native plugins compatible for Editor in 0.29 ms, found 2 plugins.
Preloading 0 native plugins for Editor in 0.00 ms.
Mono: successfully reloaded assembly
- Completed reload, in  0.809 seconds
Platform modules already initialized, skipping
Refreshing native plugins compatible for Editor in 0.30 ms, found 2 plugins.
Preloading 0 native plugins for Editor in 0.00 ms.
Unloading 1466 Unused Serialized files (Serialized files now loaded: 0)
System memory in use before: 73.4 MB.
System memory in use after: 73.5 MB.

Unloading 14 unused Assets to reduce memory usage. Loaded Objects now: 2027.
Total: 1.534400 ms (FindLiveObjects: 0.126000 ms CreateObjectMapping: 0.038900 ms MarkObjects: 1.325000 ms  DeleteObjects: 0.043800 ms)

========================================================================
Received Import Request.
  Time since last request: 89.866076 seconds.
  path: Assets/Scripts/CharacterControl.cs
  artifactKey: Guid(638105c0274264b49a58ada71de1bfb8) Importer(815301076,1909f56bfc062723c751e8b465ee728b)
Start importing Assets/Scripts/CharacterControl.cs using Guid(638105c0274264b49a58ada71de1bfb8) Importer(815301076,1909f56bfc062723c751e8b465ee728b)  -> (artifact id: '483d5db29d5cb9de9d7d1b7e4fb96b3a') in 0.003912 seconds
  Import took 0.005878 seconds .

========================================================================
Received Prepare
Refreshing native plugins compatible for Editor in 2.70 ms, found 2 plugins.
Preloading 0 native plugins for Editor in 0.00 ms.
Unloading 12 Unused Serialized files (Serialized files now loaded: 0)
System memory in use before: 44.6 MB.
System memory in use after: 44.7 MB.

Unloading 12 unused Assets to reduce memory usage. Loaded Objects now: 2027.
Total: 2.015200 ms (FindLiveObjects: 0.164600 ms CreateObjectMapping: 0.048200 ms MarkObjects: 1.748700 ms  DeleteObjects: 0.052400 ms)

AssetImportWorkerClient::OnTransportError - code=2 error=End of file
